{"meta": {"format": 3, "version": "7.8.0", "timestamp": "2025-10-09T20:42:27.857745", "branch_coverage": false, "show_contexts": false}, "files": {"backend/src/basis_strategy_v1/__init__.py": {"executed_lines": [0], "summary": {"covered_lines": 0, "num_statements": 0, "percent_covered": 100.0, "percent_covered_display": "100", "missing_lines": 0, "excluded_lines": 0}, "missing_lines": [], "excluded_lines": [], "functions": {"": {"executed_lines": [], "summary": {"covered_lines": 0, "num_statements": 0, "percent_covered": 100.0, "percent_covered_display": "100", "missing_lines": 0, "excluded_lines": 0}, "missing_lines": [], "excluded_lines": []}}, "classes": {"": {"executed_lines": [], "summary": {"covered_lines": 0, "num_statements": 0, "percent_covered": 100.0, "percent_covered_display": "100", "missing_lines": 0, "excluded_lines": 0}, "missing_lines": [], "excluded_lines": []}}}, "backend/src/basis_strategy_v1/__version__.py": {"executed_lines": [], "summary": {"covered_lines": 0, "num_statements": 4, "percent_covered": 0.0, "percent_covered_display": "0", "missing_lines": 4, "excluded_lines": 0}, "missing_lines": [3, 4, 5, 6], "excluded_lines": [], "functions": {"": {"executed_lines": [], "summary": {"covered_lines": 0, "num_statements": 4, "percent_covered": 0.0, "percent_covered_display": "0", "missing_lines": 4, "excluded_lines": 0}, "missing_lines": [3, 4, 5, 6], "excluded_lines": []}}, "classes": {"": {"executed_lines": [], "summary": {"covered_lines": 0, "num_statements": 4, "percent_covered": 0.0, "percent_covered_display": "0", "missing_lines": 4, "excluded_lines": 0}, "missing_lines": [3, 4, 5, 6], "excluded_lines": []}}}, "backend/src/basis_strategy_v1/api/__init__.py": {"executed_lines": [1, 7], "summary": {"covered_lines": 1, "num_statements": 2, "percent_covered": 50.0, "percent_covered_display": "50", "missing_lines": 1, "excluded_lines": 0}, "missing_lines": [9], "excluded_lines": [], "functions": {"": {"executed_lines": [1, 7], "summary": {"covered_lines": 1, "num_statements": 2, "percent_covered": 50.0, "percent_covered_display": "50", "missing_lines": 1, "excluded_lines": 0}, "missing_lines": [9], "excluded_lines": []}}, "classes": {"": {"executed_lines": [1, 7], "summary": {"covered_lines": 1, "num_statements": 2, "percent_covered": 50.0, "percent_covered_display": "50", "missing_lines": 1, "excluded_lines": 0}, "missing_lines": [9], "excluded_lines": []}}}, "backend/src/basis_strategy_v1/api/dependencies.py": {"executed_lines": [1, 7, 8, 9, 10, 11, 13, 14, 15, 17, 23, 24, 25, 28, 29, 57, 58, 81, 152, 169, 170, 184, 185, 201, 202, 254, 318, 319, 321, 329, 332, 335, 344, 364, 368, 369, 371, 377, 380, 392, 404, 409, 410, 412, 415, 434, 435, 437, 442, 449, 454, 458, 462, 470, 471, 473, 478, 489, 506, 517, 526, 542, 546, 564, 579, 580, 582, 587, 591, 606], "summary": {"covered_lines": 62, "num_statements": 256, "percent_covered": 24.21875, "percent_covered_display": "24", "missing_lines": 194, "excluded_lines": 0}, "missing_lines": [36, 38, 41, 43, 44, 49, 65, 67, 70, 72, 73, 78, 96, 97, 99, 100, 101, 102, 103, 105, 106, 107, 108, 111, 113, 114, 117, 118, 119, 121, 122, 125, 126, 128, 131, 142, 143, 145, 147, 148, 149, 154, 157, 159, 160, 165, 172, 174, 175, 177, 178, 181, 187, 189, 190, 192, 193, 194, 208, 209, 212, 214, 216, 217, 218, 220, 222, 223, 224, 225, 226, 231, 233, 234, 235, 236, 239, 243, 245, 247, 248, 251, 258, 259, 261, 262, 263, 264, 266, 268, 269, 270, 271, 272, 273, 275, 276, 277, 281, 283, 284, 285, 286, 288, 290, 291, 292, 293, 294, 297, 304, 306, 307, 310, 323, 324, 325, 326, 327, 330, 333, 336, 337, 342, 345, 346, 362, 365, 372, 373, 374, 375, 378, 382, 390, 398, 399, 401, 402, 406, 413, 417, 418, 421, 422, 423, 426, 438, 439, 440, 444, 445, 446, 447, 451, 452, 456, 460, 464, 465, 466, 467, 474, 475, 476, 480, 491, 494, 504, 508, 509, 510, 511, 512, 513, 514, 515, 519, 520, 521, 522, 524, 528, 529, 540, 544, 548, 566, 583, 584, 585, 589, 593, 608], "excluded_lines": [], "functions": {"get_backtest_service": {"executed_lines": [], "summary": {"covered_lines": 0, "num_statements": 6, "percent_covered": 0.0, "percent_covered_display": "0", "missing_lines": 6, "excluded_lines": 0}, "missing_lines": [36, 38, 41, 43, 44, 49], "excluded_lines": []}, "get_live_trading_service": {"executed_lines": [], "summary": {"covered_lines": 0, "num_statements": 6, "percent_covered": 0.0, "percent_covered_display": "0", "missing_lines": 6, "excluded_lines": 0}, "missing_lines": [65, 67, 70, 72, 73, 78], "excluded_lines": []}, "get_data_provider": {"executed_lines": [], "summary": {"covered_lines": 0, "num_statements": 29, "percent_covered": 0.0, "percent_covered_display": "0", "missing_lines": 29, "excluded_lines": 0}, "missing_lines": [96, 97, 99, 100, 101, 102, 103, 105, 106, 107, 108, 111, 113, 114, 117, 118, 119, 121, 122, 125, 126, 128, 131, 142, 143, 145, 147, 148, 149], "excluded_lines": []}, "get_execution_engine": {"executed_lines": [], "summary": {"covered_lines": 0, "num_statements": 5, "percent_covered": 0.0, "percent_covered_display": "0", "missing_lines": 5, "excluded_lines": 0}, "missing_lines": [154, 157, 159, 160, 165], "excluded_lines": []}, "get_metrics_calculator": {"executed_lines": [], "summary": {"covered_lines": 0, "num_statements": 6, "percent_covered": 0.0, "percent_covered_display": "0", "missing_lines": 6, "excluded_lines": 0}, "missing_lines": [172, 174, 175, 177, 178, 181], "excluded_lines": []}, "get_result_store": {"executed_lines": [], "summary": {"covered_lines": 0, "num_statements": 6, "percent_covered": 0.0, "percent_covered_display": "0", "missing_lines": 6, "excluded_lines": 0}, "missing_lines": [187, 189, 190, 192, 193, 194], "excluded_lines": []}, "get_health_checker": {"executed_lines": [], "summary": {"covered_lines": 0, "num_statements": 9, "percent_covered": 0.0, "percent_covered_display": "0", "missing_lines": 9, "excluded_lines": 0}, "missing_lines": [208, 209, 212, 214, 243, 245, 247, 248, 251], "excluded_lines": []}, "get_health_checker._get_dependencies": {"executed_lines": [], "summary": {"covered_lines": 0, "num_statements": 15, "percent_covered": 0.0, "percent_covered_display": "0", "missing_lines": 15, "excluded_lines": 0}, "missing_lines": [216, 217, 218, 220, 222, 223, 224, 225, 226, 231, 233, 234, 235, 236, 239], "excluded_lines": []}, "get_unified_health_manager": {"executed_lines": [], "summary": {"covered_lines": 0, "num_statements": 32, "percent_covered": 0.0, "percent_covered_display": "0", "missing_lines": 32, "excluded_lines": 0}, "missing_lines": [258, 259, 261, 262, 263, 264, 266, 268, 269, 270, 271, 272, 273, 275, 276, 277, 281, 283, 284, 285, 286, 288, 290, 291, 292, 293, 294, 297, 304, 306, 307, 310], "excluded_lines": []}, "StubBacktestService.__init__": {"executed_lines": [], "summary": {"covered_lines": 0, "num_statements": 5, "percent_covered": 0.0, "percent_covered_display": "0", "missing_lines": 5, "excluded_lines": 0}, "missing_lines": [323, 324, 325, 326, 327], "excluded_lines": []}, "StubBacktestService.create_request": {"executed_lines": [], "summary": {"covered_lines": 0, "num_statements": 1, "percent_covered": 0.0, "percent_covered_display": "0", "missing_lines": 1, "excluded_lines": 0}, "missing_lines": [330], "excluded_lines": []}, "StubBacktestService.run_backtest": {"executed_lines": [], "summary": {"covered_lines": 0, "num_statements": 1, "percent_covered": 0.0, "percent_covered_display": "0", "missing_lines": 1, "excluded_lines": 0}, "missing_lines": [333], "excluded_lines": []}, "StubBacktestService.get_status": {"executed_lines": [], "summary": {"covered_lines": 0, "num_statements": 3, "percent_covered": 0.0, "percent_covered_display": "0", "missing_lines": 3, "excluded_lines": 0}, "missing_lines": [336, 337, 342], "excluded_lines": []}, "StubBacktestService.get_result": {"executed_lines": [], "summary": {"covered_lines": 0, "num_statements": 3, "percent_covered": 0.0, "percent_covered_display": "0", "missing_lines": 3, "excluded_lines": 0}, "missing_lines": [345, 346, 362], "excluded_lines": []}, "StubBacktestService.cancel_backtest": {"executed_lines": [], "summary": {"covered_lines": 0, "num_statements": 1, "percent_covered": 0.0, "percent_covered_display": "0", "missing_lines": 1, "excluded_lines": 0}, "missing_lines": [365], "excluded_lines": []}, "StubDataProvider.__init__": {"executed_lines": [], "summary": {"covered_lines": 0, "num_statements": 4, "percent_covered": 0.0, "percent_covered_display": "0", "missing_lines": 4, "excluded_lines": 0}, "missing_lines": [372, 373, 374, 375], "excluded_lines": []}, "StubDataProvider.load_data": {"executed_lines": [], "summary": {"covered_lines": 0, "num_statements": 1, "percent_covered": 0.0, "percent_covered_display": "0", "missing_lines": 1, "excluded_lines": 0}, "missing_lines": [378], "excluded_lines": []}, "StubDataProvider.get_price": {"executed_lines": [], "summary": {"covered_lines": 0, "num_statements": 2, "percent_covered": 0.0, "percent_covered_display": "0", "missing_lines": 2, "excluded_lines": 0}, "missing_lines": [382, 390], "excluded_lines": []}, "StubDataProvider.get_lending_rate": {"executed_lines": [], "summary": {"covered_lines": 0, "num_statements": 4, "percent_covered": 0.0, "percent_covered_display": "0", "missing_lines": 4, "excluded_lines": 0}, "missing_lines": [398, 399, 401, 402], "excluded_lines": []}, "StubDataProvider.get_staking_yield": {"executed_lines": [], "summary": {"covered_lines": 0, "num_statements": 1, "percent_covered": 0.0, "percent_covered_display": "0", "missing_lines": 1, "excluded_lines": 0}, "missing_lines": [406], "excluded_lines": []}, "StubMetricsCalculator.__init__": {"executed_lines": [], "summary": {"covered_lines": 0, "num_statements": 1, "percent_covered": 0.0, "percent_covered_display": "0", "missing_lines": 1, "excluded_lines": 0}, "missing_lines": [413], "excluded_lines": []}, "StubMetricsCalculator.calculate_metrics": {"executed_lines": [], "summary": {"covered_lines": 0, "num_statements": 6, "percent_covered": 0.0, "percent_covered_display": "0", "missing_lines": 6, "excluded_lines": 0}, "missing_lines": [417, 418, 421, 422, 423, 426], "excluded_lines": []}, "StubResultStore.__init__": {"executed_lines": [], "summary": {"covered_lines": 0, "num_statements": 3, "percent_covered": 0.0, "percent_covered_display": "0", "missing_lines": 3, "excluded_lines": 0}, "missing_lines": [438, 439, 440], "excluded_lines": []}, "StubResultStore.save_result": {"executed_lines": [], "summary": {"covered_lines": 0, "num_statements": 4, "percent_covered": 0.0, "percent_covered_display": "0", "missing_lines": 4, "excluded_lines": 0}, "missing_lines": [444, 445, 446, 447], "excluded_lines": []}, "StubResultStore.save": {"executed_lines": [], "summary": {"covered_lines": 0, "num_statements": 2, "percent_covered": 0.0, "percent_covered_display": "0", "missing_lines": 2, "excluded_lines": 0}, "missing_lines": [451, 452], "excluded_lines": []}, "StubResultStore.get_result": {"executed_lines": [], "summary": {"covered_lines": 0, "num_statements": 1, "percent_covered": 0.0, "percent_covered_display": "0", "missing_lines": 1, "excluded_lines": 0}, "missing_lines": [456], "excluded_lines": []}, "StubResultStore.list_results": {"executed_lines": [], "summary": {"covered_lines": 0, "num_statements": 1, "percent_covered": 0.0, "percent_covered_display": "0", "missing_lines": 1, "excluded_lines": 0}, "missing_lines": [460], "excluded_lines": []}, "StubResultStore.delete_result": {"executed_lines": [], "summary": {"covered_lines": 0, "num_statements": 4, "percent_covered": 0.0, "percent_covered_display": "0", "missing_lines": 4, "excluded_lines": 0}, "missing_lines": [464, 465, 466, 467], "excluded_lines": []}, "StubLiveTradingService.__init__": {"executed_lines": [], "summary": {"covered_lines": 0, "num_statements": 3, "percent_covered": 0.0, "percent_covered_display": "0", "missing_lines": 3, "excluded_lines": 0}, "missing_lines": [474, 475, 476], "excluded_lines": []}, "StubLiveTradingService.create_request": {"executed_lines": [], "summary": {"covered_lines": 0, "num_statements": 1, "percent_covered": 0.0, "percent_covered_display": "0", "missing_lines": 1, "excluded_lines": 0}, "missing_lines": [480], "excluded_lines": []}, "StubLiveTradingService.start_live_trading": {"executed_lines": [], "summary": {"covered_lines": 0, "num_statements": 3, "percent_covered": 0.0, "percent_covered_display": "0", "missing_lines": 3, "excluded_lines": 0}, "missing_lines": [491, 494, 504], "excluded_lines": []}, "StubLiveTradingService.stop_live_trading": {"executed_lines": [], "summary": {"covered_lines": 0, "num_statements": 8, "percent_covered": 0.0, "percent_covered_display": "0", "missing_lines": 8, "excluded_lines": 0}, "missing_lines": [508, 509, 510, 511, 512, 513, 514, 515], "excluded_lines": []}, "StubLiveTradingService.get_status": {"executed_lines": [], "summary": {"covered_lines": 0, "num_statements": 5, "percent_covered": 0.0, "percent_covered_display": "0", "missing_lines": 5, "excluded_lines": 0}, "missing_lines": [519, 520, 521, 522, 524], "excluded_lines": []}, "StubLiveTradingService.get_performance_metrics": {"executed_lines": [], "summary": {"covered_lines": 0, "num_statements": 3, "percent_covered": 0.0, "percent_covered_display": "0", "missing_lines": 3, "excluded_lines": 0}, "missing_lines": [528, 529, 540], "excluded_lines": []}, "StubLiveTradingService.emergency_stop": {"executed_lines": [], "summary": {"covered_lines": 0, "num_statements": 1, "percent_covered": 0.0, "percent_covered_display": "0", "missing_lines": 1, "excluded_lines": 0}, "missing_lines": [544], "excluded_lines": []}, "StubLiveTradingService.health_check": {"executed_lines": [], "summary": {"covered_lines": 0, "num_statements": 1, "percent_covered": 0.0, "percent_covered_display": "0", "missing_lines": 1, "excluded_lines": 0}, "missing_lines": [548], "excluded_lines": []}, "StubLiveTradingService.get_all_running_strategies": {"executed_lines": [], "summary": {"covered_lines": 0, "num_statements": 1, "percent_covered": 0.0, "percent_covered_display": "0", "missing_lines": 1, "excluded_lines": 0}, "missing_lines": [566], "excluded_lines": []}, "StubUnifiedHealthManager.__init__": {"executed_lines": [], "summary": {"covered_lines": 0, "num_statements": 3, "percent_covered": 0.0, "percent_covered_display": "0", "missing_lines": 3, "excluded_lines": 0}, "missing_lines": [583, 584, 585], "excluded_lines": []}, "StubUnifiedHealthManager.set_infrastructure_dependencies": {"executed_lines": [], "summary": {"covered_lines": 0, "num_statements": 1, "percent_covered": 0.0, "percent_covered_display": "0", "missing_lines": 1, "excluded_lines": 0}, "missing_lines": [589], "excluded_lines": []}, "StubUnifiedHealthManager.check_basic_health": {"executed_lines": [], "summary": {"covered_lines": 0, "num_statements": 1, "percent_covered": 0.0, "percent_covered_display": "0", "missing_lines": 1, "excluded_lines": 0}, "missing_lines": [593], "excluded_lines": []}, "StubUnifiedHealthManager.check_detailed_health": {"executed_lines": [], "summary": {"covered_lines": 0, "num_statements": 1, "percent_covered": 0.0, "percent_covered_display": "0", "missing_lines": 1, "excluded_lines": 0}, "missing_lines": [608], "excluded_lines": []}, "": {"executed_lines": [1, 7, 8, 9, 10, 11, 13, 14, 15, 17, 23, 24, 25, 28, 29, 57, 58, 81, 152, 169, 170, 184, 185, 201, 202, 254, 318, 319, 321, 329, 332, 335, 344, 364, 368, 369, 371, 377, 380, 392, 404, 409, 410, 412, 415, 434, 435, 437, 442, 449, 454, 458, 462, 470, 471, 473, 478, 489, 506, 517, 526, 542, 546, 564, 579, 580, 582, 587, 591, 606], "summary": {"covered_lines": 62, "num_statements": 62, "percent_covered": 100.0, "percent_covered_display": "100", "missing_lines": 0, "excluded_lines": 0}, "missing_lines": [], "excluded_lines": []}}, "classes": {"DependencyError": {"executed_lines": [], "summary": {"covered_lines": 0, "num_statements": 0, "percent_covered": 100.0, "percent_covered_display": "100", "missing_lines": 0, "excluded_lines": 0}, "missing_lines": [], "excluded_lines": []}, "StubBacktestService": {"executed_lines": [], "summary": {"covered_lines": 0, "num_statements": 14, "percent_covered": 0.0, "percent_covered_display": "0", "missing_lines": 14, "excluded_lines": 0}, "missing_lines": [323, 324, 325, 326, 327, 330, 333, 336, 337, 342, 345, 346, 362, 365], "excluded_lines": []}, "StubDataProvider": {"executed_lines": [], "summary": {"covered_lines": 0, "num_statements": 12, "percent_covered": 0.0, "percent_covered_display": "0", "missing_lines": 12, "excluded_lines": 0}, "missing_lines": [372, 373, 374, 375, 378, 382, 390, 398, 399, 401, 402, 406], "excluded_lines": []}, "StubMetricsCalculator": {"executed_lines": [], "summary": {"covered_lines": 0, "num_statements": 7, "percent_covered": 0.0, "percent_covered_display": "0", "missing_lines": 7, "excluded_lines": 0}, "missing_lines": [413, 417, 418, 421, 422, 423, 426], "excluded_lines": []}, "StubResultStore": {"executed_lines": [], "summary": {"covered_lines": 0, "num_statements": 15, "percent_covered": 0.0, "percent_covered_display": "0", "missing_lines": 15, "excluded_lines": 0}, "missing_lines": [438, 439, 440, 444, 445, 446, 447, 451, 452, 456, 460, 464, 465, 466, 467], "excluded_lines": []}, "StubLiveTradingService": {"executed_lines": [], "summary": {"covered_lines": 0, "num_statements": 26, "percent_covered": 0.0, "percent_covered_display": "0", "missing_lines": 26, "excluded_lines": 0}, "missing_lines": [474, 475, 476, 480, 491, 494, 504, 508, 509, 510, 511, 512, 513, 514, 515, 519, 520, 521, 522, 524, 528, 529, 540, 544, 548, 566], "excluded_lines": []}, "StubUnifiedHealthManager": {"executed_lines": [], "summary": {"covered_lines": 0, "num_statements": 6, "percent_covered": 0.0, "percent_covered_display": "0", "missing_lines": 6, "excluded_lines": 0}, "missing_lines": [583, 584, 585, 589, 593, 608], "excluded_lines": []}, "": {"executed_lines": [1, 7, 8, 9, 10, 11, 13, 14, 15, 17, 23, 24, 25, 28, 29, 57, 58, 81, 152, 169, 170, 184, 185, 201, 202, 254, 318, 319, 321, 329, 332, 335, 344, 364, 368, 369, 371, 377, 380, 392, 404, 409, 410, 412, 415, 434, 435, 437, 442, 449, 454, 458, 462, 470, 471, 473, 478, 489, 506, 517, 526, 542, 546, 564, 579, 580, 582, 587, 591, 606], "summary": {"covered_lines": 62, "num_statements": 176, "percent_covered": 35.22727272727273, "percent_covered_display": "35", "missing_lines": 114, "excluded_lines": 0}, "missing_lines": [36, 38, 41, 43, 44, 49, 65, 67, 70, 72, 73, 78, 96, 97, 99, 100, 101, 102, 103, 105, 106, 107, 108, 111, 113, 114, 117, 118, 119, 121, 122, 125, 126, 128, 131, 142, 143, 145, 147, 148, 149, 154, 157, 159, 160, 165, 172, 174, 175, 177, 178, 181, 187, 189, 190, 192, 193, 194, 208, 209, 212, 214, 216, 217, 218, 220, 222, 223, 224, 225, 226, 231, 233, 234, 235, 236, 239, 243, 245, 247, 248, 251, 258, 259, 261, 262, 263, 264, 266, 268, 269, 270, 271, 272, 273, 275, 276, 277, 281, 283, 284, 285, 286, 288, 290, 291, 292, 293, 294, 297, 304, 306, 307, 310], "excluded_lines": []}}}, "backend/src/basis_strategy_v1/api/main.py": {"executed_lines": [1, 7, 8, 9, 10, 11, 12, 13, 14, 16], "summary": {"covered_lines": 9, "num_statements": 91, "percent_covered": 9.89010989010989, "percent_covered_display": "10", "missing_lines": 82, "excluded_lines": 0}, "missing_lines": [17, 18, 19, 20, 21, 22, 23, 26, 40, 55, 56, 57, 58, 60, 61, 62, 63, 64, 66, 69, 72, 73, 79, 80, 83, 84, 85, 86, 87, 89, 96, 104, 106, 107, 110, 111, 112, 113, 117, 119, 121, 122, 124, 126, 128, 131, 135, 146, 147, 148, 149, 151, 183, 192, 195, 200, 205, 210, 215, 220, 227, 228, 231, 232, 233, 235, 244, 246, 260, 261, 263, 264, 275, 279, 282, 285, 286, 287, 288, 290, 322, 323], "excluded_lines": [], "functions": {"validate_core_startup_config": {"executed_lines": [], "summary": {"covered_lines": 0, "num_statements": 11, "percent_covered": 0.0, "percent_covered_display": "0", "missing_lines": 11, "excluded_lines": 0}, "missing_lines": [40, 55, 56, 57, 58, 60, 61, 62, 63, 64, 66], "excluded_lines": []}, "lifespan": {"executed_lines": [], "summary": {"covered_lines": 0, "num_statements": 22, "percent_covered": 0.0, "percent_covered_display": "0", "missing_lines": 22, "excluded_lines": 0}, "missing_lines": [83, 84, 85, 86, 87, 89, 96, 104, 106, 107, 110, 111, 112, 113, 117, 119, 121, 122, 124, 126, 128, 131], "excluded_lines": []}, "create_application": {"executed_lines": [], "summary": {"covered_lines": 0, "num_statements": 20, "percent_covered": 0.0, "percent_covered_display": "0", "missing_lines": 20, "excluded_lines": 0}, "missing_lines": [146, 147, 148, 149, 151, 183, 192, 195, 200, 205, 210, 215, 220, 227, 228, 231, 232, 260, 261, 275], "excluded_lines": []}, "create_application.global_exception_handler": {"executed_lines": [], "summary": {"covered_lines": 0, "num_statements": 4, "percent_covered": 0.0, "percent_covered_display": "0", "missing_lines": 4, "excluded_lines": 0}, "missing_lines": [233, 235, 244, 246], "excluded_lines": []}, "create_application.root": {"executed_lines": [], "summary": {"covered_lines": 0, "num_statements": 2, "percent_covered": 0.0, "percent_covered_display": "0", "missing_lines": 2, "excluded_lines": 0}, "missing_lines": [263, 264], "excluded_lines": []}, "run": {"executed_lines": [], "summary": {"covered_lines": 0, "num_statements": 5, "percent_covered": 0.0, "percent_covered_display": "0", "missing_lines": 5, "excluded_lines": 0}, "missing_lines": [285, 286, 287, 288, 290], "excluded_lines": []}, "": {"executed_lines": [1, 7, 8, 9, 10, 11, 12, 13, 14, 16], "summary": {"covered_lines": 9, "num_statements": 27, "percent_covered": 33.333333333333336, "percent_covered_display": "33", "missing_lines": 18, "excluded_lines": 0}, "missing_lines": [17, 18, 19, 20, 21, 22, 23, 26, 69, 72, 73, 79, 80, 135, 279, 282, 322, 323], "excluded_lines": []}}, "classes": {"": {"executed_lines": [1, 7, 8, 9, 10, 11, 12, 13, 14, 16], "summary": {"covered_lines": 9, "num_statements": 91, "percent_covered": 9.89010989010989, "percent_covered_display": "10", "missing_lines": 82, "excluded_lines": 0}, "missing_lines": [17, 18, 19, 20, 21, 22, 23, 26, 40, 55, 56, 57, 58, 60, 61, 62, 63, 64, 66, 69, 72, 73, 79, 80, 83, 84, 85, 86, 87, 89, 96, 104, 106, 107, 110, 111, 112, 113, 117, 119, 121, 122, 124, 126, 128, 131, 135, 146, 147, 148, 149, 151, 183, 192, 195, 200, 205, 210, 215, 220, 227, 228, 231, 232, 233, 235, 244, 246, 260, 261, 263, 264, 275, 279, 282, 285, 286, 287, 288, 290, 322, 323], "excluded_lines": []}}}, "backend/src/basis_strategy_v1/api/middleware/__init__.py": {"executed_lines": [], "summary": {"covered_lines": 0, "num_statements": 2, "percent_covered": 0.0, "percent_covered_display": "0", "missing_lines": 2, "excluded_lines": 0}, "missing_lines": [7, 9], "excluded_lines": [], "functions": {"": {"executed_lines": [], "summary": {"covered_lines": 0, "num_statements": 2, "percent_covered": 0.0, "percent_covered_display": "0", "missing_lines": 2, "excluded_lines": 0}, "missing_lines": [7, 9], "excluded_lines": []}}, "classes": {"": {"executed_lines": [], "summary": {"covered_lines": 0, "num_statements": 2, "percent_covered": 0.0, "percent_covered_display": "0", "missing_lines": 2, "excluded_lines": 0}, "missing_lines": [7, 9], "excluded_lines": []}}}, "backend/src/basis_strategy_v1/api/middleware/correlation.py": {"executed_lines": [], "summary": {"covered_lines": 0, "num_statements": 14, "percent_covered": 0.0, "percent_covered_display": "0", "missing_lines": 14, "excluded_lines": 0}, "missing_lines": [3, 4, 5, 6, 8, 11, 14, 17, 20, 23, 32, 35, 38, 46], "excluded_lines": [], "functions": {"CorrelationMiddleware.dispatch": {"executed_lines": [], "summary": {"covered_lines": 0, "num_statements": 7, "percent_covered": 0.0, "percent_covered_display": "0", "missing_lines": 7, "excluded_lines": 0}, "missing_lines": [17, 20, 23, 32, 35, 38, 46], "excluded_lines": []}, "": {"executed_lines": [], "summary": {"covered_lines": 0, "num_statements": 7, "percent_covered": 0.0, "percent_covered_display": "0", "missing_lines": 7, "excluded_lines": 0}, "missing_lines": [3, 4, 5, 6, 8, 11, 14], "excluded_lines": []}}, "classes": {"CorrelationMiddleware": {"executed_lines": [], "summary": {"covered_lines": 0, "num_statements": 7, "percent_covered": 0.0, "percent_covered_display": "0", "missing_lines": 7, "excluded_lines": 0}, "missing_lines": [17, 20, 23, 32, 35, 38, 46], "excluded_lines": []}, "": {"executed_lines": [], "summary": {"covered_lines": 0, "num_statements": 7, "percent_covered": 0.0, "percent_covered_display": "0", "missing_lines": 7, "excluded_lines": 0}, "missing_lines": [3, 4, 5, 6, 8, 11, 14], "excluded_lines": []}}}, "backend/src/basis_strategy_v1/api/models/__init__.py": {"executed_lines": [1, 6, 12, 24], "summary": {"covered_lines": 3, "num_statements": 3, "percent_covered": 100.0, "percent_covered_display": "100", "missing_lines": 0, "excluded_lines": 0}, "missing_lines": [], "excluded_lines": [], "functions": {"": {"executed_lines": [1, 6, 12, 24], "summary": {"covered_lines": 3, "num_statements": 3, "percent_covered": 100.0, "percent_covered_display": "100", "missing_lines": 0, "excluded_lines": 0}, "missing_lines": [], "excluded_lines": []}}, "classes": {"": {"executed_lines": [1, 6, 12, 24], "summary": {"covered_lines": 3, "num_statements": 3, "percent_covered": 100.0, "percent_covered_display": "100", "missing_lines": 0, "excluded_lines": 0}, "missing_lines": [], "excluded_lines": []}}}, "backend/src/basis_strategy_v1/api/models/requests.py": {"executed_lines": [1, 3, 4, 5, 6, 7, 8, 11, 12, 13, 14, 17, 18, 20, 26, 32, 38, 45, 50, 55, 60, 61, 62, 72, 73, 74, 80, 81, 108, 109, 111, 116, 121, 127, 132, 137, 138, 157, 158, 160, 165, 170], "summary": {"covered_lines": 37, "num_statements": 45, "percent_covered": 82.22222222222223, "percent_covered_display": "82", "missing_lines": 8, "excluded_lines": 0}, "missing_lines": [64, 66, 67, 69, 70, 76, 77, 78], "excluded_lines": [], "functions": {"BacktestRequest.validate_utc_datetime": {"executed_lines": [], "summary": {"covered_lines": 0, "num_statements": 5, "percent_covered": 0.0, "percent_covered_display": "0", "missing_lines": 5, "excluded_lines": 0}, "missing_lines": [64, 66, 67, 69, 70], "excluded_lines": []}, "BacktestRequest.validate_dates": {"executed_lines": [], "summary": {"covered_lines": 0, "num_statements": 3, "percent_covered": 0.0, "percent_covered_display": "0", "missing_lines": 3, "excluded_lines": 0}, "missing_lines": [76, 77, 78], "excluded_lines": []}, "": {"executed_lines": [1, 3, 4, 5, 6, 7, 8, 11, 12, 13, 14, 17, 18, 20, 26, 32, 38, 45, 50, 55, 60, 61, 62, 72, 73, 74, 80, 81, 108, 109, 111, 116, 121, 127, 132, 137, 138, 157, 158, 160, 165, 170], "summary": {"covered_lines": 37, "num_statements": 37, "percent_covered": 100.0, "percent_covered_display": "100", "missing_lines": 0, "excluded_lines": 0}, "missing_lines": [], "excluded_lines": []}}, "classes": {"ShareClass": {"executed_lines": [], "summary": {"covered_lines": 0, "num_statements": 0, "percent_covered": 100.0, "percent_covered_display": "100", "missing_lines": 0, "excluded_lines": 0}, "missing_lines": [], "excluded_lines": []}, "BacktestRequest": {"executed_lines": [], "summary": {"covered_lines": 0, "num_statements": 8, "percent_covered": 0.0, "percent_covered_display": "0", "missing_lines": 8, "excluded_lines": 0}, "missing_lines": [64, 66, 67, 69, 70, 76, 77, 78], "excluded_lines": []}, "BacktestRequest.Config": {"executed_lines": [], "summary": {"covered_lines": 0, "num_statements": 0, "percent_covered": 100.0, "percent_covered_display": "100", "missing_lines": 0, "excluded_lines": 0}, "missing_lines": [], "excluded_lines": []}, "LiveTradingRequest": {"executed_lines": [], "summary": {"covered_lines": 0, "num_statements": 0, "percent_covered": 100.0, "percent_covered_display": "100", "missing_lines": 0, "excluded_lines": 0}, "missing_lines": [], "excluded_lines": []}, "LiveTradingRequest.Config": {"executed_lines": [], "summary": {"covered_lines": 0, "num_statements": 0, "percent_covered": 100.0, "percent_covered_display": "100", "missing_lines": 0, "excluded_lines": 0}, "missing_lines": [], "excluded_lines": []}, "RebalanceRequest": {"executed_lines": [], "summary": {"covered_lines": 0, "num_statements": 0, "percent_covered": 100.0, "percent_covered_display": "100", "missing_lines": 0, "excluded_lines": 0}, "missing_lines": [], "excluded_lines": []}, "": {"executed_lines": [1, 3, 4, 5, 6, 7, 8, 11, 12, 13, 14, 17, 18, 20, 26, 32, 38, 45, 50, 55, 60, 61, 62, 72, 73, 74, 80, 81, 108, 109, 111, 116, 121, 127, 132, 137, 138, 157, 158, 160, 165, 170], "summary": {"covered_lines": 37, "num_statements": 37, "percent_covered": 100.0, "percent_covered_display": "100", "missing_lines": 0, "excluded_lines": 0}, "missing_lines": [], "excluded_lines": []}}}, "backend/src/basis_strategy_v1/api/models/responses.py": {"executed_lines": [1, 3, 4, 5, 6, 7, 10, 13, 14, 15, 16, 17, 18, 19, 20, 23, 24, 26, 31, 36, 41, 46, 47, 57, 58, 60, 65, 70, 75, 80, 81, 91, 92, 94, 95, 96, 101, 102, 103, 105, 106, 118, 119, 121, 122, 123, 124, 125, 126, 129, 133, 137, 141, 145, 149, 153, 157, 163, 164, 165, 166, 169, 174, 179, 180, 205, 206, 208, 209, 210, 211, 215, 219, 220, 221, 223, 224, 241, 242, 244, 245, 247, 248, 267, 268, 270, 274, 278, 283, 284, 296, 297, 299, 304, 309, 314, 319, 324, 329, 330, 342, 343, 345, 350, 355, 362, 367, 372, 377, 382, 387, 392, 397, 402, 403, 420, 421, 423, 428, 433, 438, 443, 448, 453, 458, 463, 468, 473, 474, 500, 501, 503, 508, 513, 514, 531, 532, 534, 535, 536, 537, 538, 539, 540, 541, 542, 544, 545], "summary": {"covered_lines": 134, "num_statements": 134, "percent_covered": 100.0, "percent_covered_display": "100", "missing_lines": 0, "excluded_lines": 0}, "missing_lines": [], "excluded_lines": [], "functions": {"": {"executed_lines": [1, 3, 4, 5, 6, 7, 10, 13, 14, 15, 16, 17, 18, 19, 20, 23, 24, 26, 31, 36, 41, 46, 47, 57, 58, 60, 65, 70, 75, 80, 81, 91, 92, 94, 95, 96, 101, 102, 103, 105, 106, 118, 119, 121, 122, 123, 124, 125, 126, 129, 133, 137, 141, 145, 149, 153, 157, 163, 164, 165, 166, 169, 174, 179, 180, 205, 206, 208, 209, 210, 211, 215, 219, 220, 221, 223, 224, 241, 242, 244, 245, 247, 248, 267, 268, 270, 274, 278, 283, 284, 296, 297, 299, 304, 309, 314, 319, 324, 329, 330, 342, 343, 345, 350, 355, 362, 367, 372, 377, 382, 387, 392, 397, 402, 403, 420, 421, 423, 428, 433, 438, 443, 448, 453, 458, 463, 468, 473, 474, 500, 501, 503, 508, 513, 514, 531, 532, 534, 535, 536, 537, 538, 539, 540, 541, 542, 544, 545], "summary": {"covered_lines": 134, "num_statements": 134, "percent_covered": 100.0, "percent_covered_display": "100", "missing_lines": 0, "excluded_lines": 0}, "missing_lines": [], "excluded_lines": []}}, "classes": {"ResponseStatus": {"executed_lines": [], "summary": {"covered_lines": 0, "num_statements": 0, "percent_covered": 100.0, "percent_covered_display": "100", "missing_lines": 0, "excluded_lines": 0}, "missing_lines": [], "excluded_lines": []}, "StandardResponse": {"executed_lines": [], "summary": {"covered_lines": 0, "num_statements": 0, "percent_covered": 100.0, "percent_covered_display": "100", "missing_lines": 0, "excluded_lines": 0}, "missing_lines": [], "excluded_lines": []}, "StandardResponse.Config": {"executed_lines": [], "summary": {"covered_lines": 0, "num_statements": 0, "percent_covered": 100.0, "percent_covered_display": "100", "missing_lines": 0, "excluded_lines": 0}, "missing_lines": [], "excluded_lines": []}, "BacktestResponse": {"executed_lines": [], "summary": {"covered_lines": 0, "num_statements": 0, "percent_covered": 100.0, "percent_covered_display": "100", "missing_lines": 0, "excluded_lines": 0}, "missing_lines": [], "excluded_lines": []}, "BacktestResponse.Config": {"executed_lines": [], "summary": {"covered_lines": 0, "num_statements": 0, "percent_covered": 100.0, "percent_covered_display": "100", "missing_lines": 0, "excluded_lines": 0}, "missing_lines": [], "excluded_lines": []}, "BacktestStatusResponse": {"executed_lines": [], "summary": {"covered_lines": 0, "num_statements": 0, "percent_covered": 100.0, "percent_covered_display": "100", "missing_lines": 0, "excluded_lines": 0}, "missing_lines": [], "excluded_lines": []}, "BacktestStatusResponse.Config": {"executed_lines": [], "summary": {"covered_lines": 0, "num_statements": 0, "percent_covered": 100.0, "percent_covered_display": "100", "missing_lines": 0, "excluded_lines": 0}, "missing_lines": [], "excluded_lines": []}, "BacktestResultResponse": {"executed_lines": [], "summary": {"covered_lines": 0, "num_statements": 0, "percent_covered": 100.0, "percent_covered_display": "100", "missing_lines": 0, "excluded_lines": 0}, "missing_lines": [], "excluded_lines": []}, "BacktestResultResponse.Config": {"executed_lines": [], "summary": {"covered_lines": 0, "num_statements": 0, "percent_covered": 100.0, "percent_covered_display": "100", "missing_lines": 0, "excluded_lines": 0}, "missing_lines": [], "excluded_lines": []}, "StrategyInfoResponse": {"executed_lines": [], "summary": {"covered_lines": 0, "num_statements": 0, "percent_covered": 100.0, "percent_covered_display": "100", "missing_lines": 0, "excluded_lines": 0}, "missing_lines": [], "excluded_lines": []}, "StrategyInfoResponse.Config": {"executed_lines": [], "summary": {"covered_lines": 0, "num_statements": 0, "percent_covered": 100.0, "percent_covered_display": "100", "missing_lines": 0, "excluded_lines": 0}, "missing_lines": [], "excluded_lines": []}, "StrategyListResponse": {"executed_lines": [], "summary": {"covered_lines": 0, "num_statements": 0, "percent_covered": 100.0, "percent_covered_display": "100", "missing_lines": 0, "excluded_lines": 0}, "missing_lines": [], "excluded_lines": []}, "StrategyListResponse.Config": {"executed_lines": [], "summary": {"covered_lines": 0, "num_statements": 0, "percent_covered": 100.0, "percent_covered_display": "100", "missing_lines": 0, "excluded_lines": 0}, "missing_lines": [], "excluded_lines": []}, "ErrorResponse": {"executed_lines": [], "summary": {"covered_lines": 0, "num_statements": 0, "percent_covered": 100.0, "percent_covered_display": "100", "missing_lines": 0, "excluded_lines": 0}, "missing_lines": [], "excluded_lines": []}, "ErrorResponse.Config": {"executed_lines": [], "summary": {"covered_lines": 0, "num_statements": 0, "percent_covered": 100.0, "percent_covered_display": "100", "missing_lines": 0, "excluded_lines": 0}, "missing_lines": [], "excluded_lines": []}, "LiveTradingResponse": {"executed_lines": [], "summary": {"covered_lines": 0, "num_statements": 0, "percent_covered": 100.0, "percent_covered_display": "100", "missing_lines": 0, "excluded_lines": 0}, "missing_lines": [], "excluded_lines": []}, "LiveTradingResponse.Config": {"executed_lines": [], "summary": {"covered_lines": 0, "num_statements": 0, "percent_covered": 100.0, "percent_covered_display": "100", "missing_lines": 0, "excluded_lines": 0}, "missing_lines": [], "excluded_lines": []}, "LiveTradingStatusResponse": {"executed_lines": [], "summary": {"covered_lines": 0, "num_statements": 0, "percent_covered": 100.0, "percent_covered_display": "100", "missing_lines": 0, "excluded_lines": 0}, "missing_lines": [], "excluded_lines": []}, "LiveTradingStatusResponse.Config": {"executed_lines": [], "summary": {"covered_lines": 0, "num_statements": 0, "percent_covered": 100.0, "percent_covered_display": "100", "missing_lines": 0, "excluded_lines": 0}, "missing_lines": [], "excluded_lines": []}, "LiveTradingPerformanceResponse": {"executed_lines": [], "summary": {"covered_lines": 0, "num_statements": 0, "percent_covered": 100.0, "percent_covered_display": "100", "missing_lines": 0, "excluded_lines": 0}, "missing_lines": [], "excluded_lines": []}, "LiveTradingPerformanceResponse.Config": {"executed_lines": [], "summary": {"covered_lines": 0, "num_statements": 0, "percent_covered": 100.0, "percent_covered_display": "100", "missing_lines": 0, "excluded_lines": 0}, "missing_lines": [], "excluded_lines": []}, "LiveTradingStrategiesResponse": {"executed_lines": [], "summary": {"covered_lines": 0, "num_statements": 0, "percent_covered": 100.0, "percent_covered_display": "100", "missing_lines": 0, "excluded_lines": 0}, "missing_lines": [], "excluded_lines": []}, "LiveTradingStrategiesResponse.Config": {"executed_lines": [], "summary": {"covered_lines": 0, "num_statements": 0, "percent_covered": 100.0, "percent_covered_display": "100", "missing_lines": 0, "excluded_lines": 0}, "missing_lines": [], "excluded_lines": []}, "HealthResponse": {"executed_lines": [], "summary": {"covered_lines": 0, "num_statements": 0, "percent_covered": 100.0, "percent_covered_display": "100", "missing_lines": 0, "excluded_lines": 0}, "missing_lines": [], "excluded_lines": []}, "HealthResponse.Config": {"executed_lines": [], "summary": {"covered_lines": 0, "num_statements": 0, "percent_covered": 100.0, "percent_covered_display": "100", "missing_lines": 0, "excluded_lines": 0}, "missing_lines": [], "excluded_lines": []}, "": {"executed_lines": [1, 3, 4, 5, 6, 7, 10, 13, 14, 15, 16, 17, 18, 19, 20, 23, 24, 26, 31, 36, 41, 46, 47, 57, 58, 60, 65, 70, 75, 80, 81, 91, 92, 94, 95, 96, 101, 102, 103, 105, 106, 118, 119, 121, 122, 123, 124, 125, 126, 129, 133, 137, 141, 145, 149, 153, 157, 163, 164, 165, 166, 169, 174, 179, 180, 205, 206, 208, 209, 210, 211, 215, 219, 220, 221, 223, 224, 241, 242, 244, 245, 247, 248, 267, 268, 270, 274, 278, 283, 284, 296, 297, 299, 304, 309, 314, 319, 324, 329, 330, 342, 343, 345, 350, 355, 362, 367, 372, 377, 382, 387, 392, 397, 402, 403, 420, 421, 423, 428, 433, 438, 443, 448, 453, 458, 463, 468, 473, 474, 500, 501, 503, 508, 513, 514, 531, 532, 534, 535, 536, 537, 538, 539, 540, 541, 542, 544, 545], "summary": {"covered_lines": 134, "num_statements": 134, "percent_covered": 100.0, "percent_covered_display": "100", "missing_lines": 0, "excluded_lines": 0}, "missing_lines": [], "excluded_lines": []}}}, "backend/src/basis_strategy_v1/api/routes/__init__.py": {"executed_lines": [1, 3], "summary": {"covered_lines": 1, "num_statements": 2, "percent_covered": 50.0, "percent_covered_display": "50", "missing_lines": 1, "excluded_lines": 0}, "missing_lines": [5], "excluded_lines": [], "functions": {"": {"executed_lines": [1, 3], "summary": {"covered_lines": 1, "num_statements": 2, "percent_covered": 50.0, "percent_covered_display": "50", "missing_lines": 1, "excluded_lines": 0}, "missing_lines": [5], "excluded_lines": []}}, "classes": {"": {"executed_lines": [1, 3], "summary": {"covered_lines": 1, "num_statements": 2, "percent_covered": 50.0, "percent_covered_display": "50", "missing_lines": 1, "excluded_lines": 0}, "missing_lines": [5], "excluded_lines": []}}}, "backend/src/basis_strategy_v1/api/routes/backtest.py": {"executed_lines": [1, 3, 4, 5, 7, 8, 14, 15, 17, 18, 21, 27, 107, 113, 158, 164, 290, 296], "summary": {"covered_lines": 17, "num_statements": 107, "percent_covered": 15.88785046728972, "percent_covered_display": "16", "missing_lines": 90, "excluded_lines": 0}, "missing_lines": [49, 51, 52, 61, 72, 74, 80, 90, 91, 96, 97, 98, 104, 121, 123, 124, 126, 127, 132, 134, 146, 147, 148, 149, 155, 177, 179, 181, 183, 184, 186, 187, 193, 195, 196, 198, 206, 207, 208, 209, 210, 211, 215, 216, 217, 220, 221, 222, 225, 226, 228, 230, 231, 232, 233, 235, 236, 237, 239, 241, 242, 243, 244, 246, 247, 248, 251, 252, 253, 254, 256, 273, 278, 279, 280, 281, 287, 304, 306, 307, 309, 310, 315, 317, 323, 328, 329, 330, 331, 337], "excluded_lines": [], "functions": {"run_backtest": {"executed_lines": [], "summary": {"covered_lines": 0, "num_statements": 13, "percent_covered": 0.0, "percent_covered_display": "0", "missing_lines": 13, "excluded_lines": 0}, "missing_lines": [49, 51, 52, 61, 72, 74, 80, 90, 91, 96, 97, 98, 104], "excluded_lines": []}, "get_backtest_status": {"executed_lines": [], "summary": {"covered_lines": 0, "num_statements": 12, "percent_covered": 0.0, "percent_covered_display": "0", "missing_lines": 12, "excluded_lines": 0}, "missing_lines": [121, 123, 124, 126, 127, 132, 134, 146, 147, 148, 149, 155], "excluded_lines": []}, "get_backtest_result": {"executed_lines": [], "summary": {"covered_lines": 0, "num_statements": 47, "percent_covered": 0.0, "percent_covered_display": "0", "missing_lines": 47, "excluded_lines": 0}, "missing_lines": [177, 179, 181, 183, 184, 186, 187, 193, 195, 196, 198, 206, 215, 216, 217, 220, 221, 222, 225, 226, 228, 230, 231, 232, 233, 235, 236, 237, 239, 241, 242, 243, 244, 246, 247, 248, 251, 252, 253, 254, 256, 273, 278, 279, 280, 281, 287], "excluded_lines": []}, "get_backtest_result.get_attr_or_key": {"executed_lines": [], "summary": {"covered_lines": 0, "num_statements": 5, "percent_covered": 0.0, "percent_covered_display": "0", "missing_lines": 5, "excluded_lines": 0}, "missing_lines": [207, 208, 209, 210, 211], "excluded_lines": []}, "cancel_backtest": {"executed_lines": [], "summary": {"covered_lines": 0, "num_statements": 13, "percent_covered": 0.0, "percent_covered_display": "0", "missing_lines": 13, "excluded_lines": 0}, "missing_lines": [304, 306, 307, 309, 310, 315, 317, 323, 328, 329, 330, 331, 337], "excluded_lines": []}, "": {"executed_lines": [1, 3, 4, 5, 7, 8, 14, 15, 17, 18, 21, 27, 107, 113, 158, 164, 290, 296], "summary": {"covered_lines": 17, "num_statements": 17, "percent_covered": 100.0, "percent_covered_display": "100", "missing_lines": 0, "excluded_lines": 0}, "missing_lines": [], "excluded_lines": []}}, "classes": {"": {"executed_lines": [1, 3, 4, 5, 7, 8, 14, 15, 17, 18, 21, 27, 107, 113, 158, 164, 290, 296], "summary": {"covered_lines": 17, "num_statements": 107, "percent_covered": 15.88785046728972, "percent_covered_display": "16", "missing_lines": 90, "excluded_lines": 0}, "missing_lines": [49, 51, 52, 61, 72, 74, 80, 90, 91, 96, 97, 98, 104, 121, 123, 124, 126, 127, 132, 134, 146, 147, 148, 149, 155, 177, 179, 181, 183, 184, 186, 187, 193, 195, 196, 198, 206, 207, 208, 209, 210, 211, 215, 216, 217, 220, 221, 222, 225, 226, 228, 230, 231, 232, 233, 235, 236, 237, 239, 241, 242, 243, 244, 246, 247, 248, 251, 252, 253, 254, 256, 273, 278, 279, 280, 281, 287, 304, 306, 307, 309, 310, 315, 317, 323, 328, 329, 330, 331, 337], "excluded_lines": []}}}, "backend/src/basis_strategy_v1/api/routes/charts.py": {"executed_lines": [1, 3, 4, 5, 6, 7, 8, 10, 11, 13, 14, 17, 23, 135, 141, 292, 298], "summary": {"covered_lines": 16, "num_statements": 146, "percent_covered": 10.95890410958904, "percent_covered_display": "11", "missing_lines": 130, "excluded_lines": 0}, "missing_lines": [33, 35, 36, 39, 54, 55, 56, 57, 60, 61, 62, 63, 64, 65, 66, 67, 69, 71, 73, 75, 82, 83, 84, 86, 87, 92, 93, 94, 95, 99, 100, 101, 104, 105, 106, 107, 108, 109, 110, 111, 114, 115, 116, 118, 120, 121, 124, 126, 128, 129, 130, 131, 132, 148, 150, 151, 154, 155, 157, 158, 162, 163, 164, 165, 166, 168, 169, 170, 171, 172, 173, 175, 176, 180, 194, 195, 201, 214, 215, 216, 217, 218, 219, 220, 221, 222, 223, 224, 225, 226, 228, 231, 232, 233, 237, 238, 244, 245, 246, 247, 248, 249, 250, 251, 252, 254, 256, 257, 258, 259, 260, 261, 262, 263, 264, 266, 267, 268, 269, 270, 271, 273, 274, 279, 284, 285, 286, 287, 289, 304], "excluded_lines": [], "functions": {"list_charts": {"executed_lines": [], "summary": {"covered_lines": 0, "num_statements": 40, "percent_covered": 0.0, "percent_covered_display": "0", "missing_lines": 40, "excluded_lines": 0}, "missing_lines": [33, 35, 36, 39, 54, 55, 56, 57, 60, 61, 62, 63, 64, 65, 66, 67, 69, 71, 73, 104, 105, 106, 107, 108, 109, 110, 111, 114, 115, 116, 118, 120, 121, 124, 126, 128, 129, 130, 131, 132], "excluded_lines": []}, "list_charts.chart_exists": {"executed_lines": [], "summary": {"covered_lines": 0, "num_statements": 13, "percent_covered": 0.0, "percent_covered_display": "0", "missing_lines": 13, "excluded_lines": 0}, "missing_lines": [75, 82, 83, 84, 86, 87, 92, 93, 94, 95, 99, 100, 101], "excluded_lines": []}, "get_chart": {"executed_lines": [], "summary": {"covered_lines": 0, "num_statements": 76, "percent_covered": 0.0, "percent_covered_display": "0", "missing_lines": 76, "excluded_lines": 0}, "missing_lines": [148, 150, 151, 154, 155, 157, 158, 162, 163, 164, 165, 166, 168, 169, 170, 171, 172, 173, 175, 176, 180, 194, 195, 201, 214, 215, 216, 217, 218, 219, 220, 221, 222, 223, 224, 225, 226, 228, 231, 232, 233, 237, 238, 244, 245, 246, 247, 248, 249, 250, 251, 252, 254, 256, 257, 258, 259, 260, 261, 262, 263, 264, 266, 267, 268, 269, 270, 271, 273, 274, 279, 284, 285, 286, 287, 289], "excluded_lines": []}, "get_dashboard": {"executed_lines": [], "summary": {"covered_lines": 0, "num_statements": 1, "percent_covered": 0.0, "percent_covered_display": "0", "missing_lines": 1, "excluded_lines": 0}, "missing_lines": [304], "excluded_lines": []}, "": {"executed_lines": [1, 3, 4, 5, 6, 7, 8, 10, 11, 13, 14, 17, 23, 135, 141, 292, 298], "summary": {"covered_lines": 16, "num_statements": 16, "percent_covered": 100.0, "percent_covered_display": "100", "missing_lines": 0, "excluded_lines": 0}, "missing_lines": [], "excluded_lines": []}}, "classes": {"": {"executed_lines": [1, 3, 4, 5, 6, 7, 8, 10, 11, 13, 14, 17, 23, 135, 141, 292, 298], "summary": {"covered_lines": 16, "num_statements": 146, "percent_covered": 10.95890410958904, "percent_covered_display": "11", "missing_lines": 130, "excluded_lines": 0}, "missing_lines": [33, 35, 36, 39, 54, 55, 56, 57, 60, 61, 62, 63, 64, 65, 66, 67, 69, 71, 73, 75, 82, 83, 84, 86, 87, 92, 93, 94, 95, 99, 100, 101, 104, 105, 106, 107, 108, 109, 110, 111, 114, 115, 116, 118, 120, 121, 124, 126, 128, 129, 130, 131, 132, 148, 150, 151, 154, 155, 157, 158, 162, 163, 164, 165, 166, 168, 169, 170, 171, 172, 173, 175, 176, 180, 194, 195, 201, 214, 215, 216, 217, 218, 219, 220, 221, 222, 223, 224, 225, 226, 228, 231, 232, 233, 237, 238, 244, 245, 246, 247, 248, 249, 250, 251, 252, 254, 256, 257, 258, 259, 260, 261, 262, 263, 264, 266, 267, 268, 269, 270, 271, 273, 274, 279, 284, 285, 286, 287, 289, 304], "excluded_lines": []}}}, "backend/src/basis_strategy_v1/api/routes/health.py": {"executed_lines": [1, 3, 4, 5, 6, 8, 9, 11, 12, 15, 21, 47, 53], "summary": {"covered_lines": 12, "num_statements": 26, "percent_covered": 46.15384615384615, "percent_covered_display": "46", "missing_lines": 14, "excluded_lines": 0}, "missing_lines": [26, 27, 29, 37, 38, 39, 59, 60, 61, 66, 68, 78, 79, 84], "excluded_lines": [], "functions": {"basic_health": {"executed_lines": [], "summary": {"covered_lines": 0, "num_statements": 6, "percent_covered": 0.0, "percent_covered_display": "0", "missing_lines": 6, "excluded_lines": 0}, "missing_lines": [26, 27, 29, 37, 38, 39], "excluded_lines": []}, "detailed_health": {"executed_lines": [], "summary": {"covered_lines": 0, "num_statements": 8, "percent_covered": 0.0, "percent_covered_display": "0", "missing_lines": 8, "excluded_lines": 0}, "missing_lines": [59, 60, 61, 66, 68, 78, 79, 84], "excluded_lines": []}, "": {"executed_lines": [1, 3, 4, 5, 6, 8, 9, 11, 12, 15, 21, 47, 53], "summary": {"covered_lines": 12, "num_statements": 12, "percent_covered": 100.0, "percent_covered_display": "100", "missing_lines": 0, "excluded_lines": 0}, "missing_lines": [], "excluded_lines": []}}, "classes": {"": {"executed_lines": [1, 3, 4, 5, 6, 8, 9, 11, 12, 15, 21, 47, 53], "summary": {"covered_lines": 12, "num_statements": 26, "percent_covered": 46.15384615384615, "percent_covered_display": "46", "missing_lines": 14, "excluded_lines": 0}, "missing_lines": [26, 27, 29, 37, 38, 39, 59, 60, 61, 66, 68, 78, 79, 84], "excluded_lines": []}}}, "backend/src/basis_strategy_v1/api/routes/live_trading.py": {"executed_lines": [1, 3, 4, 5, 7, 8, 16, 17, 19, 20, 23, 29, 113, 119, 163, 169, 212, 218, 256, 262, 305, 311, 339, 345], "summary": {"covered_lines": 23, "num_statements": 103, "percent_covered": 22.33009708737864, "percent_covered_display": "22", "missing_lines": 80, "excluded_lines": 0}, "missing_lines": [52, 54, 55, 63, 74, 76, 82, 95, 96, 101, 103, 104, 110, 125, 127, 128, 130, 131, 133, 151, 152, 153, 154, 160, 175, 177, 178, 180, 181, 183, 200, 201, 202, 203, 209, 224, 226, 227, 229, 230, 232, 238, 244, 245, 246, 247, 253, 269, 271, 272, 274, 275, 277, 284, 290, 291, 292, 293, 299, 316, 318, 319, 321, 330, 331, 336, 357, 359, 361, 363, 364, 366, 367, 376, 383, 393, 394, 395, 396, 402], "excluded_lines": [], "functions": {"start_live_trading": {"executed_lines": [], "summary": {"covered_lines": 0, "num_statements": 13, "percent_covered": 0.0, "percent_covered_display": "0", "missing_lines": 13, "excluded_lines": 0}, "missing_lines": [52, 54, 55, 63, 74, 76, 82, 95, 96, 101, 103, 104, 110], "excluded_lines": []}, "get_live_trading_status": {"executed_lines": [], "summary": {"covered_lines": 0, "num_statements": 11, "percent_covered": 0.0, "percent_covered_display": "0", "missing_lines": 11, "excluded_lines": 0}, "missing_lines": [125, 127, 128, 130, 131, 133, 151, 152, 153, 154, 160], "excluded_lines": []}, "get_live_trading_performance": {"executed_lines": [], "summary": {"covered_lines": 0, "num_statements": 11, "percent_covered": 0.0, "percent_covered_display": "0", "missing_lines": 11, "excluded_lines": 0}, "missing_lines": [175, 177, 178, 180, 181, 183, 200, 201, 202, 203, 209], "excluded_lines": []}, "stop_live_trading": {"executed_lines": [], "summary": {"covered_lines": 0, "num_statements": 12, "percent_covered": 0.0, "percent_covered_display": "0", "missing_lines": 12, "excluded_lines": 0}, "missing_lines": [224, 226, 227, 229, 230, 232, 238, 244, 245, 246, 247, 253], "excluded_lines": []}, "emergency_stop_live_trading": {"executed_lines": [], "summary": {"covered_lines": 0, "num_statements": 12, "percent_covered": 0.0, "percent_covered_display": "0", "missing_lines": 12, "excluded_lines": 0}, "missing_lines": [269, 271, 272, 274, 275, 277, 284, 290, 291, 292, 293, 299], "excluded_lines": []}, "list_running_strategies": {"executed_lines": [], "summary": {"covered_lines": 0, "num_statements": 7, "percent_covered": 0.0, "percent_covered_display": "0", "missing_lines": 7, "excluded_lines": 0}, "missing_lines": [316, 318, 319, 321, 330, 331, 336], "excluded_lines": []}, "manual_rebalance": {"executed_lines": [], "summary": {"covered_lines": 0, "num_statements": 14, "percent_covered": 0.0, "percent_covered_display": "0", "missing_lines": 14, "excluded_lines": 0}, "missing_lines": [357, 359, 361, 363, 364, 366, 367, 376, 383, 393, 394, 395, 396, 402], "excluded_lines": []}, "": {"executed_lines": [1, 3, 4, 5, 7, 8, 16, 17, 19, 20, 23, 29, 113, 119, 163, 169, 212, 218, 256, 262, 305, 311, 339, 345], "summary": {"covered_lines": 23, "num_statements": 23, "percent_covered": 100.0, "percent_covered_display": "100", "missing_lines": 0, "excluded_lines": 0}, "missing_lines": [], "excluded_lines": []}}, "classes": {"": {"executed_lines": [1, 3, 4, 5, 7, 8, 16, 17, 19, 20, 23, 29, 113, 119, 163, 169, 212, 218, 256, 262, 305, 311, 339, 345], "summary": {"covered_lines": 23, "num_statements": 103, "percent_covered": 22.33009708737864, "percent_covered_display": "22", "missing_lines": 80, "excluded_lines": 0}, "missing_lines": [52, 54, 55, 63, 74, 76, 82, 95, 96, 101, 103, 104, 110, 125, 127, 128, 130, 131, 133, 151, 152, 153, 154, 160, 175, 177, 178, 180, 181, 183, 200, 201, 202, 203, 209, 224, 226, 227, 229, 230, 232, 238, 244, 245, 246, 247, 253, 269, 271, 272, 274, 275, 277, 284, 290, 291, 292, 293, 299, 316, 318, 319, 321, 330, 331, 336, 357, 359, 361, 363, 364, 366, 367, 376, 383, 393, 394, 395, 396, 402], "excluded_lines": []}}}, "backend/src/basis_strategy_v1/api/routes/results.py": {"executed_lines": [1, 3, 4, 5, 6, 7, 8, 9, 10, 12, 13, 14, 15, 16, 17, 18, 19, 20, 21, 22, 24, 25, 26, 31, 83, 88, 132, 137, 190, 220, 265, 324, 330, 424, 430, 527, 533], "summary": {"covered_lines": 36, "num_statements": 275, "percent_covered": 13.090909090909092, "percent_covered_display": "13", "missing_lines": 239, "excluded_lines": 0}, "missing_lines": [38, 39, 40, 41, 42, 44, 45, 46, 47, 48, 50, 51, 52, 59, 62, 63, 64, 66, 67, 68, 69, 76, 77, 78, 79, 80, 93, 94, 95, 98, 99, 100, 101, 103, 106, 107, 108, 109, 110, 111, 112, 114, 115, 117, 125, 126, 127, 128, 129, 142, 144, 145, 148, 149, 150, 151, 153, 154, 157, 158, 161, 162, 163, 165, 166, 169, 171, 174, 183, 184, 185, 186, 187, 192, 193, 194, 195, 196, 197, 198, 199, 200, 201, 202, 203, 204, 205, 207, 208, 209, 210, 211, 212, 213, 214, 215, 216, 217, 224, 225, 226, 227, 228, 229, 230, 231, 234, 235, 236, 237, 238, 239, 241, 242, 243, 244, 245, 247, 248, 262, 269, 270, 271, 272, 273, 274, 276, 277, 278, 279, 280, 281, 282, 283, 284, 285, 286, 287, 288, 290, 291, 292, 293, 294, 295, 296, 297, 298, 300, 301, 302, 303, 304, 305, 306, 307, 309, 320, 321, 342, 344, 345, 354, 357, 358, 359, 360, 368, 369, 372, 375, 376, 377, 378, 379, 380, 381, 382, 383, 386, 387, 388, 389, 390, 393, 394, 395, 397, 398, 399, 400, 402, 403, 404, 405, 406, 407, 408, 411, 413, 415, 416, 421, 439, 441, 442, 450, 451, 453, 456, 457, 458, 459, 464, 465, 468, 469, 470, 488, 489, 505, 510, 515, 516, 517, 518, 524, 540, 542, 543, 545, 546, 548, 554, 559, 560, 561, 562, 568], "excluded_lines": [], "functions": {"get_result_events": {"executed_lines": [], "summary": {"covered_lines": 0, "num_statements": 26, "percent_covered": 0.0, "percent_covered_display": "0", "missing_lines": 26, "excluded_lines": 0}, "missing_lines": [38, 39, 40, 41, 42, 44, 45, 46, 47, 48, 50, 51, 52, 59, 62, 63, 64, 66, 67, 68, 69, 76, 77, 78, 79, 80], "excluded_lines": []}, "get_export_info": {"executed_lines": [], "summary": {"covered_lines": 0, "num_statements": 23, "percent_covered": 0.0, "percent_covered_display": "0", "missing_lines": 23, "excluded_lines": 0}, "missing_lines": [93, 94, 95, 98, 99, 100, 101, 103, 106, 107, 108, 109, 110, 111, 112, 114, 115, 117, 125, 126, 127, 128, 129], "excluded_lines": []}, "download_result_assets": {"executed_lines": [], "summary": {"covered_lines": 0, "num_statements": 24, "percent_covered": 0.0, "percent_covered_display": "0", "missing_lines": 24, "excluded_lines": 0}, "missing_lines": [142, 144, 145, 148, 149, 150, 151, 153, 154, 157, 158, 161, 162, 163, 165, 166, 169, 171, 174, 183, 184, 185, 186, 187], "excluded_lines": []}, "_load_events_from_csv": {"executed_lines": [], "summary": {"covered_lines": 0, "num_statements": 25, "percent_covered": 0.0, "percent_covered_display": "0", "missing_lines": 25, "excluded_lines": 0}, "missing_lines": [192, 193, 194, 195, 196, 197, 198, 199, 200, 201, 202, 203, 204, 205, 207, 208, 209, 210, 211, 212, 213, 214, 215, 216, 217], "excluded_lines": []}, "_scan_results_filesystem": {"executed_lines": [], "summary": {"covered_lines": 0, "num_statements": 22, "percent_covered": 0.0, "percent_covered_display": "0", "missing_lines": 22, "excluded_lines": 0}, "missing_lines": [224, 225, 226, 227, 228, 229, 230, 231, 234, 235, 236, 237, 238, 239, 241, 242, 243, 244, 245, 247, 248, 262], "excluded_lines": []}, "_load_result_summary_from_filesystem": {"executed_lines": [], "summary": {"covered_lines": 0, "num_statements": 39, "percent_covered": 0.0, "percent_covered_display": "0", "missing_lines": 39, "excluded_lines": 0}, "missing_lines": [269, 270, 271, 272, 273, 274, 276, 277, 278, 279, 280, 281, 282, 283, 284, 285, 286, 287, 288, 290, 291, 292, 293, 294, 295, 296, 297, 298, 300, 301, 302, 303, 304, 305, 306, 307, 309, 320, 321], "excluded_lines": []}, "list_results": {"executed_lines": [], "summary": {"covered_lines": 0, "num_statements": 42, "percent_covered": 0.0, "percent_covered_display": "0", "missing_lines": 42, "excluded_lines": 0}, "missing_lines": [342, 344, 345, 354, 357, 358, 359, 360, 368, 369, 372, 375, 376, 377, 378, 379, 380, 381, 382, 383, 386, 387, 390, 393, 394, 395, 397, 398, 399, 400, 402, 403, 404, 405, 406, 407, 408, 411, 413, 415, 416, 421], "excluded_lines": []}, "list_results._sort_key": {"executed_lines": [], "summary": {"covered_lines": 0, "num_statements": 2, "percent_covered": 0.0, "percent_covered_display": "0", "missing_lines": 2, "excluded_lines": 0}, "missing_lines": [388, 389], "excluded_lines": []}, "get_result": {"executed_lines": [], "summary": {"covered_lines": 0, "num_statements": 24, "percent_covered": 0.0, "percent_covered_display": "0", "missing_lines": 24, "excluded_lines": 0}, "missing_lines": [439, 441, 442, 450, 451, 453, 456, 457, 458, 459, 464, 465, 468, 469, 470, 488, 489, 505, 510, 515, 516, 517, 518, 524], "excluded_lines": []}, "delete_result": {"executed_lines": [], "summary": {"covered_lines": 0, "num_statements": 12, "percent_covered": 0.0, "percent_covered_display": "0", "missing_lines": 12, "excluded_lines": 0}, "missing_lines": [540, 542, 543, 545, 546, 548, 554, 559, 560, 561, 562, 568], "excluded_lines": []}, "": {"executed_lines": [1, 3, 4, 5, 6, 7, 8, 9, 10, 12, 13, 14, 15, 16, 17, 18, 19, 20, 21, 22, 24, 25, 26, 31, 83, 88, 132, 137, 190, 220, 265, 324, 330, 424, 430, 527, 533], "summary": {"covered_lines": 36, "num_statements": 36, "percent_covered": 100.0, "percent_covered_display": "100", "missing_lines": 0, "excluded_lines": 0}, "missing_lines": [], "excluded_lines": []}}, "classes": {"": {"executed_lines": [1, 3, 4, 5, 6, 7, 8, 9, 10, 12, 13, 14, 15, 16, 17, 18, 19, 20, 21, 22, 24, 25, 26, 31, 83, 88, 132, 137, 190, 220, 265, 324, 330, 424, 430, 527, 533], "summary": {"covered_lines": 36, "num_statements": 275, "percent_covered": 13.090909090909092, "percent_covered_display": "13", "missing_lines": 239, "excluded_lines": 0}, "missing_lines": [38, 39, 40, 41, 42, 44, 45, 46, 47, 48, 50, 51, 52, 59, 62, 63, 64, 66, 67, 68, 69, 76, 77, 78, 79, 80, 93, 94, 95, 98, 99, 100, 101, 103, 106, 107, 108, 109, 110, 111, 112, 114, 115, 117, 125, 126, 127, 128, 129, 142, 144, 145, 148, 149, 150, 151, 153, 154, 157, 158, 161, 162, 163, 165, 166, 169, 171, 174, 183, 184, 185, 186, 187, 192, 193, 194, 195, 196, 197, 198, 199, 200, 201, 202, 203, 204, 205, 207, 208, 209, 210, 211, 212, 213, 214, 215, 216, 217, 224, 225, 226, 227, 228, 229, 230, 231, 234, 235, 236, 237, 238, 239, 241, 242, 243, 244, 245, 247, 248, 262, 269, 270, 271, 272, 273, 274, 276, 277, 278, 279, 280, 281, 282, 283, 284, 285, 286, 287, 288, 290, 291, 292, 293, 294, 295, 296, 297, 298, 300, 301, 302, 303, 304, 305, 306, 307, 309, 320, 321, 342, 344, 345, 354, 357, 358, 359, 360, 368, 369, 372, 375, 376, 377, 378, 379, 380, 381, 382, 383, 386, 387, 388, 389, 390, 393, 394, 395, 397, 398, 399, 400, 402, 403, 404, 405, 406, 407, 408, 411, 413, 415, 416, 421, 439, 441, 442, 450, 451, 453, 456, 457, 458, 459, 464, 465, 468, 469, 470, 488, 489, 505, 510, 515, 516, 517, 518, 524, 540, 542, 543, 545, 546, 548, 554, 559, 560, 561, 562, 568], "excluded_lines": []}}}, "backend/src/basis_strategy_v1/api/routes/strategies.py": {"executed_lines": [1, 3, 4, 5, 6, 7, 9, 14, 15, 16, 21, 23, 24, 30, 94, 100, 163, 169, 218, 221, 224, 232, 240, 312, 318, 378, 384], "summary": {"covered_lines": 26, "num_statements": 159, "percent_covered": 16.352201257861637, "percent_covered_display": "16", "missing_lines": 133, "excluded_lines": 0}, "missing_lines": [32, 33, 36, 39, 40, 41, 43, 44, 45, 46, 48, 51, 52, 53, 54, 55, 56, 57, 58, 59, 61, 64, 65, 66, 67, 69, 71, 108, 110, 111, 119, 120, 121, 122, 127, 130, 132, 133, 134, 136, 139, 140, 141, 142, 144, 146, 154, 155, 160, 176, 178, 179, 186, 187, 188, 189, 192, 193, 194, 199, 201, 206, 207, 208, 209, 215, 248, 249, 250, 261, 264, 265, 266, 267, 270, 273, 274, 277, 278, 279, 280, 281, 282, 283, 284, 288, 289, 291, 300, 301, 302, 303, 309, 325, 327, 328, 335, 336, 337, 342, 343, 346, 361, 366, 367, 368, 369, 375, 391, 393, 394, 400, 401, 402, 404, 405, 406, 408, 409, 410, 413, 414, 416, 430, 432, 433, 434, 436, 441, 442, 443, 444, 449], "excluded_lines": [], "functions": {"_derive_strategy_info_from_config": {"executed_lines": [], "summary": {"covered_lines": 0, "num_statements": 27, "percent_covered": 0.0, "percent_covered_display": "0", "missing_lines": 27, "excluded_lines": 0}, "missing_lines": [32, 33, 36, 39, 40, 41, 43, 44, 45, 46, 48, 51, 52, 53, 54, 55, 56, 57, 58, 59, 61, 64, 65, 66, 67, 69, 71], "excluded_lines": []}, "list_strategies": {"executed_lines": [], "summary": {"covered_lines": 0, "num_statements": 22, "percent_covered": 0.0, "percent_covered_display": "0", "missing_lines": 22, "excluded_lines": 0}, "missing_lines": [108, 110, 111, 119, 120, 121, 122, 127, 130, 132, 133, 134, 136, 139, 140, 141, 142, 144, 146, 154, 155, 160], "excluded_lines": []}, "get_strategy": {"executed_lines": [], "summary": {"covered_lines": 0, "num_statements": 17, "percent_covered": 0.0, "percent_covered_display": "0", "missing_lines": 17, "excluded_lines": 0}, "missing_lines": [176, 178, 179, 186, 187, 188, 189, 192, 193, 194, 199, 201, 206, 207, 208, 209, 215], "excluded_lines": []}, "get_merged_config": {"executed_lines": [], "summary": {"covered_lines": 0, "num_statements": 27, "percent_covered": 0.0, "percent_covered_display": "0", "missing_lines": 27, "excluded_lines": 0}, "missing_lines": [248, 249, 250, 261, 264, 265, 266, 267, 270, 273, 274, 277, 278, 279, 280, 281, 282, 283, 284, 288, 289, 291, 300, 301, 302, 303, 309], "excluded_lines": []}, "get_mode_config": {"executed_lines": [], "summary": {"covered_lines": 0, "num_statements": 15, "percent_covered": 0.0, "percent_covered_display": "0", "missing_lines": 15, "excluded_lines": 0}, "missing_lines": [325, 327, 328, 335, 336, 337, 342, 343, 346, 361, 366, 367, 368, 369, 375], "excluded_lines": []}, "list_modes": {"executed_lines": [], "summary": {"covered_lines": 0, "num_statements": 25, "percent_covered": 0.0, "percent_covered_display": "0", "missing_lines": 25, "excluded_lines": 0}, "missing_lines": [391, 393, 394, 400, 401, 402, 404, 405, 406, 408, 409, 410, 413, 414, 416, 430, 432, 433, 434, 436, 441, 442, 443, 444, 449], "excluded_lines": []}, "": {"executed_lines": [1, 3, 4, 5, 6, 7, 9, 14, 15, 16, 21, 23, 24, 30, 94, 100, 163, 169, 218, 221, 224, 232, 240, 312, 318, 378, 384], "summary": {"covered_lines": 26, "num_statements": 26, "percent_covered": 100.0, "percent_covered_display": "100", "missing_lines": 0, "excluded_lines": 0}, "missing_lines": [], "excluded_lines": []}}, "classes": {"": {"executed_lines": [1, 3, 4, 5, 6, 7, 9, 14, 15, 16, 21, 23, 24, 30, 94, 100, 163, 169, 218, 221, 224, 232, 240, 312, 318, 378, 384], "summary": {"covered_lines": 26, "num_statements": 159, "percent_covered": 16.352201257861637, "percent_covered_display": "16", "missing_lines": 133, "excluded_lines": 0}, "missing_lines": [32, 33, 36, 39, 40, 41, 43, 44, 45, 46, 48, 51, 52, 53, 54, 55, 56, 57, 58, 59, 61, 64, 65, 66, 67, 69, 71, 108, 110, 111, 119, 120, 121, 122, 127, 130, 132, 133, 134, 136, 139, 140, 141, 142, 144, 146, 154, 155, 160, 176, 178, 179, 186, 187, 188, 189, 192, 193, 194, 199, 201, 206, 207, 208, 209, 215, 248, 249, 250, 261, 264, 265, 266, 267, 270, 273, 274, 277, 278, 279, 280, 281, 282, 283, 284, 288, 289, 291, 300, 301, 302, 303, 309, 325, 327, 328, 335, 336, 337, 342, 343, 346, 361, 366, 367, 368, 369, 375, 391, 393, 394, 400, 401, 402, 404, 405, 406, 408, 409, 410, 413, 414, 416, 430, 432, 433, 434, 436, 441, 442, 443, 444, 449], "excluded_lines": []}}}, "backend/src/basis_strategy_v1/core/__init__.py": {"executed_lines": [1], "summary": {"covered_lines": 0, "num_statements": 0, "percent_covered": 100.0, "percent_covered_display": "100", "missing_lines": 0, "excluded_lines": 0}, "missing_lines": [], "excluded_lines": [], "functions": {"": {"executed_lines": [1], "summary": {"covered_lines": 0, "num_statements": 0, "percent_covered": 100.0, "percent_covered_display": "100", "missing_lines": 0, "excluded_lines": 0}, "missing_lines": [], "excluded_lines": []}}, "classes": {"": {"executed_lines": [1], "summary": {"covered_lines": 0, "num_statements": 0, "percent_covered": 100.0, "percent_covered_display": "100", "missing_lines": 0, "excluded_lines": 0}, "missing_lines": [], "excluded_lines": []}}}, "backend/src/basis_strategy_v1/core/config/__init__.py": {"executed_lines": [1, 13, 43], "summary": {"covered_lines": 2, "num_statements": 2, "percent_covered": 100.0, "percent_covered_display": "100", "missing_lines": 0, "excluded_lines": 0}, "missing_lines": [], "excluded_lines": [], "functions": {"": {"executed_lines": [1, 13, 43], "summary": {"covered_lines": 2, "num_statements": 2, "percent_covered": 100.0, "percent_covered_display": "100", "missing_lines": 0, "excluded_lines": 0}, "missing_lines": [], "excluded_lines": []}}, "classes": {"": {"executed_lines": [1, 13, 43], "summary": {"covered_lines": 2, "num_statements": 2, "percent_covered": 100.0, "percent_covered_display": "100", "missing_lines": 0, "excluded_lines": 0}, "missing_lines": [], "excluded_lines": []}}}, "backend/src/basis_strategy_v1/core/config/config_models.py": {"executed_lines": [1, 31, 32, 33, 34, 35, 37, 46, 47, 49, 52, 53, 56, 59, 60, 61, 62, 63, 64, 65, 66, 69, 70, 71, 72, 73, 76, 77, 80, 81, 82, 83, 97, 98, 101, 102, 103, 110, 113, 114, 115, 120, 121, 124, 127, 128, 136, 137, 138, 146, 147, 148, 156, 157, 158, 166, 167, 168, 176, 177, 178, 186, 187, 188, 195, 196, 197, 204, 205, 206, 214, 215, 216, 224, 225, 234, 235, 243, 244, 247, 248, 249, 250, 253, 254, 259, 260, 269, 270, 273, 274, 275, 276, 277, 278, 281, 282, 283, 284, 285, 288, 289, 294, 295, 312, 315, 316, 319, 320, 321, 327, 333, 334, 345, 379, 442, 478, 681, 713], "summary": {"covered_lines": 112, "num_statements": 303, "percent_covered": 36.96369636963696, "percent_covered_display": "37", "missing_lines": 191, "excluded_lines": 0}, "missing_lines": [140, 141, 142, 143, 144, 150, 151, 152, 153, 154, 160, 161, 162, 163, 164, 170, 171, 172, 173, 174, 180, 181, 182, 183, 184, 190, 191, 192, 193, 199, 200, 201, 202, 208, 209, 210, 211, 212, 218, 219, 220, 221, 222, 227, 228, 232, 237, 337, 393, 394, 396, 397, 400, 401, 402, 403, 405, 406, 409, 410, 411, 412, 414, 415, 418, 420, 421, 424, 425, 426, 427, 428, 430, 432, 434, 436, 437, 439, 453, 454, 456, 457, 460, 461, 464, 466, 469, 471, 497, 500, 502, 503, 504, 505, 506, 507, 508, 509, 510, 511, 513, 514, 515, 516, 517, 518, 519, 520, 521, 522, 524, 525, 526, 527, 528, 529, 530, 533, 534, 535, 536, 539, 540, 541, 542, 543, 546, 547, 548, 551, 552, 553, 556, 557, 558, 559, 560, 562, 563, 564, 567, 568, 569, 571, 572, 577, 578, 582, 583, 586, 587, 588, 592, 594, 595, 599, 601, 604, 606, 607, 610, 614, 615, 620, 621, 622, 629, 630, 637, 642, 650, 651, 654, 655, 658, 664, 694, 696, 702, 704, 705, 707, 710, 715, 720, 721, 723, 724, 725, 726, 733], "excluded_lines": [], "functions": {"StrategyConfig.validate_mode": {"executed_lines": [], "summary": {"covered_lines": 0, "num_statements": 5, "percent_covered": 0.0, "percent_covered_display": "0", "missing_lines": 5, "excluded_lines": 0}, "missing_lines": [140, 141, 142, 143, 144], "excluded_lines": []}, "StrategyConfig.validate_asset": {"executed_lines": [], "summary": {"covered_lines": 0, "num_statements": 5, "percent_covered": 0.0, "percent_covered_display": "0", "missing_lines": 5, "excluded_lines": 0}, "missing_lines": [150, 151, 152, 153, 154], "excluded_lines": []}, "StrategyConfig.validate_lst_type": {"executed_lines": [], "summary": {"covered_lines": 0, "num_statements": 5, "percent_covered": 0.0, "percent_covered_display": "0", "missing_lines": 5, "excluded_lines": 0}, "missing_lines": [160, 161, 162, 163, 164], "excluded_lines": []}, "StrategyConfig.validate_rewards_mode": {"executed_lines": [], "summary": {"covered_lines": 0, "num_statements": 5, "percent_covered": 0.0, "percent_covered_display": "0", "missing_lines": 5, "excluded_lines": 0}, "missing_lines": [170, 171, 172, 173, 174], "excluded_lines": []}, "StrategyConfig.validate_unwind_mode": {"executed_lines": [], "summary": {"covered_lines": 0, "num_statements": 5, "percent_covered": 0.0, "percent_covered_display": "0", "missing_lines": 5, "excluded_lines": 0}, "missing_lines": [180, 181, 182, 183, 184], "excluded_lines": []}, "StrategyConfig.validate_risk_parameters": {"executed_lines": [], "summary": {"covered_lines": 0, "num_statements": 4, "percent_covered": 0.0, "percent_covered_display": "0", "missing_lines": 4, "excluded_lines": 0}, "missing_lines": [190, 191, 192, 193], "excluded_lines": []}, "StrategyConfig.validate_performance_targets": {"executed_lines": [], "summary": {"covered_lines": 0, "num_statements": 4, "percent_covered": 0.0, "percent_covered_display": "0", "missing_lines": 4, "excluded_lines": 0}, "missing_lines": [199, 200, 201, 202], "excluded_lines": []}, "StrategyConfig.validate_hedge_venues": {"executed_lines": [], "summary": {"covered_lines": 0, "num_statements": 5, "percent_covered": 0.0, "percent_covered_display": "0", "missing_lines": 5, "excluded_lines": 0}, "missing_lines": [208, 209, 210, 211, 212], "excluded_lines": []}, "StrategyConfig.validate_hedge_allocation": {"executed_lines": [], "summary": {"covered_lines": 0, "num_statements": 5, "percent_covered": 0.0, "percent_covered_display": "0", "missing_lines": 5, "excluded_lines": 0}, "missing_lines": [218, 219, 220, 221, 222], "excluded_lines": []}, "StrategyConfig.ltv_target": {"executed_lines": [], "summary": {"covered_lines": 0, "num_statements": 3, "percent_covered": 0.0, "percent_covered_display": "0", "missing_lines": 3, "excluded_lines": 0}, "missing_lines": [227, 228, 232], "excluded_lines": []}, "StrategyConfig.validate_parameter_dependencies": {"executed_lines": [], "summary": {"covered_lines": 0, "num_statements": 1, "percent_covered": 0.0, "percent_covered_display": "0", "missing_lines": 1, "excluded_lines": 0}, "missing_lines": [237], "excluded_lines": []}, "ConfigSchema.validate_full_config_consistency": {"executed_lines": [], "summary": {"covered_lines": 0, "num_statements": 1, "percent_covered": 0.0, "percent_covered_display": "0", "missing_lines": 1, "excluded_lines": 0}, "missing_lines": [337], "excluded_lines": []}, "validate_mode_specific_config": {"executed_lines": [], "summary": {"covered_lines": 0, "num_statements": 30, "percent_covered": 0.0, "percent_covered_display": "0", "missing_lines": 30, "excluded_lines": 0}, "missing_lines": [393, 394, 396, 397, 400, 401, 402, 403, 405, 406, 409, 410, 411, 412, 414, 415, 418, 420, 421, 424, 425, 426, 427, 428, 430, 432, 434, 436, 437, 439], "excluded_lines": []}, "get_mode_specific_config": {"executed_lines": [], "summary": {"covered_lines": 0, "num_statements": 10, "percent_covered": 0.0, "percent_covered_display": "0", "missing_lines": 10, "excluded_lines": 0}, "missing_lines": [453, 454, 456, 457, 460, 461, 464, 466, 469, 471], "excluded_lines": []}, "validate_config_dependencies": {"executed_lines": [], "summary": {"covered_lines": 0, "num_statements": 88, "percent_covered": 0.0, "percent_covered_display": "0", "missing_lines": 88, "excluded_lines": 0}, "missing_lines": [497, 500, 502, 503, 504, 505, 506, 507, 508, 509, 510, 511, 513, 514, 515, 516, 517, 518, 519, 520, 521, 522, 524, 525, 526, 527, 528, 529, 530, 533, 534, 535, 536, 539, 540, 541, 542, 543, 546, 547, 548, 551, 552, 553, 556, 557, 558, 559, 560, 562, 563, 564, 567, 568, 569, 571, 572, 577, 578, 582, 583, 586, 587, 588, 592, 594, 595, 599, 601, 604, 606, 607, 610, 614, 615, 620, 621, 622, 629, 630, 637, 642, 650, 651, 654, 655, 658, 664], "excluded_lines": []}, "load_and_validate_config": {"executed_lines": [], "summary": {"covered_lines": 0, "num_statements": 7, "percent_covered": 0.0, "percent_covered_display": "0", "missing_lines": 7, "excluded_lines": 0}, "missing_lines": [694, 696, 702, 704, 705, 707, 710], "excluded_lines": []}, "get_corrections_from_config": {"executed_lines": [], "summary": {"covered_lines": 0, "num_statements": 8, "percent_covered": 0.0, "percent_covered_display": "0", "missing_lines": 8, "excluded_lines": 0}, "missing_lines": [715, 720, 721, 723, 724, 725, 726, 733], "excluded_lines": []}, "": {"executed_lines": [1, 31, 32, 33, 34, 35, 37, 46, 47, 49, 52, 53, 56, 59, 60, 61, 62, 63, 64, 65, 66, 69, 70, 71, 72, 73, 76, 77, 80, 81, 82, 83, 97, 98, 101, 102, 103, 110, 113, 114, 115, 120, 121, 124, 127, 128, 136, 137, 138, 146, 147, 148, 156, 157, 158, 166, 167, 168, 176, 177, 178, 186, 187, 188, 195, 196, 197, 204, 205, 206, 214, 215, 216, 224, 225, 234, 235, 243, 244, 247, 248, 249, 250, 253, 254, 259, 260, 269, 270, 273, 274, 275, 276, 277, 278, 281, 282, 283, 284, 285, 288, 289, 294, 295, 312, 315, 316, 319, 320, 321, 327, 333, 334, 345, 379, 442, 478, 681, 713], "summary": {"covered_lines": 112, "num_statements": 112, "percent_covered": 100.0, "percent_covered_display": "100", "missing_lines": 0, "excluded_lines": 0}, "missing_lines": [], "excluded_lines": []}}, "classes": {"BacktestConfig": {"executed_lines": [], "summary": {"covered_lines": 0, "num_statements": 0, "percent_covered": 100.0, "percent_covered_display": "100", "missing_lines": 0, "excluded_lines": 0}, "missing_lines": [], "excluded_lines": []}, "StrategyConfig": {"executed_lines": [], "summary": {"covered_lines": 0, "num_statements": 47, "percent_covered": 0.0, "percent_covered_display": "0", "missing_lines": 47, "excluded_lines": 0}, "missing_lines": [140, 141, 142, 143, 144, 150, 151, 152, 153, 154, 160, 161, 162, 163, 164, 170, 171, 172, 173, 174, 180, 181, 182, 183, 184, 190, 191, 192, 193, 199, 200, 201, 202, 208, 209, 210, 211, 212, 218, 219, 220, 221, 222, 227, 228, 232, 237], "excluded_lines": []}, "VenueConfig": {"executed_lines": [], "summary": {"covered_lines": 0, "num_statements": 0, "percent_covered": 100.0, "percent_covered_display": "100", "missing_lines": 0, "excluded_lines": 0}, "missing_lines": [], "excluded_lines": []}, "ShareClassConfig": {"executed_lines": [], "summary": {"covered_lines": 0, "num_statements": 0, "percent_covered": 100.0, "percent_covered_display": "100", "missing_lines": 0, "excluded_lines": 0}, "missing_lines": [], "excluded_lines": []}, "InfrastructureConfig": {"executed_lines": [], "summary": {"covered_lines": 0, "num_statements": 0, "percent_covered": 100.0, "percent_covered_display": "100", "missing_lines": 0, "excluded_lines": 0}, "missing_lines": [], "excluded_lines": []}, "ConfigSchema": {"executed_lines": [], "summary": {"covered_lines": 0, "num_statements": 1, "percent_covered": 0.0, "percent_covered_display": "0", "missing_lines": 1, "excluded_lines": 0}, "missing_lines": [337], "excluded_lines": []}, "": {"executed_lines": [1, 31, 32, 33, 34, 35, 37, 46, 47, 49, 52, 53, 56, 59, 60, 61, 62, 63, 64, 65, 66, 69, 70, 71, 72, 73, 76, 77, 80, 81, 82, 83, 97, 98, 101, 102, 103, 110, 113, 114, 115, 120, 121, 124, 127, 128, 136, 137, 138, 146, 147, 148, 156, 157, 158, 166, 167, 168, 176, 177, 178, 186, 187, 188, 195, 196, 197, 204, 205, 206, 214, 215, 216, 224, 225, 234, 235, 243, 244, 247, 248, 249, 250, 253, 254, 259, 260, 269, 270, 273, 274, 275, 276, 277, 278, 281, 282, 283, 284, 285, 288, 289, 294, 295, 312, 315, 316, 319, 320, 321, 327, 333, 334, 345, 379, 442, 478, 681, 713], "summary": {"covered_lines": 112, "num_statements": 255, "percent_covered": 43.92156862745098, "percent_covered_display": "44", "missing_lines": 143, "excluded_lines": 0}, "missing_lines": [393, 394, 396, 397, 400, 401, 402, 403, 405, 406, 409, 410, 411, 412, 414, 415, 418, 420, 421, 424, 425, 426, 427, 428, 430, 432, 434, 436, 437, 439, 453, 454, 456, 457, 460, 461, 464, 466, 469, 471, 497, 500, 502, 503, 504, 505, 506, 507, 508, 509, 510, 511, 513, 514, 515, 516, 517, 518, 519, 520, 521, 522, 524, 525, 526, 527, 528, 529, 530, 533, 534, 535, 536, 539, 540, 541, 542, 543, 546, 547, 548, 551, 552, 553, 556, 557, 558, 559, 560, 562, 563, 564, 567, 568, 569, 571, 572, 577, 578, 582, 583, 586, 587, 588, 592, 594, 595, 599, 601, 604, 606, 607, 610, 614, 615, 620, 621, 622, 629, 630, 637, 642, 650, 651, 654, 655, 658, 664, 694, 696, 702, 704, 705, 707, 710, 715, 720, 721, 723, 724, 725, 726, 733], "excluded_lines": []}}}, "backend/src/basis_strategy_v1/core/error_codes/__init__.py": {"executed_lines": [1, 7, 17], "summary": {"covered_lines": 2, "num_statements": 2, "percent_covered": 100.0, "percent_covered_display": "100", "missing_lines": 0, "excluded_lines": 0}, "missing_lines": [], "excluded_lines": [], "functions": {"": {"executed_lines": [1, 7, 17], "summary": {"covered_lines": 2, "num_statements": 2, "percent_covered": 100.0, "percent_covered_display": "100", "missing_lines": 0, "excluded_lines": 0}, "missing_lines": [], "excluded_lines": []}}, "classes": {"": {"executed_lines": [1, 7, 17], "summary": {"covered_lines": 2, "num_statements": 2, "percent_covered": 100.0, "percent_covered_display": "100", "missing_lines": 0, "excluded_lines": 0}, "missing_lines": [], "excluded_lines": []}}}, "backend/src/basis_strategy_v1/core/error_codes/error_code_registry.py": {"executed_lines": [1, 8, 9, 10, 11, 13, 16, 17, 18, 19, 20, 21, 24, 25, 26, 27, 28, 29, 30, 31, 32, 35, 36, 38, 39, 40, 41, 44, 46, 50, 59, 68, 81, 95, 111, 127, 144, 153, 167, 181, 192, 204, 215, 230, 246, 255, 266, 276, 287, 289, 290, 292, 293, 300, 301, 303, 304, 305, 307, 311, 315, 319, 323, 327, 331, 336, 353, 356, 361, 366], "summary": {"covered_lines": 66, "num_statements": 77, "percent_covered": 85.71428571428571, "percent_covered_display": "86", "missing_lines": 11, "excluded_lines": 0}, "missing_lines": [309, 313, 317, 321, 325, 329, 333, 338, 358, 363, 368], "excluded_lines": [], "functions": {"ErrorCodeRegistry.__init__": {"executed_lines": [39, 40, 41, 44], "summary": {"covered_lines": 4, "num_statements": 4, "percent_covered": 100.0, "percent_covered_display": "100", "missing_lines": 0, "excluded_lines": 0}, "missing_lines": [], "excluded_lines": []}, "ErrorCodeRegistry._register_all_error_codes": {"executed_lines": [50, 59, 68, 81, 95, 111, 127, 144, 153, 167, 181, 192, 204, 215, 230, 246, 255, 266, 276], "summary": {"covered_lines": 19, "num_statements": 19, "percent_covered": 100.0, "percent_covered_display": "100", "missing_lines": 0, "excluded_lines": 0}, "missing_lines": [], "excluded_lines": []}, "ErrorCodeRegistry._register_component_codes": {"executed_lines": [289, 290, 292, 293, 300, 301, 303, 304, 305], "summary": {"covered_lines": 9, "num_statements": 9, "percent_covered": 100.0, "percent_covered_display": "100", "missing_lines": 0, "excluded_lines": 0}, "missing_lines": [], "excluded_lines": []}, "ErrorCodeRegistry.get_error_info": {"executed_lines": [], "summary": {"covered_lines": 0, "num_statements": 1, "percent_covered": 0.0, "percent_covered_display": "0", "missing_lines": 1, "excluded_lines": 0}, "missing_lines": [309], "excluded_lines": []}, "ErrorCodeRegistry.get_component_codes": {"executed_lines": [], "summary": {"covered_lines": 0, "num_statements": 1, "percent_covered": 0.0, "percent_covered_display": "0", "missing_lines": 1, "excluded_lines": 0}, "missing_lines": [313], "excluded_lines": []}, "ErrorCodeRegistry.get_severity_codes": {"executed_lines": [], "summary": {"covered_lines": 0, "num_statements": 1, "percent_covered": 0.0, "percent_covered_display": "0", "missing_lines": 1, "excluded_lines": 0}, "missing_lines": [317], "excluded_lines": []}, "ErrorCodeRegistry.get_all_codes": {"executed_lines": [], "summary": {"covered_lines": 0, "num_statements": 1, "percent_covered": 0.0, "percent_covered_display": "0", "missing_lines": 1, "excluded_lines": 0}, "missing_lines": [321], "excluded_lines": []}, "ErrorCodeRegistry.validate_code": {"executed_lines": [], "summary": {"covered_lines": 0, "num_statements": 1, "percent_covered": 0.0, "percent_covered_display": "0", "missing_lines": 1, "excluded_lines": 0}, "missing_lines": [325], "excluded_lines": []}, "ErrorCodeRegistry.get_critical_codes": {"executed_lines": [], "summary": {"covered_lines": 0, "num_statements": 1, "percent_covered": 0.0, "percent_covered_display": "0", "missing_lines": 1, "excluded_lines": 0}, "missing_lines": [329], "excluded_lines": []}, "ErrorCodeRegistry.get_high_severity_codes": {"executed_lines": [], "summary": {"covered_lines": 0, "num_statements": 1, "percent_covered": 0.0, "percent_covered_display": "0", "missing_lines": 1, "excluded_lines": 0}, "missing_lines": [333], "excluded_lines": []}, "ErrorCodeRegistry.get_error_summary": {"executed_lines": 
[...]
red_lines": 0, "num_statements": 2, "percent_covered": 0.0, "percent_covered_display": "0", "missing_lines": 2, "excluded_lines": 0}, "missing_lines": [141, 143], "excluded_lines": []}, "ChartStorageManager.archive_result_set": {"executed_lines": [], "summary": {"covered_lines": 0, "num_statements": 16, "percent_covered": 0.0, "percent_covered_display": "0", "missing_lines": 16, "excluded_lines": 0}, "missing_lines": [169, 170, 171, 172, 173, 176, 178, 181, 182, 183, 185, 186, 187, 189, 190, 191], "excluded_lines": []}, "ChartStorageManager.cleanup_on_startup": {"executed_lines": [], "summary": {"covered_lines": 0, "num_statements": 5, "percent_covered": 0.0, "percent_covered_display": "0", "missing_lines": 5, "excluded_lines": 0}, "missing_lines": [195, 196, 197, 198, 199], "excluded_lines": []}, "": {"executed_lines": [], "summary": {"covered_lines": 0, "num_statements": 15, "percent_covered": 0.0, "percent_covered_display": "0", "missing_lines": 15, "excluded_lines": 0}, "missing_lines": [3, 4, 5, 6, 7, 9, 12, 15, 38, 42, 51, 84, 139, 153, 193], "excluded_lines": []}}, "classes": {"ChartStorageManager": {"executed_lines": [], "summary": {"covered_lines": 0, "num_statements": 73, "percent_covered": 0.0, "percent_covered_display": "0", "missing_lines": 73, "excluded_lines": 0}, "missing_lines": [28, 29, 30, 33, 35, 40, 48, 49, 53, 55, 56, 57, 59, 60, 61, 64, 66, 68, 76, 77, 81, 82, 91, 93, 94, 95, 97, 100, 101, 102, 103, 104, 105, 106, 108, 109, 113, 116, 117, 118, 119, 120, 121, 122, 123, 125, 126, 129, 136, 137, 141, 143, 169, 170, 171, 172, 173, 176, 178, 181, 182, 183, 185, 186, 187, 189, 190, 191, 195, 196, 197, 198, 199], "excluded_lines": []}, "": {"executed_lines": [], "summary": {"covered_lines": 0, "num_statements": 15, "percent_covered": 0.0, "percent_covered_display": "0", "missing_lines": 15, "excluded_lines": 0}, "missing_lines": [3, 4, 5, 6, 7, 9, 12, 15, 38, 42, 51, 84, 139, 153, 193], "excluded_lines": []}}}, "backend/src/basis_strategy_v1/infrastructure/visualization/__init__.py": {"executed_lines": [1, 3, 5], "summary": {"covered_lines": 2, "num_statements": 2, "percent_covered": 100.0, "percent_covered_display": "100", "missing_lines": 0, "excluded_lines": 0}, "missing_lines": [], "excluded_lines": [], "functions": {"": {"executed_lines": [1, 3, 5], "summary": {"covered_lines": 2, "num_statements": 2, "percent_covered": 100.0, "percent_covered_display": "100", "missing_lines": 0, "excluded_lines": 0}, "missing_lines": [], "excluded_lines": []}}, "classes": {"": {"executed_lines": [1, 3, 5], "summary": {"covered_lines": 2, "num_statements": 2, "percent_covered": 100.0, "percent_covered_display": "100", "missing_lines": 0, "excluded_lines": 0}, "missing_lines": [], "excluded_lines": []}}}, "backend/src/basis_strategy_v1/infrastructure/visualization/chart_generator.py": {"executed_lines": [1, 7, 8, 9, 10, 11, 12, 13, 14, 16, 19, 20, 22, 67, 177, 279, 290, 309, 322, 412, 478, 538, 586, 642, 713, 824, 834, 843, 884, 893, 993, 1052, 1151, 1157, 1163, 1169], "summary": {"covered_lines": 34, "num_statements": 583, "percent_covered": 5.831903945111493, "percent_covered_display": "6", "missing_lines": 549, "excluded_lines": 0}, "missing_lines": [25, 26, 29, 30, 32, 34, 36, 38, 40, 42, 44, 46, 48, 50, 61, 86, 87, 91, 93, 96, 99, 101, 106, 108, 110, 114, 115, 117, 119, 121, 124, 129, 130, 133, 134, 135, 137, 138, 139, 140, 141, 143, 144, 148, 149, 150, 152, 153, 154, 157, 158, 160, 162, 163, 164, 165, 166, 167, 169, 171, 173, 174, 175, 183, 185, 186, 187, 188, 189, 192, 193, 194, 195, 196, 198, 200, 201, 204, 205, 206, 209, 210, 211, 213, 216, 228, 241, 249, 250, 261, 273, 275, 276, 277, 281, 282, 283, 284, 285, 286, 287, 288, 294, 295, 296, 297, 298, 299, 305, 306, 307, 312, 314, 315, 316, 317, 318, 319, 320, 332, 333, 334, 335, 337, 338, 339, 340, 341, 342, 344, 345, 346, 347, 348, 349, 350, 351, 352, 353, 354, 355, 356, 357, 358, 359, 360, 362, 363, 366, 369, 376, 377, 381, 382, 383, 385, 386, 387, 389, 390, 392, 393, 394, 400, 407, 408, 409, 410, 418, 419, 420, 421, 422, 423, 424, 425, 426, 427, 428, 429, 430, 431, 432, 433, 434, 435, 436, 437, 438, 440, 442, 444, 446, 447, 448, 450, 451, 452, 453, 454, 455, 456, 457, 458, 459, 460, 466, 473, 474, 475, 476, 484, 485, 486, 487, 488, 489, 490, 491, 492, 493, 494, 495, 496, 497, 498, 499, 500, 502, 503, 504, 505, 506, 507, 509, 510, 511, 512, 513, 514, 515, 516, 517, 518, 519, 520, 526, 533, 534, 535, 536, 544, 545, 546, 547, 548, 549, 550, 551, 552, 553, 554, 555, 556, 557, 558, 559, 560, 561, 562, 563, 564, 565, 566, 567, 573, 581, 582, 583, 584, 599, 600, 601, 602, 603, 604, 605, 606, 607, 608, 609, 610, 611, 612, 613, 614, 615, 616, 617, 619, 620, 621, 623, 624, 630, 637, 638, 639, 640, 648, 649, 652, 654, 655, 656, 658, 661, 662, 663, 665, 668, 669, 670, 672, 675, 677, 678, 679, 683, 684, 686, 700, 707, 709, 710, 711, 719, 720, 721, 723, 724, 726, 734, 735, 736, 737, 739, 740, 743, 744, 745, 746, 747, 748, 750, 753, 762, 771, 781, 791, 801, 802, 812, 818, 820, 821, 822, 832, 841, 849, 850, 852, 853, 854, 855, 857, 858, 859, 860, 862, 863, 865, 873, 878, 880, 881, 882, 891, 899, 901, 902, 903, 904, 905, 908, 909, 910, 912, 913, 914, 915, 916, 917, 918, 920, 921, 922, 923, 924, 925, 926, 929, 930, 931, 938, 942, 964, 967, 970, 971, 979, 987, 989, 990, 991, 999, 1000, 1001, 1003, 1004, 1005, 1006, 1011, 1012, 1013, 1014, 1015, 1016, 1019, 1020, 1021, 1022, 1024, 1026, 1027, 1028, 1029, 1030, 1031, 1032, 1033, 1034, 1035, 1036, 1037, 1038, 1039, 1040, 1041, 1042, 1043, 1044, 1045, 1046, 1047, 1048, 1049, 1050, 1058, 1060, 1076, 1077, 1078, 1080, 1082, 1083, 1086, 1087, 1089, 1099, 1100, 1101, 1102, 1105, 1111, 1112, 1119, 1125, 1126, 1127, 1128, 1129, 1131, 1132, 1138, 1145, 1147, 1148, 1149, 1154, 1155, 1160, 1161, 1166, 1167, 1176, 1178, 1179, 1180, 1181, 1183, 1184, 1187, 1188, 1189, 1191, 1193, 1194, 1197, 1200, 1202, 1203, 1204, 1205, 1207, 1209, 1210, 1212, 1213, 1216, 1217, 1220, 1221, 1228, 1229, 1230, 1232, 1233, 1236, 1237, 1239, 1240, 1241, 1242, 1244, 1245, 1247, 1248, 1249], "excluded_lines": [], "functions": {"ChartGenerator.__init__": {"executed_lines": [], "summary": {"covered_lines": 0, "num_statements": 15, "percent_covered": 0.0, "percent_covered_display": "0", "missing_lines": 15, "excluded_lines": 0}, "missing_lines": [25, 26, 29, 30, 32, 34, 36, 38, 40, 42, 44, 46, 48, 50, 61], "excluded_lines": []}, "ChartGenerator.generate_all_charts": {"executed_lines": [], "summary": {"covered_lines": 0, "num_statements": 48, "percent_covered": 0.0, "percent_covered_display": "0", "missing_lines": 48, "excluded_lines": 0}, "missing_lines": [86, 87, 91, 93, 96, 99, 101, 106, 108, 110, 114, 115, 117, 119, 121, 124, 129, 130, 133, 134, 135, 137, 138, 139, 140, 141, 143, 144, 148, 149, 150, 152, 153, 154, 157, 158, 160, 162, 163, 164, 165, 166, 167, 169, 171, 173, 174, 175], "excluded_lines": []}, "ChartGenerator._generate_equity_curve": {"executed_lines": [], "summary": {"covered_lines": 0, "num_statements": 31, "percent_covered": 0.0, "percent_covered_display": "0", "missing_lines": 31, "excluded_lines": 0}, "missing_lines": [183, 185, 186, 187, 188, 189, 192, 193, 194, 195, 196, 198, 200, 201, 204, 205, 206, 209, 210, 211, 213, 216, 228, 241, 249, 250, 261, 273, 275, 276, 277], "excluded_lines": []}, "ChartGenerator._token_parent": {"executed_lines": [], "summary": {"covered_lines": 0, "num_statements": 8, "percent_covered": 0.0, "percent_covered_display": "0", "missing_lines": 8, "excluded_lines": 0}, "missing_lines": [281, 282, 283, 284, 285, 286, 287, 288], "excluded_lines": []}, "ChartGenerator._price_for_token": {"executed_lines": [], "summary": {"covered_lines": 0, "num_statements": 9, "percent_covered": 0.0, "percent_covered_display": "0", "missing_lines": 9, "excluded_lines": 0}, "missing_lines": [294, 295, 296, 297, 298, 299, 305, 306, 307], "excluded_lines": []}, "ChartGenerator._snapshot_positions": {"executed_lines": [], "summary": {"covered_lines": 0, "num_statements": 8, "percent_covered": 0.0, "percent_covered_display": "0", "missing_lines": 8, "excluded_lines": 0}, "missing_lines": [312, 314, 315, 316, 317, 318, 319, 320], "excluded_lines": []}, "ChartGenerator._generate_exposure": {"executed_lines": [], "summary": {"covered_lines": 0, "num_statements": 49, "percent_covered": 0.0, "percent_covered_display": "0", "missing_lines": 49, "excluded_lines": 0}, "missing_lines": [332, 333, 334, 335, 337, 338, 339, 340, 341, 342, 344, 345, 346, 347, 348, 349, 350, 351, 352, 353, 354, 355, 356, 357, 358, 359, 360, 362, 363, 366, 369, 376, 377, 381, 382, 383, 385, 386, 387, 389, 390, 392, 393, 394, 400, 407, 408, 409, 410], "excluded_lines": []}, "ChartGenerator._generate_balance_token": {"executed_lines": [], "summary": {"covered_lines": 0, "num_statements": 43, "percent_covered": 0.0, "percent_covered_display": "0", "missing_lines": 43, "excluded_lines": 0}, "missing_lines": [418, 419, 420, 421, 422, 423, 424, 425, 426, 427, 428, 429, 430, 431, 432, 433, 434, 435, 436, 437, 438, 440, 442, 444, 446, 447, 448, 450, 451, 452, 453, 454, 455, 456, 457, 458, 459, 460, 466, 473, 474, 475, 476], "excluded_lines": []}, "ChartGenerator._generate_balance_venue": {"executed_lines": [], "summary": {"covered_lines": 0, "num_statements": 40, "percent_covered": 0.0, "percent_covered_display": "0", "missing_lines": 40, "excluded_lines": 0}, "missing_lines": [484, 485, 486, 487, 488, 489, 490, 491, 492, 493, 494, 495, 496, 497, 498, 499, 500, 502, 503, 504, 505, 506, 507, 509, 510, 511, 512, 513, 514, 515, 516, 517, 518, 519, 520, 526, 533, 534, 535, 536], "excluded_lines": []}, "ChartGenerator._generate_ltv_ratio": {"executed_lines": [], "summary": {"covered_lines": 0, "num_statements": 29, "percent_covered": 0.0, "percent_covered_display": "0", "missing_lines": 29, "excluded_lines": 0}, "missing_lines": [544, 545, 546, 547, 548, 549, 550, 551, 552, 553, 554, 555, 556, 557, 558, 559, 560, 561, 562, 563, 564, 565, 566, 567, 573, 581, 582, 583, 584], "excluded_lines": []}, "ChartGenerator._generate_margin_health": {"executed_lines": [], "summary": {"covered_lines": 0, "num_statements": 29, "percent_covered": 0.0, "percent_covered_display": "0", "missing_lines": 29, "excluded_lines": 0}, "missing_lines": [599, 600, 601, 602, 603, 604, 605, 606, 607, 608, 609, 610, 611, 612, 613, 614, 615, 616, 617, 619, 620, 621, 623, 624, 630, 637, 638, 639, 640], "excluded_lines": []}, "ChartGenerator._generate_pnl_attribution": {"executed_lines": [], "summary": {"covered_lines": 0, "num_statements": 27, "percent_covered": 0.0, "percent_covered_display": "0", "missing_lines": 27, "excluded_lines": 0}, "missing_lines": [648, 649, 652, 654, 655, 656, 658, 661, 662, 663, 665, 668, 669, 670, 672, 675, 677, 678, 679, 683, 684, 686, 700, 707, 709, 710, 711], "excluded_lines": []}, "ChartGenerator._generate_component_performance": {"executed_lines": [], "summary": {"covered_lines": 0, "num_statements": 31, "percent_covered": 0.0, "percent_covered_display": "0", "missing_lines": 31, "excluded_lines": 0}, "missing_lines": [719, 720, 721, 723, 724, 726, 734, 735, 736, 737, 739, 740, 743, 744, 745, 746, 747, 748, 750, 753, 762, 771, 781, 791, 801, 802, 812, 818, 820, 821, 822], "excluded_lines": []}, "ChartGenerator._generate_balance_evolution": {"executed_lines": [], "summary": {"covered_lines": 0, "num_statements": 1, "percent_covered": 0.0, "percent_covered_display": "0", "missing_lines": 1, "excluded_lines": 0}, "missing_lines": [832], "excluded_lines": []}, "ChartGenerator._generate_rates_yields": {"executed_lines": [], "summary": {"covered_lines": 0, "num_statements": 1, "percent_covered": 0.0, "percent_covered_display": "0", "missing_lines": 1, "excluded_lines": 0}, "missing_lines": [841], "excluded_lines": []}, "ChartGenerator._generate_fee_breakdown": {"executed_lines": [], "summary": {"covered_lines": 0, "num_statements": 18, "percent_covered": 0.0, "percent_covered_display": "0", "missing_lines": 18, "excluded_lines": 0}, "missing_lines": [849, 850, 852, 853, 854, 855, 857, 858, 859, 860, 862, 863, 865, 873, 878, 880, 881, 882], "excluded_lines": []}, "ChartGenerator._generate_trade_history": {"executed_lines": [], "summary": {"covered_lines": 0, "num_statements": 1, "percent_covered": 0.0, "percent_covered_display": "0", "missing_lines": 1, "excluded_lines": 0}, "missing_lines": [891], "excluded_lines": []}, "ChartGenerator._generate_metrics_summary": {"executed_lines": [], "summary": {"covered_lines": 0, "num_statements": 29, "percent_covered": 0.0, "percent_covered_display": "0", "missing_lines": 29, "excluded_lines": 0}, "missing_lines": [899, 901, 902, 903, 904, 905, 908, 909, 910, 912, 922, 923, 924, 925, 926, 929, 930, 931, 938, 942, 964, 967, 970, 971, 979, 987, 989, 990, 991], "excluded_lines": []}, "ChartGenerator._generate_metrics_summary._to_dt": {"executed_lines": [], "summary": {"covered_lines": 0, "num_statements": 8, "percent_covered": 0.0, "percent_covered_display": "0", "missing_lines": 8, "excluded_lines": 0}, "missing_lines": [913, 914, 915, 916, 917, 918, 920, 921], "excluded_lines": []}, "ChartGenerator._estimate_total_traded_volume": {"executed_lines": [], "summary": {"covered_lines": 0, "num_statements": 35, "percent_covered": 0.0, "percent_covered_display": "0", "missing_lines": 35, "excluded_lines": 0}, "missing_lines": [999, 1000, 1001, 1003, 1004, 1005, 1006, 1011, 1012, 1013, 1014, 1015, 1016, 1019, 1030, 1031, 1032, 1033, 1034, 1035, 1036, 1037, 1038, 1039, 1040, 1041, 1042, 1043, 1044, 1045, 1046, 1047, 1048, 1049, 1050], "excluded_lines": []}, "ChartGenerator._estimate_total_traded_volume.agg_tokens": {"executed_lines": [], "summary": {"covered_lines": 0, "num_statements": 8, "percent_covered": 0.0, "percent_covered_display": "0", "missing_lines": 8, "excluded_lines": 0}, "missing_lines": [1020, 1021, 1022, 1024, 1026, 1027, 1028, 1029], "excluded_lines": []}, "ChartGenerator._generate_dashboard": {"executed_lines": [], "summary": {"covered_lines": 0, "num_statements": 31, "percent_covered": 0.0, "percent_covered_display": "0", "missing_lines": 31, "excluded_lines": 0}, "missing_lines": [1058, 1060, 1076, 1077, 1078, 1080, 1082, 1083, 1086, 1087, 1089, 1099, 1100, 1101, 1102, 1105, 1111, 1112, 1119, 1125, 1126, 1127, 1128, 1129, 1131, 1132, 1138, 1145, 1147, 1148, 1149], "excluded_lines": []}, "ChartGenerator._generate_ltv_time_series": {"executed_lines": [], "summary": {"covered_lines": 0, "num_statements": 2, "percent_covered": 0.0, "percent_covered_display": "0", "missing_lines": 2, "excluded_lines": 0}, "missing_lines": [1154, 1155], "excluded_lines": []}, "ChartGenerator._generate_margin_analysis": {"executed_lines": [], "summary": {"covered_lines": 0, "num_statements": 2, "percent_covered": 0.0, "percent_covered_display": "0", "missing_lines": 2, "excluded_lines": 0}, "missing_lines": [1160, 1161], "excluded_lines": []}, "ChartGenerator._generate_eth_move_analysis": {"executed_lines": [], "summary": {"covered_lines": 0, "num_statements": 2, "percent_covered": 0.0, "percent_covered_display": "0", "missing_lines": 2, "excluded_lines": 0}, "missing_lines": [1166, 1167], "excluded_lines": []}, "ChartGenerator._save_data_csv": {"executed_lines": [], "summary": {"covered_lines": 0, "num_statements": 35, "percent_covered": 0.0, "percent_covered_display": "0", "missing_lines": 35, "excluded_lines": 0}, "missing_lines": [1176, 1178, 1179, 1180, 1181, 1183, 1184, 1187, 1188, 1189, 1191, 1193, 1194, 1197, 1200, 1202, 1203, 1204, 1205, 1207, 1209, 1210, 1212, 1213, 1216, 1217, 1220, 1240, 1241, 1242, 1244, 1245, 1247, 1248, 1249], "excluded_lines": []}, "ChartGenerator._save_data_csv.flatten_entry": {"executed_lines": [], "summary": {"covered_lines": 0, "num_statements": 9, "percent_covered": 0.0, "percent_covered_display": "0", "missing_lines": 9, "excluded_lines": 0}, "missing_lines": [1221, 1228, 1229, 1230, 1232, 1233, 1236, 1237, 1239], "excluded_lines": []}, "": {"executed_lines": [1, 7, 8, 9, 10, 11, 12, 13, 14, 16, 19, 20, 22, 67, 177, 279, 290, 309, 322, 412, 478, 538, 586, 642, 713, 824, 834, 843, 884, 893, 993, 1052, 1151, 1157, 1163, 1169], "summary": {"covered_lines": 34, "num_statements": 34, "percent_covered": 100.0, "percent_covered_display": "100", "missing_lines": 0, "excluded_lines": 0}, "missing_lines": [], "excluded_lines": []}}, "classes": {"ChartGenerator": {"executed_lines": [], "summary": {"covered_lines": 0, "num_statements": 549, "percent_covered": 0.0, "percent_covered_display": "0", "missing_lines": 549, "excluded_lines": 0}, "missing_lines": [25, 26, 29, 30, 32, 34, 36, 38, 40, 42, 44, 46, 48, 50, 61, 86, 87, 91, 93, 96, 99, 101, 106, 108, 110, 114, 115, 117, 119, 121, 124, 129, 130, 133, 134, 135, 137, 138, 139, 140, 141, 143, 144, 148, 149, 150, 152, 153, 154, 157, 158, 160, 162, 163, 164, 165, 166, 167, 169, 171, 173, 174, 175, 183, 185, 186, 187, 188, 189, 192, 193, 194, 195, 196, 198, 200, 201, 204, 205, 206, 209, 210, 211, 213, 216, 228, 241, 249, 250, 261, 273, 275, 276, 277, 281, 282, 283, 284, 285, 286, 287, 288, 294, 295, 296, 297, 298, 299, 305, 306, 307, 312, 314, 315, 316, 317, 318, 319, 320, 332, 333, 334, 335, 337, 338, 339, 340, 341, 342, 344, 345, 346, 347, 348, 349, 350, 351, 352, 353, 354, 355, 356, 357, 358, 359, 360, 362, 363, 366, 369, 376, 377, 381, 382, 383, 385, 386, 387, 389, 390, 392, 393, 394, 400, 407, 408, 409, 410, 418, 419, 420, 421, 422, 423, 424, 425, 426, 427, 428, 429, 430, 431, 432, 433, 434, 435, 436, 437, 438, 440, 442, 444, 446, 447, 448, 450, 451, 452, 453, 454, 455, 456, 457, 458, 459, 460, 466, 473, 474, 475, 476, 484, 485, 486, 487, 488, 489, 490, 491, 492, 493, 494, 495, 496, 497, 498, 499, 500, 502, 503, 504, 505, 506, 507, 509, 510, 511, 512, 513, 514, 515, 516, 517, 518, 519, 520, 526, 533, 534, 535, 536, 544, 545, 546, 547, 548, 549, 550, 551, 552, 553, 554, 555, 556, 557, 558, 559, 560, 561, 562, 563, 564, 565, 566, 567, 573, 581, 582, 583, 584, 599, 600, 601, 602, 603, 604, 605, 606, 607, 608, 609, 610, 611, 612, 613, 614, 615, 616, 617, 619, 620, 621, 623, 624, 630, 637, 638, 639, 640, 648, 649, 652, 654, 655, 656, 658, 661, 662, 663, 665, 668, 669, 670, 672, 675, 677, 678, 679, 683, 684, 686, 700, 707, 709, 710, 711, 719, 720, 721, 723, 724, 726, 734, 735, 736, 737, 739, 740, 743, 744, 745, 746, 747, 748, 750, 753, 762, 771, 781, 791, 801, 802, 812, 818, 820, 821, 822, 832, 841, 849, 850, 852, 853, 854, 855, 857, 858, 859, 860, 862, 863, 865, 873, 878, 880, 881, 882, 891, 899, 901, 902, 903, 904, 905, 908, 909, 910, 912, 913, 914, 915, 916, 917, 918, 920, 921, 922, 923, 924, 925, 926, 929, 930, 931, 938, 942, 964, 967, 970, 971, 979, 987, 989, 990, 991, 999, 1000, 1001, 1003, 1004, 1005, 1006, 1011, 1012, 1013, 1014, 1015, 1016, 1019, 1020, 1021, 1022, 1024, 1026, 1027, 1028, 1029, 1030, 1031, 1032, 1033, 1034, 1035, 1036, 1037, 1038, 1039, 1040, 1041, 1042, 1043, 1044, 1045, 1046, 1047, 1048, 1049, 1050, 1058, 1060, 1076, 1077, 1078, 1080, 1082, 1083, 1086, 1087, 1089, 1099, 1100, 1101, 1102, 1105, 1111, 1112, 1119, 1125, 1126, 1127, 1128, 1129, 1131, 1132, 1138, 1145, 1147, 1148, 1149, 1154, 1155, 1160, 1161, 1166, 1167, 1176, 1178, 1179, 1180, 1181, 1183, 1184, 1187, 1188, 1189, 1191, 1193, 1194, 1197, 1200, 1202, 1203, 1204, 1205, 1207, 1209, 1210, 1212, 1213, 1216, 1217, 1220, 1221, 1228, 1229, 1230, 1232, 1233, 1236, 1237, 1239, 1240, 1241, 1242, 1244, 1245, 1247, 1248, 1249], "excluded_lines": []}, "": {"executed_lines": [1, 7, 8, 9, 10, 11, 12, 13, 14, 16, 19, 20, 22, 67, 177, 279, 290, 309, 322, 412, 478, 538, 586, 642, 713, 824, 834, 843, 884, 893, 993, 1052, 1151, 1157, 1163, 1169], "summary": {"covered_lines": 34, "num_statements": 34, "percent_covered": 100.0, "percent_covered_display": "100", "missing_lines": 0, "excluded_lines": 0}, "missing_lines": [], "excluded_lines": []}}}}, "totals": {"covered_lines": 1790, "num_statements": 10624, "percent_covered": 16.84864457831325, "percent_covered_display": "17", "missing_lines": 8834, "excluded_lines": 0}}