{"meta": {"format": 3, "version": "7.8.0", "timestamp": "2025-10-13T09:58:34.913604", "branch_coverage": false, "show_contexts": false}, "files": {"backend/src/basis_strategy_v1/__init__.py": {"executed_lines": [0], "summary": {"covered_lines": 0, "num_statements": 0, "percent_covered": 100.0, "percent_covered_display": "100", "missing_lines": 0, "excluded_lines": 0}, "missing_lines": [], "excluded_lines": [], "functions": {"": {"executed_lines": [], "summary": {"covered_lines": 0, "num_statements": 0, "percent_covered": 100.0, "percent_covered_display": "100", "missing_lines": 0, "excluded_lines": 0}, "missing_lines": [], "excluded_lines": []}}, "classes": {"": {"executed_lines": [], "summary": {"covered_lines": 0, "num_statements": 0, "percent_covered": 100.0, "percent_covered_display": "100", "missing_lines": 0, "excluded_lines": 0}, "missing_lines": [], "excluded_lines": []}}}, "backend/src/basis_strategy_v1/__version__.py": {"executed_lines": [], "summary": {"covered_lines": 0, "num_statements": 4, "percent_covered": 0.0, "percent_covered_display": "0", "missing_lines": 4, "excluded_lines": 0}, "missing_lines": [3, 4, 5, 6], "excluded_lines": [], "functions": {"": {"executed_lines": [], "summary": {"covered_lines": 0, "num_statements": 4, "percent_covered": 0.0, "percent_covered_display": "0", "missing_lines": 4, "excluded_lines": 0}, "missing_lines": [3, 4, 5, 6], "excluded_lines": []}}, "classes": {"": {"executed_lines": [], "summary": {"covered_lines": 0, "num_statements": 4, "percent_covered": 0.0, "percent_covered_display": "0", "missing_lines": 4, "excluded_lines": 0}, "missing_lines": [3, 4, 5, 6], "excluded_lines": []}}}, "backend/src/basis_strategy_v1/api/__init__.py": {"executed_lines": [1, 7], "summary": {"covered_lines": 1, "num_statements": 2, "percent_covered": 50.0, "percent_covered_display": "50", "missing_lines": 1, "excluded_lines": 0}, "missing_lines": [9], "excluded_lines": [], "functions": {"": {"executed_lines": [1, 7], "summary": {"covered_lines": 1, "num_statements": 2, "percent_covered": 50.0, "percent_covered_display": "50", "missing_lines": 1, "excluded_lines": 0}, "missing_lines": [9], "excluded_lines": []}}, "classes": {"": {"executed_lines": [1, 7], "summary": {"covered_lines": 1, "num_statements": 2, "percent_covered": 50.0, "percent_covered_display": "50", "missing_lines": 1, "excluded_lines": 0}, "missing_lines": [9], "excluded_lines": []}}}, "backend/src/basis_strategy_v1/api/dependencies.py": {"executed_lines": [1, 7, 8, 9, 10, 11, 13, 14, 15], "summary": {"covered_lines": 8, "num_statements": 263, "percent_covered": 3.041825095057034, "percent_covered_display": "3", "missing_lines": 255, "excluded_lines": 0}, "missing_lines": [17, 23, 25, 28, 29, 31, 32, 33, 34, 35, 38, 39, 46, 48, 51, 53, 54, 59, 67, 68, 75, 77, 80, 82, 83, 88, 91, 106, 107, 109, 110, 111, 112, 113, 115, 116, 117, 118, 121, 123, 124, 127, 128, 129, 131, 132, 135, 136, 138, 141, 152, 153, 155, 157, 158, 159, 162, 164, 167, 169, 170, 175, 179, 180, 182, 184, 185, 187, 188, 191, 194, 195, 197, 199, 200, 202, 203, 204, 211, 212, 218, 219, 222, 224, 226, 227, 228, 230, 232, 233, 234, 235, 236, 241, 243, 244, 245, 246, 249, 253, 255, 257, 258, 261, 264, 268, 269, 271, 272, 273, 274, 276, 278, 279, 280, 281, 282, 283, 285, 286, 287, 291, 293, 294, 295, 296, 298, 300, 301, 302, 303, 304, 307, 314, 316, 317, 320, 328, 331, 333, 334, 335, 336, 337, 339, 340, 342, 343, 345, 346, 347, 352, 354, 355, 356, 372, 374, 375, 378, 381, 382, 383, 384, 385, 387, 388, 390, 392, 400, 402, 408, 409, 411, 412, 414, 416, 419, 422, 423, 425, 427, 428, 431, 432, 433, 436, 444, 447, 448, 449, 450, 452, 454, 455, 456, 457, 459, 461, 462, 464, 466, 468, 470, 472, 474, 475, 476, 477, 480, 483, 484, 485, 486, 488, 490, 499, 501, 504, 514, 516, 518, 519, 520, 521, 522, 523, 524, 525, 527, 529, 530, 531, 532, 534, 536, 538, 539, 550, 552, 554, 556, 558, 574, 576, 589, 592, 593, 594, 595, 597, 599, 601, 603, 616, 618], "excluded_lines": [], "functions": {"get_config_manager": {"executed_lines": [], "summary": {"covered_lines": 0, "num_statements": 5, "percent_covered": 0.0, "percent_covered_display": "0", "missing_lines": 5, "excluded_lines": 0}, "missing_lines": [31, 32, 33, 34, 35], "excluded_lines": []}, "get_backtest_service": {"executed_lines": [], "summary": {"covered_lines": 0, "num_statements": 6, "percent_covered": 0.0, "percent_covered_display": "0", "missing_lines": 6, "excluded_lines": 0}, "missing_lines": [46, 48, 51, 53, 54, 59], "excluded_lines": []}, "get_live_trading_service": {"executed_lines": [], "summary": {"covered_lines": 0, "num_statements": 6, "percent_covered": 0.0, "percent_covered_display": "0", "missing_lines": 6, "excluded_lines": 0}, "missing_lines": [75, 77, 80, 82, 83, 88], "excluded_lines": []}, "get_data_provider": {"executed_lines": [], "summary": {"covered_lines": 0, "num_statements": 29, "percent_covered": 0.0, "percent_covered_display": "0", "missing_lines": 29, "excluded_lines": 0}, "missing_lines": [106, 107, 109, 110, 111, 112, 113, 115, 116, 117, 118, 121, 123, 124, 127, 128, 129, 131, 132, 135, 136, 138, 141, 152, 153, 155, 157, 158, 159], "excluded_lines": []}, "get_execution_engine": {"executed_lines": [], "summary": {"covered_lines": 0, "num_statements": 5, "percent_covered": 0.0, "percent_covered_display": "0", "missing_lines": 5, "excluded_lines": 0}, "missing_lines": [164, 167, 169, 170, 175], "excluded_lines": []}, "get_metrics_calculator": {"executed_lines": [], "summary": {"covered_lines": 0, "num_statements": 6, "percent_covered": 0.0, "percent_covered_display": "0", "missing_lines": 6, "excluded_lines": 0}, "missing_lines": [182, 184, 185, 187, 188, 191], "excluded_lines": []}, "get_result_store": {"executed_lines": [], "summary": {"covered_lines": 0, "num_statements": 6, "percent_covered": 0.0, "percent_covered_display": "0", "missing_lines": 6, "excluded_lines": 0}, "missing_lines": [197, 199, 200, 202, 203, 204], "excluded_lines": []}, "get_health_checker": {"executed_lines": [], "summary": {"covered_lines": 0, "num_statements": 9, "percent_covered": 0.0, "percent_covered_display": "0", "missing_lines": 9, "excluded_lines": 0}, "missing_lines": [218, 219, 222, 224, 253, 255, 257, 258, 261], "excluded_lines": []}, "get_health_checker._get_dependencies": {"executed_lines": [], "summary": {"covered_lines": 0, "num_statements": 15, "percent_covered": 0.0, "percent_covered_display": "0", "missing_lines": 15, "excluded_lines": 0}, "missing_lines": [226, 227, 228, 230, 232, 233, 234, 235, 236, 241, 243, 244, 245, 246, 249], "excluded_lines": []}, "get_unified_health_manager": {"executed_lines": [], "summary": {"covered_lines": 0, "num_statements": 32, "percent_covered": 0.0, "percent_covered_display": "0", "missing_lines": 32, "excluded_lines": 0}, "missing_lines": [268, 269, 271, 272, 273, 274, 276, 278, 279, 280, 281, 282, 283, 285, 286, 287, 291, 293, 294, 295, 296, 298, 300, 301, 302, 303, 304, 307, 314, 316, 317, 320], "excluded_lines": []}, "StubBacktestService.__init__": {"executed_lines": [], "summary": {"covered_lines": 0, "num_statements": 5, "percent_covered": 0.0, "percent_covered_display": "0", "missing_lines": 5, "excluded_lines": 0}, "missing_lines": [333, 334, 335, 336, 337], "excluded_lines": []}, "StubBacktestService.create_request": {"executed_lines": [], "summary": {"covered_lines": 0, "num_statements": 1, "percent_covered": 0.0, "percent_covered_display": "0", "missing_lines": 1, "excluded_lines": 0}, "missing_lines": [340], "excluded_lines": []}, "StubBacktestService.run_backtest": {"executed_lines": [], "summary": {"covered_lines": 0, "num_statements": 1, "percent_covered": 0.0, "percent_covered_display": "0", "missing_lines": 1, "excluded_lines": 0}, "missing_lines": [343], "excluded_lines": []}, "StubBacktestService.get_status": {"executed_lines": [], "summary": {"covered_lines": 0, "num_statements": 3, "percent_covered": 0.0, "percent_covered_display": "0", "missing_lines": 3, "excluded_lines": 0}, "missing_lines": [346, 347, 352], "excluded_lines": []}, "StubBacktestService.get_result": {"executed_lines": [], "summary": {"covered_lines": 0, "num_statements": 3, "percent_covered": 0.0, "percent_covered_display": "0", "missing_lines": 3, "excluded_lines": 0}, "missing_lines": [355, 356, 372], "excluded_lines": []}, "StubBacktestService.cancel_backtest": {"executed_lines": [], "summary": {"covered_lines": 0, "num_statements": 1, "percent_covered": 0.0, "percent_covered_display": "0", "missing_lines": 1, "excluded_lines": 0}, "missing_lines": [375], "excluded_lines": []}, "StubDataProvider.__init__": {"executed_lines": [], "summary": {"covered_lines": 0, "num_statements": 4, "percent_covered": 0.0, "percent_covered_display": "0", "missing_lines": 4, "excluded_lines": 0}, "missing_lines": [382, 383, 384, 385], "excluded_lines": []}, "StubDataProvider.load_data": {"executed_lines": [], "summary": {"covered_lines": 0, "num_statements": 1, "percent_covered": 0.0, "percent_covered_display": "0", "missing_lines": 1, "excluded_lines": 0}, "missing_lines": [388], "excluded_lines": []}, "StubDataProvider.get_price": {"executed_lines": [], "summary": {"covered_lines": 0, "num_statements": 2, "percent_covered": 0.0, "percent_covered_display": "0", "missing_lines": 2, "excluded_lines": 0}, "missing_lines": [392, 400], "excluded_lines": []}, "StubDataProvider.get_lending_rate": {"executed_lines": [], "summary": {"covered_lines": 0, "num_statements": 4, "percent_covered": 0.0, "percent_covered_display": "0", "missing_lines": 4, "excluded_lines": 0}, "missing_lines": [408, 409, 411, 412], "excluded_lines": []}, "StubDataProvider.get_staking_yield": {"executed_lines": [], "summary": {"covered_lines": 0, "num_statements": 1, "percent_covered": 0.0, "percent_covered_display": "0", "missing_lines": 1, "excluded_lines": 0}, "missing_lines": [416], "excluded_lines": []}, "StubMetricsCalculator.__init__": {"executed_lines": [], "summary": {"covered_lines": 0, "num_statements": 1, "percent_covered": 0.0, "percent_covered_display": "0", "missing_lines": 1, "excluded_lines": 0}, "missing_lines": [423], "excluded_lines": []}, "StubMetricsCalculator.calculate_metrics": {"executed_lines": [], "summary": {"covered_lines": 0, "num_statements": 6, "percent_covered": 0.0, "percent_covered_display": "0", "missing_lines": 6, "excluded_lines": 0}, "missing_lines": [427, 428, 431, 432, 433, 436], "excluded_lines": []}, "StubResultStore.__init__": {"executed_lines": [], "summary": {"covered_lines": 0, "num_statements": 3, "percent_covered": 0.0, "percent_covered_display": "0", "missing_lines": 3, "excluded_lines": 0}, "missing_lines": [448, 449, 450], "excluded_lines": []}, "StubResultStore.save_result": {"executed_lines": [], "summary": {"covered_lines": 0, "num_statements": 4, "percent_covered": 0.0, "percent_covered_display": "0", "missing_lines": 4, "excluded_lines": 0}, "missing_lines": [454, 455, 456, 457], "excluded_lines": []}, "StubResultStore.save": {"executed_lines": [], "summary": {"covered_lines": 0, "num_statements": 2, "percent_covered": 0.0, "percent_covered_display": "0", "missing_lines": 2, "excluded_lines": 0}, "missing_lines": [461, 462], "excluded_lines": []}, "StubResultStore.get_result": {"executed_lines": [], "summary": {"covered_lines": 0, "num_statements": 1, "percent_covered": 0.0, "percent_covered_display": "0", "missing_lines": 1, "excluded_lines": 0}, "missing_lines": [466], "excluded_lines": []}, "StubResultStore.list_results": {"executed_lines": [], "summary": {"covered_lines": 0, "num_statements": 1, "percent_covered": 0.0, "percent_covered_display": "0", "missing_lines": 1, "excluded_lines": 0}, "missing_lines": [470], "excluded_lines": []}, "StubResultStore.delete_result": {"executed_lines": [], "summary": {"covered_lines": 0, "num_statements": 4, "percent_covered": 0.0, "percent_covered_display": "0", "missing_lines": 4, "excluded_lines": 0}, "missing_lines": [474, 475, 476, 477], "excluded_lines": []}, "StubLiveTradingService.__init__": {"executed_lines": [], "summary": {"covered_lines": 0, "num_statements": 3, "percent_covered": 0.0, "percent_covered_display": "0", "missing_lines": 3, "excluded_lines": 0}, "missing_lines": [484, 485, 486], "excluded_lines": []}, "StubLiveTradingService.create_request": {"executed_lines": [], "summary": {"covered_lines": 0, "num_statements": 1, "percent_covered": 0.0, "percent_covered_display": "0", "missing_lines": 1, "excluded_lines": 0}, "missing_lines": [490], "excluded_lines": []}, "StubLiveTradingService.start_live_trading": {"executed_lines": [], "summary": {"covered_lines": 0, "num_statements": 3, "percent_covered": 0.0, "percent_covered_display": "0", "missing_lines": 3, "excluded_lines": 0}, "missing_lines": [501, 504, 514], "excluded_lines": []}, "StubLiveTradingService.stop_live_trading": {"executed_lines": [], "summary": {"covered_lines": 0, "num_statements": 8, "percent_covered": 0.0, "percent_covered_display": "0", "missing_lines": 8, "excluded_lines": 0}, "missing_lines": [518, 519, 520, 521, 522, 523, 524, 525], "excluded_lines": []}, "StubLiveTradingService.get_status": {"executed_lines": [], "summary": {"covered_lines": 0, "num_statements": 5, "percent_covered": 0.0, "percent_covered_display": "0", "missing_lines": 5, "excluded_lines": 0}, "missing_lines": [529, 530, 531, 532, 534], "excluded_lines": []}, "StubLiveTradingService.get_performance_metrics": {"executed_lines": [], "summary": {"covered_lines": 0, "num_statements": 3, "percent_covered": 0.0, "percent_covered_display": "0", "missing_lines": 3, "excluded_lines": 0}, "missing_lines": [538, 539, 550], "excluded_lines": []}, "StubLiveTradingService.emergency_stop": {"executed_lines": [], "summary": {"covered_lines": 0, "num_statements": 1, "percent_covered": 0.0, "percent_covered_display": "0", "missing_lines": 1, "excluded_lines": 0}, "missing_lines": [554], "excluded_lines": []}, "StubLiveTradingService.health_check": {"executed_lines": [], "summary": {"covered_lines": 0, "num_statements": 1, "percent_covered": 0.0, "percent_covered_display": "0", "missing_lines": 1, "excluded_lines": 0}, "missing_lines": [558], "excluded_lines": []}, "StubLiveTradingService.get_all_running_strategies": {"executed_lines": [], "summary": {"covered_lines": 0, "num_statements": 1, "percent_covered": 0.0, "percent_covered_display": "0", "missing_lines": 1, "excluded_lines": 0}, "missing_lines": [576], "excluded_lines": []}, "StubUnifiedHealthManager.__init__": {"executed_lines": [], "summary": {"covered_lines": 0, "num_statements": 3, "percent_covered": 0.0, "percent_covered_display": "0", "missing_lines": 3, "excluded_lines": 0}, "missing_lines": [593, 594, 595], "excluded_lines": []}, "StubUnifiedHealthManager.set_infrastructure_dependencies": {"executed_lines": [], "summary": {"covered_lines": 0, "num_statements": 1, "percent_covered": 0.0, "percent_covered_display": "0", "missing_lines": 1, "excluded_lines": 0}, "missing_lines": [599], "excluded_lines": []}, "StubUnifiedHealthManager.check_basic_health": {"executed_lines": [], "summary": {"covered_lines": 0, "num_statements": 1, "percent_covered": 0.0, "percent_covered_display": "0", "missing_lines": 1, "excluded_lines": 0}, "missing_lines": [603], "excluded_lines": []}, "StubUnifiedHealthManager.check_detailed_health": {"executed_lines": [], "summary": {"covered_lines": 0, "num_statements": 1, "percent_covered": 0.0, "percent_covered_display": "0", "missing_lines": 1, "excluded_lines": 0}, "missing_lines": [618], "excluded_lines": []}, "": {"executed_lines": [1, 7, 8, 9, 10, 11, 13, 14, 15], "summary": {"covered_lines": 8, "num_statements": 64, "percent_covered": 12.5, "percent_covered_display": "12", "missing_lines": 56, "excluded_lines": 0}, "missing_lines": [17, 23, 25, 28, 29, 38, 39, 67, 68, 91, 162, 179, 180, 194, 195, 211, 212, 264, 328, 331, 339, 342, 345, 354, 374, 378, 381, 387, 390, 402, 414, 419, 422, 425, 444, 447, 452, 459, 464, 468, 472, 480, 483, 488, 499, 516, 527, 536, 552, 556, 574, 589, 592, 597, 601, 616], "excluded_lines": []}}, "classes": {"DependencyError": {"executed_lines": [], "summary": {"covered_lines": 0, "num_statements": 0, "percent_covered": 100.0, "percent_covered_display": "100", "missing_lines": 0, "excluded_lines": 0}, "missing_lines": [], "excluded_lines": []}, "StubBacktestService": {"executed_lines": [], "summary": {"covered_lines": 0, "num_statements": 14, "percent_covered": 0.0, "percent_covered_display": "0", "missing_lines": 14, "excluded_lines": 0}, "missing_lines": [333, 334, 335, 336, 337, 340, 343, 346, 347, 352, 355, 356, 372, 375], "excluded_lines": []}, "StubDataProvider": {"executed_lines": [], "summary": {"covered_lines": 0, "num_statements": 12, "percent_covered": 0.0, "percent_covered_display": "0", "missing_lines": 12, "excluded_lines": 0}, "missing_lines": [382, 383, 384, 385, 388, 392, 400, 408, 409, 411, 412, 416], "excluded_lines": []}, "StubMetricsCalculator": {"executed_lines": [], "summary": {"covered_lines": 0, "num_statements": 7, "percent_covered": 0.0, "percent_covered_display": "0", "missing_lines": 7, "excluded_lines": 0}, "missing_lines": [423, 427, 428, 431, 432, 433, 436], "excluded_lines": []}, "StubResultStore": {"executed_lines": [], "summary": {"covered_lines": 0, "num_statements": 15, "percent_covered": 0.0, "percent_covered_display": "0", "missing_lines": 15, "excluded_lines": 0}, "missing_lines": [448, 449, 450, 454, 455, 456, 457, 461, 462, 466, 470, 474, 475, 476, 477], "excluded_lines": []}, "StubLiveTradingService": {"executed_lines": [], "summary": {"covered_lines": 0, "num_statements": 26, "percent_covered": 0.0, "percent_covered_display": "0", "missing_lines": 26, "excluded_lines": 0}, "missing_lines": [484, 485, 486, 490, 501, 504, 514, 518, 519, 520, 521, 522, 523, 524, 525, 529, 530, 531, 532, 534, 538, 539, 550, 554, 558, 576], "excluded_lines": []}, "StubUnifiedHealthManager": {"executed_lines": [], "summary": {"covered_lines": 0, "num_statements": 6, "percent_covered": 0.0, "percent_covered_display": "0", "missing_lines": 6, "excluded_lines": 0}, "missing_lines": [593, 594, 595, 599, 603, 618], "excluded_lines": []}, "": {"executed_lines": [1, 7, 8, 9, 10, 11, 13, 14, 15], "summary": {"covered_lines": 8, "num_statements": 183, "percent_covered": 4.371584699453552, "percent_covered_display": "4", "missing_lines": 175, "excluded_lines": 0}, "missing_lines": [17, 23, 25, 28, 29, 31, 32, 33, 34, 35, 38, 39, 46, 48, 51, 53, 54, 59, 67, 68, 75, 77, 80, 82, 83, 88, 91, 106, 107, 109, 110, 111, 112, 113, 115, 116, 117, 118, 121, 123, 124, 127, 128, 129, 131, 132, 135, 136, 138, 141, 152, 153, 155, 157, 158, 159, 162, 164, 167, 169, 170, 175, 179, 180, 182, 184, 185, 187, 188, 191, 194, 195, 197, 199, 200, 202, 203, 204, 211, 212, 218, 219, 222, 224, 226, 227, 228, 230, 232, 233, 234, 235, 236, 241, 243, 244, 245, 246, 249, 253, 255, 257, 258, 261, 264, 268, 269, 271, 272, 273, 274, 276, 278, 279, 280, 281, 282, 283, 285, 286, 287, 291, 293, 294, 295, 296, 298, 300, 301, 302, 303, 304, 307, 314, 316, 317, 320, 328, 331, 339, 342, 345, 354, 374, 378, 381, 387, 390, 402, 414, 419, 422, 425, 444, 447, 452, 459, 464, 468, 472, 480, 483, 488, 499, 516, 527, 536, 552, 556, 574, 589, 592, 597, 601, 616], "excluded_lines": []}}}, "backend/src/basis_strategy_v1/api/health.py": {"executed_lines": [], "summary": {"covered_lines": 0, "num_statements": 33, "percent_covered": 0.0, "percent_covered_display": "0", "missing_lines": 33, "excluded_lines": 0}, "missing_lines": [11, 12, 13, 15, 16, 18, 20, 23, 24, 30, 31, 33, 35, 41, 42, 43, 49, 50, 56, 57, 59, 61, 67, 68, 69, 75, 76, 82, 83, 85, 91, 92, 93], "excluded_lines": [], "functions": {"basic_health": {"executed_lines": [], "summary": {"covered_lines": 0, "num_statements": 7, "percent_covered": 0.0, "percent_covered_display": "0", "missing_lines": 7, "excluded_lines": 0}, "missing_lines": [30, 31, 33, 35, 41, 42, 43], "excluded_lines": []}, "detailed_health": {"executed_lines": [], "summary": {"covered_lines": 0, "num_statements": 7, "percent_covered": 0.0, "percent_covered_display": "0", "missing_lines": 7, "excluded_lines": 0}, "missing_lines": [56, 57, 59, 61, 67, 68, 69], "excluded_lines": []}, "health_status": {"executed_lines": [], "summary": {"covered_lines": 0, "num_statements": 6, "percent_covered": 0.0, "percent_covered_display": "0", "missing_lines": 6, "excluded_lines": 0}, "missing_lines": [82, 83, 85, 91, 92, 93], "excluded_lines": []}, "": {"executed_lines": [], "summary": {"covered_lines": 0, "num_statements": 13, "percent_covered": 0.0, "percent_covered_display": "0", "missing_lines": 13, "excluded_lines": 0}, "missing_lines": [11, 12, 13, 15, 16, 18, 20, 23, 24, 49, 50, 75, 76], "excluded_lines": []}}, "classes": {"": {"executed_lines": [], "summary": {"covered_lines": 0, "num_statements": 33, "percent_covered": 0.0, "percent_covered_display": "0", "missing_lines": 33, "excluded_lines": 0}, "missing_lines": [11, 12, 13, 15, 16, 18, 20, 23, 24, 30, 31, 33, 35, 41, 42, 43, 49, 50, 56, 57, 59, 61, 67, 68, 69, 75, 76, 82, 83, 85, 91, 92, 93], "excluded_lines": []}}}, "backend/src/basis_strategy_v1/api/main.py": {"executed_lines": [1, 7, 8, 9, 10, 11, 12, 13, 14, 16], "summary": {"covered_lines": 9, "num_statements": 138, "percent_covered": 6.521739130434782, "percent_covered_display": "7", "missing_lines": 129, "excluded_lines": 0}, "missing_lines": [17, 18, 19, 20, 21, 22, 23, 25, 27, 30, 31, 32, 33, 36, 37, 38, 39, 42, 43, 44, 45, 46, 47, 48, 49, 50, 52, 53, 54, 55, 56, 57, 58, 59, 60, 62, 63, 64, 65, 66, 67, 68, 69, 70, 72, 73, 75, 78, 83, 105, 106, 107, 108, 110, 111, 112, 113, 114, 117, 118, 119, 121, 124, 127, 128, 134, 135, 138, 139, 140, 141, 142, 144, 151, 159, 161, 162, 165, 166, 167, 168, 172, 174, 176, 177, 179, 181, 183, 186, 190, 201, 202, 203, 204, 206, 246, 255, 258, 263, 268, 273, 278, 283, 288, 293, 298, 303, 310, 311, 314, 315, 316, 318, 327, 329, 343, 344, 346, 347, 358, 362, 365, 368, 369, 370, 371, 373, 405, 406], "excluded_lines": [], "functions": {"_validate_live_trading_config": {"executed_lines": [], "summary": {"covered_lines": 0, "num_statements": 39, "percent_covered": 0.0, "percent_covered_display": "0", "missing_lines": 39, "excluded_lines": 0}, "missing_lines": [27, 30, 31, 32, 33, 36, 37, 38, 39, 42, 43, 44, 45, 46, 47, 48, 49, 50, 52, 53, 54, 55, 56, 57, 58, 59, 60, 62, 63, 64, 65, 66, 67, 68, 69, 70, 72, 73, 75], "excluded_lines": []}, "validate_core_startup_config": {"executed_lines": [], "summary": {"covered_lines": 0, "num_statements": 14, "percent_covered": 0.0, "percent_covered_display": "0", "missing_lines": 14, "excluded_lines": 0}, "missing_lines": [83, 105, 106, 107, 108, 110, 111, 112, 113, 114, 117, 118, 119, 121], "excluded_lines": []}, "lifespan": {"executed_lines": [], "summary": {"covered_lines": 0, "num_statements": 22, "percent_covered": 0.0, "percent_covered_display": "0", "missing_lines": 22, "excluded_lines": 0}, "missing_lines": [138, 139, 140, 141, 142, 144, 151, 159, 161, 162, 165, 166, 167, 168, 172, 174, 176, 177, 179, 181, 183, 186], "excluded_lines": []}, "create_application": {"executed_lines": [], "summary": {"covered_lines": 0, "num_statements": 24, "percent_covered": 0.0, "percent_covered_display": "0", "missing_lines": 24, "excluded_lines": 0}, "missing_lines": [201, 202, 203, 204, 206, 246, 255, 258, 263, 268, 273, 278, 283, 288, 293, 298, 303, 310, 311, 314, 315, 343, 344, 358], "excluded_lines": []}, "create_application.global_exception_handler": {"executed_lines": [], "summary": {"covered_lines": 0, "num_statements": 4, "percent_covered": 0.0, "percent_covered_display": "0", "missing_lines": 4, "excluded_lines": 0}, "missing_lines": [316, 318, 327, 329], "excluded_lines": []}, "create_application.root": {"executed_lines": [], "summary": {"covered_lines": 0, "num_statements": 2, "percent_covered": 0.0, "percent_covered_display": "0", "missing_lines": 2, "excluded_lines": 0}, "missing_lines": [346, 347], "excluded_lines": []}, "run": {"executed_lines": [], "summary": {"covered_lines": 0, "num_statements": 5, "percent_covered": 0.0, "percent_covered_display": "0", "missing_lines": 5, "excluded_lines": 0}, "missing_lines": [368, 369, 370, 371, 373], "excluded_lines": []}, "": {"executed_lines": [1, 7, 8, 9, 10, 11, 12, 13, 14, 16], "summary": {"covered_lines": 9, "num_statements": 28, "percent_covered": 32.142857142857146, "percent_covered_display": "32", "missing_lines": 19, "excluded_lines": 0}, "missing_lines": [17, 18, 19, 20, 21, 22, 23, 25, 78, 124, 127, 128, 134, 135, 190, 362, 365, 405, 406], "excluded_lines": []}}, "classes": {"": {"executed_lines": [1, 7, 8, 9, 10, 11, 12, 13, 14, 16], "summary": {"covered_lines": 9, "num_statements": 138, "percent_covered": 6.521739130434782, "percent_covered_display": "7", "missing_lines": 129, "excluded_lines": 0}, "missing_lines": [17, 18, 19, 20, 21, 22, 23, 25, 27, 30, 31, 32, 33, 36, 37, 38, 39, 42, 43, 44, 45, 46, 47, 48, 49, 50, 52, 53, 54, 55, 56, 57, 58, 59, 60, 62, 63, 64, 65, 66, 67, 68, 69, 70, 72, 73, 75, 78, 83, 105, 106, 107, 108, 110, 111, 112, 113, 114, 117, 118, 119, 121, 124, 127, 128, 134, 135, 138, 139, 140, 141, 142, 144, 151, 159, 161, 162, 165, 166, 167, 168, 172, 174, 176, 177, 179, 181, 183, 186, 190, 201, 202, 203, 204, 206, 246, 255, 258, 263, 268, 273, 278, 283, 288, 293, 298, 303, 310, 311, 314, 315, 316, 318, 327, 329, 343, 344, 346, 347, 358, 362, 365, 368, 369, 370, 371, 373, 405, 406], "excluded_lines": []}}}, "backend/src/basis_strategy_v1/api/middleware/__init__.py": {"executed_lines": [], "summary": {"covered_lines": 0, "num_statements": 2, "percent_covered": 0.0, "percent_covered_display": "0", "missing_lines": 2, "excluded_lines": 0}, "missing_lines": [7, 9], "excluded_lines": [], "functions": {"": {"executed_lines": [], "summary": {"covered_lines": 0, "num_statements": 2, "percent_covered": 0.0, "percent_covered_display": "0", "missing_lines": 2, "excluded_lines": 0}, "missing_lines": [7, 9], "excluded_lines": []}}, "classes": {"": {"executed_lines": [], "summary": {"covered_lines": 0, "num_statements": 2, "percent_covered": 0.0, "percent_covered_display": "0", "missing_lines": 2, "excluded_lines": 0}, "missing_lines": [7, 9], "excluded_lines": []}}}, "backend/src/basis_strategy_v1/api/middleware/correlation.py": {"executed_lines": [], "summary": {"covered_lines": 0, "num_statements": 14, "percent_covered": 0.0, "percent_covered_display": "0", "missing_lines": 14, "excluded_lines": 0}, "missing_lines": [3, 4, 5, 6, 8, 11, 14, 17, 20, 23, 32, 35, 38, 46], "excluded_lines": [], "functions": {"CorrelationMiddleware.dispatch": {"executed_lines": [], "summary": {"covered_lines": 0, "num_statements": 7, "percent_covered": 0.0, "percent_covered_display": "0", "missing_lines": 7, "excluded_lines": 0}, "missing_lines": [17, 20, 23, 32, 35, 38, 46], "excluded_lines": []}, "": {"executed_lines": [], "summary": {"covered_lines": 0, "num_statements": 7, "percent_covered": 0.0, "percent_covered_display": "0", "missing_lines": 7, "excluded_lines": 0}, "missing_lines": [3, 4, 5, 6, 8, 11, 14], "excluded_lines": []}}, "classes": {"CorrelationMiddleware": {"executed_lines": [], "summary": {"covered_lines": 0, "num_statements": 7, "percent_covered": 0.0, "percent_covered_display": "0", "missing_lines": 7, "excluded_lines": 0}, "missing_lines": [17, 20, 23, 32, 35, 38, 46], "excluded_lines": []}, "": {"executed_lines": [], "summary": {"covered_lines": 0, "num_statements": 7, "percent_covered": 0.0, "percent_covered_display": "0", "missing_lines": 7, "excluded_lines": 0}, "missing_lines": [3, 4, 5, 6, 8, 11, 14], "excluded_lines": []}}}, "backend/src/basis_strategy_v1/api/models/__init__.py": {"executed_lines": [1, 6, 12, 25, 27], "summary": {"covered_lines": 4, "num_statements": 4, "percent_covered": 100.0, "percent_covered_display": "100", "missing_lines": 0, "excluded_lines": 0}, "missing_lines": [], "excluded_lines": [], "functions": {"": {"executed_lines": [1, 6, 12, 25, 27], "summary": {"covered_lines": 4, "num_statements": 4, "percent_covered": 100.0, "percent_covered_display": "100", "missing_lines": 0, "excluded_lines": 0}, "missing_lines": [], "excluded_lines": []}}, "classes": {"": {"executed_lines": [1, 6, 12, 25, 27], "summary": {"covered_lines": 4, "num_statements": 4, "percent_covered": 100.0, "percent_covered_display": "100", "missing_lines": 0, "excluded_lines": 0}, "missing_lines": [], "excluded_lines": []}}}, "backend/src/basis_strategy_v1/api/models/requests.py": {"executed_lines": [1, 3, 4, 5, 6, 7, 8, 11, 12, 13, 14, 17, 18, 20, 26, 32, 38, 45, 50, 55, 60, 61, 62, 72, 73, 74, 80, 81, 108, 109, 111, 116, 121, 127, 132, 137, 138, 157, 158, 160, 165, 170], "summary": {"covered_lines": 37, "num_statements": 45, "percent_covered": 82.22222222222223, "percent_covered_display": "82", "missing_lines": 8, "excluded_lines": 0}, "missing_lines": [64, 66, 67, 69, 70, 76, 77, 78], "excluded_lines": [], "functions": {"BacktestRequest.validate_utc_datetime": {"executed_lines": [], "summary": {"covered_lines": 0, "num_statements": 5, "percent_covered": 0.0, "percent_covered_display": "0", "missing_lines": 5, "excluded_lines": 0}, "missing_lines": [64, 66, 67, 69, 70], "excluded_lines": []}, "BacktestRequest.validate_dates": {"executed_lines": [], "summary": {"covered_lines": 0, "num_statements": 3, "percent_covered": 0.0, "percent_covered_display": "0", "missing_lines": 3, "excluded_lines": 0}, "missing_lines": [76, 77, 78], "excluded_lines": []}, "": {"executed_lines": [1, 3, 4, 5, 6, 7, 8, 11, 12, 13, 14, 17, 18, 20, 26, 32, 38, 45, 50, 55, 60, 61, 62, 72, 73, 74, 80, 81, 108, 109, 111, 116, 121, 127, 132, 137, 138, 157, 158, 160, 165, 170], "summary": {"covered_lines": 37, "num_statements": 37, "percent_covered": 100.0, "percent_covered_display": "100", "missing_lines": 0, "excluded_lines": 0}, "missing_lines": [], "excluded_lines": []}}, "classes": {"ShareClass": {"executed_lines": [], "summary": {"covered_lines": 0, "num_statements": 0, "percent_covered": 100.0, "percent_covered_display": "100", "missing_lines": 0, "excluded_lines": 0}, "missing_lines": [], "excluded_lines": []}, "BacktestRequest": {"executed_lines": [], "summary": {"covered_lines": 0, "num_statements": 8, "percent_covered": 0.0, "percent_covered_display": "0", "missing_lines": 8, "excluded_lines": 0}, "missing_lines": [64, 66, 67, 69, 70, 76, 77, 78], "excluded_lines": []}, "BacktestRequest.Config": {"executed_lines": [], "summary": {"covered_lines": 0, "num_statements": 0, "percent_covered": 100.0, "percent_covered_display": "100", "missing_lines": 0, "excluded_lines": 0}, "missing_lines": [], "excluded_lines": []}, "LiveTradingRequest": {"executed_lines": [], "summary": {"covered_lines": 0, "num_statements": 0, "percent_covered": 100.0, "percent_covered_display": "100", "missing_lines": 0, "excluded_lines": 0}, "missing_lines": [], "excluded_lines": []}, "LiveTradingRequest.Config": {"executed_lines": [], "summary": {"covered_lines": 0, "num_statements": 0, "percent_covered": 100.0, "percent_covered_display": "100", "missing_lines": 0, "excluded_lines": 0}, "missing_lines": [], "excluded_lines": []}, "RebalanceRequest": {"executed_lines": [], "summary": {"covered_lines": 0, "num_statements": 0, "percent_covered": 100.0, "percent_covered_display": "100", "missing_lines": 0, "excluded_lines": 0}, "missing_lines": [], "excluded_lines": []}, "": {"executed_lines": [1, 3, 4, 5, 6, 7, 8, 11, 12, 13, 14, 17, 18, 20, 26, 32, 38, 45, 50, 55, 60, 61, 62, 72, 73, 74, 80, 81, 108, 109, 111, 116, 121, 127, 132, 137, 138, 157, 158, 160, 165, 170], "summary": {"covered_lines": 37, "num_statements": 37, "percent_covered": 100.0, "percent_covered_display": "100", "missing_lines": 0, "excluded_lines": 0}, "missing_lines": [], "excluded_lines": []}}}, "backend/src/basis_strategy_v1/api/models/responses.py": {"executed_lines": [1, 3, 4, 5, 6, 7, 10, 13, 14, 15, 16, 17, 18, 19, 20, 23, 24, 26, 31, 36, 41, 46, 47, 57, 58, 60, 65, 70, 75, 80, 81, 91, 92, 94, 95, 96, 101, 102, 103, 105, 106, 118, 119, 121, 122, 123, 124, 125, 126, 129, 133, 137, 141, 145, 149, 153, 157, 163, 164, 165, 166, 169, 174, 179, 180, 205, 206, 208, 209, 210, 211, 215, 219, 220, 221, 223, 224, 241, 242, 244, 245, 247, 248, 267, 268, 270, 274, 278, 283, 284, 296, 297, 299, 304, 309, 314, 319, 324, 329, 330, 342, 343, 345, 350, 355, 362, 367, 372, 377, 382, 387, 392, 397, 402, 403, 420, 421, 423, 428, 433, 438, 443, 448, 453, 458, 463, 468, 473, 474, 500, 501, 503, 508, 513, 514, 531, 532, 534, 535, 536, 537, 538, 539, 540, 541, 542, 544, 545], "summary": {"covered_lines": 134, "num_statements": 134, "percent_covered": 100.0, "percent_covered_display": "100", "missing_lines": 0, "excluded_lines": 0}, "missing_lines": [], "excluded_lines": [], "functions": {"": {"executed_lines": [1, 3, 4, 5, 6, 7, 10, 13, 14, 15, 16, 17, 18, 19, 20, 23, 24, 26, 31, 36, 41, 46, 47, 57, 58, 60, 65, 70, 75, 80, 81, 91, 92, 94, 95, 96, 101, 102, 103, 105, 106, 118, 119, 121, 122, 123, 124, 125, 126, 129, 133, 137, 141, 145, 149, 153, 157, 163, 164, 165, 166, 169, 174, 179, 180, 205, 206, 208, 209, 210, 211, 215, 219, 220, 221, 223, 224, 241, 242, 244, 245, 247, 248, 267, 268, 270, 274, 278, 283, 284, 296, 297, 299, 304, 309, 314, 319, 324, 329, 330, 342, 343, 345, 350, 355, 362, 367, 372, 377, 382, 387, 392, 397, 402, 403, 420, 421, 423, 428, 433, 438, 443, 448, 453, 458, 463, 468, 473, 474, 500, 501, 503, 508, 513, 514, 531, 532, 534, 535, 536, 537, 538, 539, 540, 541, 542, 544, 545], "summary": {"covered_lines": 134, "num_statements": 134, "percent_covered": 100.0, "percent_covered_display": "100", "missing_lines": 0, "excluded_lines": 0}, "missing_lines": [], "excluded_lines": []}}, "classes": {"ResponseStatus": {"executed_lines": [], "summary": {"covered_lines": 0, "num_statements": 0, "percent_covered": 100.0, "percent_covered_display": "100", "missing_lines": 0, "excluded_lines": 0}, "missing_lines": [], "excluded_lines": []}, "StandardResponse": {"executed_lines": [], "summary": {"covered_lines": 0, "num_statements": 0, "percent_covered": 100.0, "percent_covered_display": "100", "missing_lines": 0, "excluded_lines": 0}, "missing_lines": [], "excluded_lines": []}, "StandardResponse.Config": {"executed_lines": [], "summary": {"covered_lines": 0, "num_statements": 0, "percent_covered": 100.0, "percent_covered_display": "100", "missing_lines": 0, "excluded_lines": 0}, "missing_lines": [], "excluded_lines": []}, "BacktestResponse": {"executed_lines": [], "summary": {"covered_lines": 0, "num_statements": 0, "percent_covered": 100.0, "percent_covered_display": "100", "missing_lines": 0, "excluded_lines": 0}, "missing_lines": [], "excluded_lines": []}, "BacktestResponse.Config": {"executed_lines": [], "summary": {"covered_lines": 0, "num_statements": 0, "percent_covered": 100.0, "percent_covered_display": "100", "missing_lines": 0, "excluded_lines": 0}, "missing_lines": [], "excluded_lines": []}, "BacktestStatusResponse": {"executed_lines": [], "summary": {"covered_lines": 0, "num_statements": 0, "percent_covered": 100.0, "percent_covered_display": "100", "missing_lines": 0, "excluded_lines": 0}, "missing_lines": [], "excluded_lines": []}, "BacktestStatusResponse.Config": {"executed_lines": [], "summary": {"covered_lines": 0, "num_statements": 0, "percent_covered": 100.0, "percent_covered_display": "100", "missing_lines": 0, "excluded_lines": 0}, "missing_lines": [], "excluded_lines": []}, "BacktestResultResponse": {"executed_lines": [], "summary": {"covered_lines": 0, "num_statements": 0, "percent_covered": 100.0, "percent_covered_display": "100", "missing_lines": 0, "excluded_lines": 0}, "missing_lines": [], "excluded_lines": []}, "BacktestResultResponse.Config": {"executed_lines": [], "summary": {"covered_lines": 0, "num_statements": 0, "percent_covered": 100.0, "percent_covered_display": "100", "missing_lines": 0, "excluded_lines": 0}, "missing_lines": [], "excluded_lines": []}, "StrategyInfoResponse": {"executed_lines": [], "summary": {"covered_lines": 0, "num_statements": 0, "percent_covered": 100.0, "percent_covered_display": "100", "missing_lines": 0, "excluded_lines": 0}, "missing_lines": [], "excluded_lines": []}, "StrategyInfoResponse.Config": {"executed_lines": [], "summary": {"covered_lines": 0, "num_statements": 0, "percent_covered": 100.0, "percent_covered_display": "100", "missing_lines": 0, "excluded_lines": 0}, "missing_lines": [], "excluded_lines": []}, "StrategyListResponse": {"executed_lines": [], "summary": {"covered_lines": 0, "num_statements": 0, "percent_covered": 100.0, "percent_covered_display": "100", "missing_lines": 0, "excluded_lines": 0}, "missing_lines": [], "excluded_lines": []}, "StrategyListResponse.Config": {"executed_lines": [], "summary": {"covered_lines": 0, "num_statements": 0, "percent_covered": 100.0, "percent_covered_display": "100", "missing_lines": 0, "excluded_lines": 0}, "missing_lines": [], "excluded_lines": []}, "ErrorResponse": {"executed_lines": [], "summary": {"covered_lines": 0, "num_statements": 0, "percent_covered": 100.0, "percent_covered_display": "100", "missing_lines": 0, "excluded_lines": 0}, "missing_lines": [], "excluded_lines": []}, "ErrorResponse.Config": {"executed_lines": [], "summary": {"covered_lines": 0, "num_statements": 0, "percent_covered": 100.0, "percent_covered_display": "100", "missing_lines": 0, "excluded_lines": 0}, "missing_lines": [], "excluded_lines": []}, "LiveTradingResponse": {"executed_lines": [], "summary": {"covered_lines": 0, "num_statements": 0, "percent_covered": 100.0, "percent_covered_display": "100", "missing_lines": 0, "excluded_lines": 0}, "missing_lines": [], "excluded_lines": []}, "LiveTradingResponse.Config": {"executed_lines": [], "summary": {"covered_lines": 0, "num_statements": 0, "percent_covered": 100.0, "percent_covered_display": "100", "missing_lines": 0, "excluded_lines": 0}, "missing_lines": [], "excluded_lines": []}, "LiveTradingStatusResponse": {"executed_lines": [], "summary": {"covered_lines": 0, "num_statements": 0, "percent_covered": 100.0, "percent_covered_display": "100", "missing_lines": 0, "excluded_lines": 0}, "missing_lines": [], "excluded_lines": []}, "LiveTradingStatusResponse.Config": {"executed_lines": [], "summary": {"covered_lines": 0, "num_statements": 0, "percent_covered": 100.0, "percent_covered_display": "100", "missing_lines": 0, "excluded_lines": 0}, "missing_lines": [], "excluded_lines": []}, "LiveTradingPerformanceResponse": {"executed_lines": [], "summary": {"covered_lines": 0, "num_statements": 0, "percent_covered": 100.0, "percent_covered_display": "100", "missing_lines": 0, "excluded_lines": 0}, "missing_lines": [], "excluded_lines": []}, "LiveTradingPerformanceResponse.Config": {"executed_lines": [], "summary": {"covered_lines": 0, "num_statements": 0, "percent_covered": 100.0, "percent_covered_display": "100", "missing_lines": 0, "excluded_lines": 0}, "missing_lines": [], "excluded_lines": []}, "LiveTradingStrategiesResponse": {"executed_lines": [], "summary": {"covered_lines": 0, "num_statements": 0, "percent_covered": 100.0, "percent_covered_display": "100", "missing_lines": 0, "excluded_lines": 0}, "missing_lines": [], "excluded_lines": []}, "LiveTradingStrategiesResponse.Config": {"executed_lines": [], "summary": {"covered_lines": 0, "num_statements": 0, "percent_covered": 100.0, "percent_covered_display": "100", "missing_lines": 0, "excluded_lines": 0}, "missing_lines": [], "excluded_lines": []}, "HealthResponse": {"executed_lines": [], "summary": {"covered_lines": 0, "num_statements": 0, "percent_covered": 100.0, "percent_covered_display": "100", "missing_lines": 0, "excluded_lines": 0}, "missing_lines": [], "excluded_lines": []}, "HealthResponse.Config": {"executed_lines": [], "summary": {"covered_lines": 0, "num_statements": 0, "percent_covered": 100.0, "percent_covered_display": "100", "missing_lines": 0, "excluded_lines": 0}, "missing_lines": [], "excluded_lines": []}, "": {"executed_lines": [1, 3, 4, 5, 6, 7, 10, 13, 14, 15, 16, 17, 18, 19, 20, 23, 24, 26, 31, 36, 41, 46, 47, 57, 58, 60, 65, 70, 75, 80, 81, 91, 92, 94, 95, 96, 101, 102, 103, 105, 106, 118, 119, 121, 122, 123, 124, 125, 126, 129, 133, 137, 141, 145, 149, 153, 157, 163, 164, 165, 166, 169, 174, 179, 180, 205, 206, 208, 209, 210, 211, 215, 219, 220, 221, 223, 224, 241, 242, 244, 245, 247, 248, 267, 268, 270, 274, 278, 283, 284, 296, 297, 299, 304, 309, 314, 319, 324, 329, 330, 342, 343, 345, 350, 355, 362, 367, 372, 377, 382, 387, 392, 397, 402, 403, 420, 421, 423, 428, 433, 438, 443, 448, 453, 458, 463, 468, 473, 474, 500, 501, 503, 508, 513, 514, 531, 532, 534, 535, 536, 537, 538, 539, 540, 541, 542, 544, 545], "summary": {"covered_lines": 134, "num_statements": 134, "percent_covered": 100.0, "percent_covered_display": "100", "missing_lines": 0, "excluded_lines": 0}, "missing_lines": [], "excluded_lines": []}}}, "backend/src/basis_strategy_v1/api/routes/__init__.py": {"executed_lines": [1, 3], "summary": {"covered_lines": 1, "num_statements": 2, "percent_covered": 50.0, "percent_covered_display": "50", "missing_lines": 1, "excluded_lines": 0}, "missing_lines": [5], "excluded_lines": [], "functions": {"": {"executed_lines": [1, 3], "summary": {"covered_lines": 1, "num_statements": 2, "percent_covered": 50.0, "percent_covered_display": "50", "missing_lines": 1, "excluded_lines": 0}, "missing_lines": [5], "excluded_lines": []}}, "classes": {"": {"executed_lines": [1, 3], "summary": {"covered_lines": 1, "num_statements": 2, "percent_covered": 50.0, "percent_covered_display": "50", "missing_lines": 1, "excluded_lines": 0}, "missing_lines": [5], "excluded_lines": []}}}, "backend/src/basis_strategy_v1/api/routes/auth.py": {"executed_lines": [], "summary": {"covered_lines": 0, "num_statements": 57, "percent_covered": 0.0, "percent_covered_display": "0", "missing_lines": 57, "excluded_lines": 0}, "missing_lines": [5, 6, 7, 8, 10, 11, 12, 14, 16, 17, 20, 25, 26, 27, 30, 31, 32, 35, 36, 37, 38, 41, 42, 43, 46, 47, 50, 52, 53, 54, 56, 58, 59, 60, 63, 65, 66, 67, 68, 69, 74, 75, 76, 83, 84, 94, 95, 102, 103, 107, 118, 119, 126, 133, 134, 140, 142], "excluded_lines": [], "functions": {"create_access_token": {"executed_lines": [], "summary": {"covered_lines": 0, "num_statements": 7, "percent_covered": 0.0, "percent_covered_display": "0", "missing_lines": 7, "excluded_lines": 0}, "missing_lines": [52, 53, 54, 56, 58, 59, 60], "excluded_lines": []}, "verify_token": {"executed_lines": [], "summary": {"covered_lines": 0, "num_statements": 8, "percent_covered": 0.0, "percent_covered_display": "0", "missing_lines": 8, "excluded_lines": 0}, "missing_lines": [65, 66, 67, 68, 69, 74, 75, 76], "excluded_lines": []}, "login": {"executed_lines": [], "summary": {"covered_lines": 0, "num_statements": 5, "percent_covered": 0.0, "percent_covered_display": "0", "missing_lines": 5, "excluded_lines": 0}, "missing_lines": [94, 95, 102, 103, 107], "excluded_lines": []}, "logout": {"executed_lines": [], "summary": {"covered_lines": 0, "num_statements": 1, "percent_covered": 0.0, "percent_covered_display": "0", "missing_lines": 1, "excluded_lines": 0}, "missing_lines": [126], "excluded_lines": []}, "get_current_user": {"executed_lines": [], "summary": {"covered_lines": 0, "num_statements": 2, "percent_covered": 0.0, "percent_covered_display": "0", "missing_lines": 2, "excluded_lines": 0}, "missing_lines": [140, 142], "excluded_lines": []}, "": {"executed_lines": [], "summary": {"covered_lines": 0, "num_statements": 34, "percent_covered": 0.0, "percent_covered_display": "0", "missing_lines": 34, "excluded_lines": 0}, "missing_lines": [5, 6, 7, 8, 10, 11, 12, 14, 16, 17, 20, 25, 26, 27, 30, 31, 32, 35, 36, 37, 38, 41, 42, 43, 46, 47, 50, 63, 83, 84, 118, 119, 133, 134], "excluded_lines": []}}, "classes": {"LoginRequest": {"executed_lines": [], "summary": {"covered_lines": 0, "num_statements": 0, "percent_covered": 100.0, "percent_covered_display": "100", "missing_lines": 0, "excluded_lines": 0}, "missing_lines": [], "excluded_lines": []}, "LoginResponse": {"executed_lines": [], "summary": {"covered_lines": 0, "num_statements": 0, "percent_covered": 100.0, "percent_covered_display": "100", "missing_lines": 0, "excluded_lines": 0}, "missing_lines": [], "excluded_lines": []}, "UserResponse": {"executed_lines": [], "summary": {"covered_lines": 0, "num_statements": 0, "percent_covered": 100.0, "percent_covered_display": "100", "missing_lines": 0, "excluded_lines": 0}, "missing_lines": [], "excluded_lines": []}, "LogoutResponse": {"executed_lines": [], "summary": {"covered_lines": 0, "num_statements": 0, "percent_covered": 100.0, "percent_covered_display": "100", "missing_lines": 0, "excluded_lines": 0}, "missing_lines": [], "excluded_lines": []}, "": {"executed_lines": [], "summary": {"covered_lines": 0, "num_statements": 57, "percent_covered": 0.0, "percent_covered_display": "0", "missing_lines": 57, "excluded_lines": 0}, "missing_lines": [5, 6, 7, 8, 10, 11, 12, 14, 16, 17, 20, 25, 26, 27, 30, 31, 32, 35, 36, 37, 38, 41, 42, 43, 46, 47, 50, 52, 53, 54, 56, 58, 59, 60, 63, 65, 66, 67, 68, 69, 74, 75, 76, 83, 84, 94, 95, 102, 103, 107, 118, 119, 126, 133, 134, 140, 142], "excluded_lines": []}}}, "backend/src/basis_strategy_v1/api/routes/backtest.py": {"executed_lines": [1, 3, 4, 5, 7, 8, 14], "summary": {"covered_lines": 6, "num_statements": 116, "percent_covered": 5.172413793103448, "percent_covered_display": "5", "missing_lines": 110, "excluded_lines": 0}, "missing_lines": [15, 17, 18, 21, 27, 34, 36, 37, 39, 44, 45, 51, 54, 60, 82, 84, 85, 94, 105, 107, 113, 123, 124, 129, 130, 131, 137, 140, 146, 154, 156, 157, 159, 160, 165, 167, 179, 180, 181, 182, 188, 191, 197, 210, 212, 214, 216, 217, 219, 220, 226, 228, 229, 231, 239, 240, 241, 242, 243, 244, 248, 249, 250, 253, 254, 255, 258, 259, 261, 263, 264, 265, 266, 268, 269, 270, 272, 274, 275, 276, 277, 279, 280, 281, 284, 285, 286, 287, 289, 306, 311, 312, 313, 314, 320, 323, 329, 337, 339, 340, 342, 343, 348, 350, 356, 361, 362, 363, 364, 370], "excluded_lines": [], "functions": {"list_backtests": {"executed_lines": [], "summary": {"covered_lines": 0, "num_statements": 7, "percent_covered": 0.0, "percent_covered_display": "0", "missing_lines": 7, "excluded_lines": 0}, "missing_lines": [34, 36, 37, 39, 44, 45, 51], "excluded_lines": []}, "run_backtest": {"executed_lines": [], "summary": {"covered_lines": 0, "num_statements": 13, "percent_covered": 0.0, "percent_covered_display": "0", "missing_lines": 13, "excluded_lines": 0}, "missing_lines": [82, 84, 85, 94, 105, 107, 113, 123, 124, 129, 130, 131, 137], "excluded_lines": []}, "get_backtest_status": {"executed_lines": [], "summary": {"covered_lines": 0, "num_statements": 12, "percent_covered": 0.0, "percent_covered_display": "0", "missing_lines": 12, "excluded_lines": 0}, "missing_lines": [154, 156, 157, 159, 160, 165, 167, 179, 180, 181, 182, 188], "excluded_lines": []}, "get_backtest_result": {"executed_lines": [], "summary": {"covered_lines": 0, "num_statements": 47, "percent_covered": 0.0, "percent_covered_display": "0", "missing_lines": 47, "excluded_lines": 0}, "missing_lines": [210, 212, 214, 216, 217, 219, 220, 226, 228, 229, 231, 239, 248, 249, 250, 253, 254, 255, 258, 259, 261, 263, 264, 265, 266, 268, 269, 270, 272, 274, 275, 276, 277, 279, 280, 281, 284, 285, 286, 287, 289, 306, 311, 312, 313, 314, 320], "excluded_lines": []}, "get_backtest_result.get_attr_or_key": {"executed_lines": [], "summary": {"covered_lines": 0, "num_statements": 5, "percent_covered": 0.0, "percent_covered_display": "0", "missing_lines": 5, "excluded_lines": 0}, "missing_lines": [240, 241, 242, 243, 244], "excluded_lines": []}, "cancel_backtest": {"executed_lines": [], "summary": {"covered_lines": 0, "num_statements": 13, "percent_covered": 0.0, "percent_covered_display": "0", "missing_lines": 13, "excluded_lines": 0}, "missing_lines": [337, 339, 340, 342, 343, 348, 350, 356, 361, 362, 363, 364, 370], "excluded_lines": []}, "": {"executed_lines": [1, 3, 4, 5, 7, 8, 14], "summary": {"covered_lines": 6, "num_statements": 19, "percent_covered": 31.57894736842105, "percent_covered_display": "32", "missing_lines": 13, "excluded_lines": 0}, "missing_lines": [15, 17, 18, 21, 27, 54, 60, 140, 146, 191, 197, 323, 329], "excluded_lines": []}}, "classes": {"": {"executed_lines": [1, 3, 4, 5, 7, 8, 14], "summary": {"covered_lines": 6, "num_statements": 116, "percent_covered": 5.172413793103448, "percent_covered_display": "5", "missing_lines": 110, "excluded_lines": 0}, "missing_lines": [15, 17, 18, 21, 27, 34, 36, 37, 39, 44, 45, 51, 54, 60, 82, 84, 85, 94, 105, 107, 113, 123, 124, 129, 130, 131, 137, 140, 146, 154, 156, 157, 159, 160, 165, 167, 179, 180, 181, 182, 188, 191, 197, 210, 212, 214, 216, 217, 219, 220, 226, 228, 229, 231, 239, 240, 241, 242, 243, 244, 248, 249, 250, 253, 254, 255, 258, 259, 261, 263, 264, 265, 266, 268, 269, 270, 272, 274, 275, 276, 277, 279, 280, 281, 284, 285, 286, 287, 289, 306, 311, 312, 313, 314, 320, 323, 329, 337, 339, 340, 342, 343, 348, 350, 356, 361, 362, 363, 364, 370], "excluded_lines": []}}}, "backend/src/basis_strategy_v1/api/routes/capital.py": {"executed_lines": [], "summary": {"covered_lines": 0, "num_statements": 45, "percent_covered": 0.0, "percent_covered_display": "0", "missing_lines": 45, "excluded_lines": 0}, "missing_lines": [5, 6, 8, 9, 11, 12, 14, 17, 18, 19, 20, 21, 24, 25, 26, 27, 28, 31, 32, 33, 34, 35, 36, 37, 38, 41, 42, 57, 58, 64, 65, 71, 80, 82, 97, 98, 113, 114, 120, 121, 127, 128, 134, 146, 148], "excluded_lines": [], "functions": {"deposit_capital": {"executed_lines": [], "summary": {"covered_lines": 0, "num_statements": 7, "percent_covered": 0.0, "percent_covered_display": "0", "missing_lines": 7, "excluded_lines": 0}, "missing_lines": [57, 58, 64, 65, 71, 80, 82], "excluded_lines": []}, "withdraw_capital": {"executed_lines": [], "summary": {"covered_lines": 0, "num_statements": 9, "percent_covered": 0.0, "percent_covered_display": "0", "missing_lines": 9, "excluded_lines": 0}, "missing_lines": [113, 114, 120, 121, 127, 128, 134, 146, 148], "excluded_lines": []}, "": {"executed_lines": [], "summary": {"covered_lines": 0, "num_statements": 29, "percent_covered": 0.0, "percent_covered_display": "0", "missing_lines": 29, "excluded_lines": 0}, "missing_lines": [5, 6, 8, 9, 11, 12, 14, 17, 18, 19, 20, 21, 24, 25, 26, 27, 28, 31, 32, 33, 34, 35, 36, 37, 38, 41, 42, 97, 98], "excluded_lines": []}}, "classes": {"DepositRequest": {"executed_lines": [], "summary": {"covered_lines": 0, "num_statements": 0, "percent_covered": 100.0, "percent_covered_display": "100", "missing_lines": 0, "excluded_lines": 0}, "missing_lines": [], "excluded_lines": []}, "WithdrawRequest": {"executed_lines": [], "summary": {"covered_lines": 0, "num_statements": 0, "percent_covered": 100.0, "percent_covered_display": "100", "missing_lines": 0, "excluded_lines": 0}, "missing_lines": [], "excluded_lines": []}, "CapitalResponse": {"executed_lines": [], "summary": {"covered_lines": 0, "num_statements": 0, "percent_covered": 100.0, "percent_covered_display": "100", "missing_lines": 0, "excluded_lines": 0}, "missing_lines": [], "excluded_lines": []}, "": {"executed_lines": [], "summary": {"covered_lines": 0, "num_statements": 45, "percent_covered": 0.0, "percent_covered_display": "0", "missing_lines": 45, "excluded_lines": 0}, "missing_lines": [5, 6, 8, 9, 11, 12, 14, 17, 18, 19, 20, 21, 24, 25, 26, 27, 28, 31, 32, 33, 34, 35, 36, 37, 38, 41, 42, 57, 58, 64, 65, 71, 80, 82, 97, 98, 113, 114, 120, 121, 127, 128, 134, 146, 148], "excluded_lines": []}}}, "backend/src/basis_strategy_v1/api/routes/charts.py": {"executed_lines": [], "summary": {"covered_lines": 0, "num_statements": 146, "percent_covered": 0.0, "percent_covered_display": "0", "missing_lines": 146, "excluded_lines": 0}, "missing_lines": [3, 4, 5, 6, 7, 8, 10, 11, 13, 14, 17, 23, 33, 35, 36, 39, 54, 55, 56, 57, 60, 61, 62, 63, 64, 65, 66, 67, 69, 71, 73, 75, 82, 83, 84, 86, 87, 92, 93, 94, 95, 99, 100, 101, 104, 105, 106, 107, 108, 109, 110, 111, 114, 115, 116, 118, 120, 121, 124, 126, 128, 129, 130, 131, 132, 135, 141, 148, 150, 151, 154, 155, 157, 158, 162, 163, 164, 165, 166, 168, 169, 170, 171, 172, 173, 175, 176, 180, 194, 195, 201, 214, 215, 216, 217, 218, 219, 220, 221, 222, 223, 224, 225, 226, 228, 231, 232, 233, 237, 238, 244, 245, 246, 247, 248, 249, 250, 251, 252, 254, 256, 257, 258, 259, 260, 261, 262, 263, 264, 266, 267, 268, 269, 270, 271, 273, 274, 279, 284, 285, 286, 287, 289, 292, 298, 304], "excluded_lines": [], "functions": {"list_charts": {"executed_lines": [], "summary": {"covered_lines": 0, "num_statements": 40, "percent_covered": 0.0, "percent_covered_display": "0", "missing_lines": 40, "excluded_lines": 0}, "missing_lines": [33, 35, 36, 39, 54, 55, 56, 57, 60, 61, 62, 63, 64, 65, 66, 67, 69, 71, 73, 104, 105, 106, 107, 108, 109, 110, 111, 114, 115, 116, 118, 120, 121, 124, 126, 128, 129, 130, 131, 132], "excluded_lines": []}, "list_charts.chart_exists": {"executed_lines": [], "summary": {"covered_lines": 0, "num_statements": 13, "percent_covered": 0.0, "percent_covered_display": "0", "missing_lines": 13, "excluded_lines": 0}, "missing_lines": [75, 82, 83, 84, 86, 87, 92, 93, 94, 95, 99, 100, 101], "excluded_lines": []}, "get_chart": {"executed_lines": [], "summary": {"covered_lines": 0, "num_statements": 76, "percent_covered": 0.0, "percent_covered_display": "0", "missing_lines": 76, "excluded_lines": 0}, "missing_lines": [148, 150, 151, 154, 155, 157, 158, 162, 163, 164, 165, 166, 168, 169, 170, 171, 172, 173, 175, 176, 180, 194, 195, 201, 214, 215, 216, 217, 218, 219, 220, 221, 222, 223, 224, 225, 226, 228, 231, 232, 233, 237, 238, 244, 245, 246, 247, 248, 249, 250, 251, 252, 254, 256, 257, 258, 259, 260, 261, 262, 263, 264, 266, 267, 268, 269, 270, 271, 273, 274, 279, 284, 285, 286, 287, 289], "excluded_lines": []}, "get_dashboard": {"executed_lines": [], "summary": {"covered_lines": 0, "num_statements": 1, "percent_covered": 0.0, "percent_covered_display": "0", "missing_lines": 1, "excluded_lines": 0}, "missing_lines": [304], "excluded_lines": []}, "": {"executed_lines": [], "summary": {"covered_lines": 0, "num_statements": 16, "percent_covered": 0.0, "percent_covered_display": "0", "missing_lines": 16, "excluded_lines": 0}, "missing_lines": [3, 4, 5, 6, 7, 8, 10, 11, 13, 14, 17, 23, 135, 141, 292, 298], "excluded_lines": []}}, "classes": {"": {"executed_lines": [], "summary": {"covered_lines": 0, "num_statements": 146, "percent_covered": 0.0, "percent_covered_display": "0", "missing_lines": 146, "excluded_lines": 0}, "missing_lines": [3, 4, 5, 6, 7, 8, 10, 11, 13, 14, 17, 23, 33, 35, 36, 39, 54, 55, 56, 57, 60, 61, 62, 63, 64, 65, 66, 67, 69, 71, 73, 75, 82, 83, 84, 86, 87, 92, 93, 94, 95, 99, 100, 101, 104, 105, 106, 107, 108, 109, 110, 111, 114, 115, 116, 118, 120, 121, 124, 126, 128, 129, 130, 131, 132, 135, 141, 148, 150, 151, 154, 155, 157, 158, 162, 163, 164, 165, 166, 168, 169, 170, 171, 172, 173, 175, 176, 180, 194, 195, 201, 214, 215, 216, 217, 218, 219, 220, 221, 222, 223, 224, 225, 226, 228, 231, 232, 233, 237, 238, 244, 245, 246, 247, 248, 249, 250, 251, 252, 254, 256, 257, 258, 259, 260, 261, 262, 263, 264, 266, 267, 268, 269, 270, 271, 273, 274, 279, 284, 285, 286, 287, 289, 292, 298, 304], "excluded_lines": []}}}, "backend/src/basis_strategy_v1/api/routes/config.py": {"executed_lines": [], "summary": {"covered_lines": 0, "num_statements": 39, "percent_covered": 0.0, "percent_covered_display": "0", "missing_lines": 39, "excluded_lines": 0}, "missing_lines": [3, 4, 5, 7, 8, 9, 11, 12, 15, 21, 26, 28, 29, 31, 37, 38, 44, 47, 53, 58, 60, 61, 63, 75, 81, 82, 88, 91, 97, 102, 104, 105, 106, 107, 109, 123, 129, 130, 136], "excluded_lines": [], "functions": {"get_configuration": {"executed_lines": [], "summary": {"covered_lines": 0, "num_statements": 7, "percent_covered": 0.0, "percent_covered_display": "0", "missing_lines": 7, "excluded_lines": 0}, "missing_lines": [26, 28, 29, 31, 37, 38, 44], "excluded_lines": []}, "get_environment_info": {"executed_lines": [], "summary": {"covered_lines": 0, "num_statements": 8, "percent_covered": 0.0, "percent_covered_display": "0", "missing_lines": 8, "excluded_lines": 0}, "missing_lines": [58, 60, 61, 63, 75, 81, 82, 88], "excluded_lines": []}, "get_system_status": {"executed_lines": [], "summary": {"covered_lines": 0, "num_statements": 10, "percent_covered": 0.0, "percent_covered_display": "0", "missing_lines": 10, "excluded_lines": 0}, "missing_lines": [102, 104, 105, 106, 107, 109, 123, 129, 130, 136], "excluded_lines": []}, "": {"executed_lines": [], "summary": {"covered_lines": 0, "num_statements": 14, "percent_covered": 0.0, "percent_covered_display": "0", "missing_lines": 14, "excluded_lines": 0}, "missing_lines": [3, 4, 5, 7, 8, 9, 11, 12, 15, 21, 47, 53, 91, 97], "excluded_lines": []}}, "classes": {"": {"executed_lines": [], "summary": {"covered_lines": 0, "num_statements": 39, "percent_covered": 0.0, "percent_covered_display": "0", "missing_lines": 39, "excluded_lines": 0}, "missing_lines": [3, 4, 5, 7, 8, 9, 11, 12, 15, 21, 26, 28, 29, 31, 37, 38, 44, 47, 53, 58, 60, 61, 63, 75, 81, 82, 88, 91, 97, 102, 104, 105, 106, 107, 109, 123, 129, 130, 136], "excluded_lines": []}}}, "backend/src/basis_strategy_v1/api/routes/health.py": {"executed_lines": [], "summary": {"covered_lines": 0, "num_statements": 51, "percent_covered": 0.0, "percent_covered_display": "0", "missing_lines": 51, "excluded_lines": 0}, "missing_lines": [3, 4, 5, 6, 8, 9, 11, 12, 15, 21, 26, 27, 28, 31, 32, 33, 34, 36, 46, 47, 48, 56, 62, 68, 69, 70, 75, 76, 79, 80, 81, 82, 84, 94, 95, 100, 108, 114, 119, 120, 121, 126, 127, 130, 131, 132, 133, 135, 145, 146, 151], "excluded_lines": [], "functions": {"basic_health": {"executed_lines": [], "summary": {"covered_lines": 0, "num_statements": 11, "percent_covered": 0.0, "percent_covered_display": "0", "missing_lines": 11, "excluded_lines": 0}, "missing_lines": [26, 27, 28, 31, 32, 33, 34, 36, 46, 47, 48], "excluded_lines": []}, "detailed_health": {"executed_lines": [], "summary": {"covered_lines": 0, "num_statements": 13, "percent_covered": 0.0, "percent_covered_display": "0", "missing_lines": 13, "excluded_lines": 0}, "missing_lines": [68, 69, 70, 75, 76, 79, 80, 81, 82, 84, 94, 95, 100], "excluded_lines": []}, "component_health": {"executed_lines": [], "summary": {"covered_lines": 0, "num_statements": 13, "percent_covered": 0.0, "percent_covered_display": "0", "missing_lines": 13, "excluded_lines": 0}, "missing_lines": [119, 120, 121, 126, 127, 130, 131, 132, 133, 135, 145, 146, 151], "excluded_lines": []}, "": {"executed_lines": [], "summary": {"covered_lines": 0, "num_statements": 14, "percent_covered": 0.0, "percent_covered_display": "0", "missing_lines": 14, "excluded_lines": 0}, "missing_lines": [3, 4, 5, 6, 8, 9, 11, 12, 15, 21, 56, 62, 108, 114], "excluded_lines": []}}, "classes": {"": {"executed_lines": [], "summary": {"covered_lines": 0, "num_statements": 51, "percent_covered": 0.0, "percent_covered_display": "0", "missing_lines": 51, "excluded_lines": 0}, "missing_lines": [3, 4, 5, 6, 8, 9, 11, 12, 15, 21, 26, 27, 28, 31, 32, 33, 34, 36, 46, 47, 48, 56, 62, 68, 69, 70, 75, 76, 79, 80, 81, 82, 84, 94, 95, 100, 108, 114, 119, 120, 121, 126, 127, 130, 131, 132, 133, 135, 145, 146, 151], "excluded_lines": []}}}, "backend/src/basis_strategy_v1/api/routes/live_trading.py": {"executed_lines": [], "summary": {"covered_lines": 0, "num_statements": 112, "percent_covered": 0.0, "percent_covered_display": "0", "missing_lines": 112, "excluded_lines": 0}, "missing_lines": [3, 4, 5, 7, 8, 16, 17, 19, 20, 23, 29, 52, 54, 55, 63, 74, 76, 82, 95, 96, 101, 103, 104, 110, 113, 119, 124, 126, 127, 129, 135, 136, 142, 145, 151, 157, 159, 160, 162, 163, 165, 183, 184, 185, 186, 192, 195, 201, 207, 209, 210, 212, 213, 215, 232, 233, 234, 235, 241, 244, 250, 256, 258, 259, 261, 262, 264, 270, 276, 277, 278, 279, 285, 288, 294, 301, 303, 304, 306, 307, 309, 316, 322, 323, 324, 325, 331, 337, 343, 348, 350, 351, 353, 362, 363, 368, 371, 377, 389, 391, 393, 395, 396, 398, 399, 408, 415, 425, 426, 427, 428, 434], "excluded_lines": [], "functions": {"start_live_trading": {"executed_lines": [], "summary": {"covered_lines": 0, "num_statements": 13, "percent_covered": 0.0, "percent_covered_display": "0", "missing_lines": 13, "excluded_lines": 0}, "missing_lines": [52, 54, 55, 63, 74, 76, 82, 95, 96, 101, 103, 104, 110], "excluded_lines": []}, "get_live_trading_system_status": {"executed_lines": [], "summary": {"covered_lines": 0, "num_statements": 7, "percent_covered": 0.0, "percent_covered_display": "0", "missing_lines": 7, "excluded_lines": 0}, "missing_lines": [124, 126, 127, 129, 135, 136, 142], "excluded_lines": []}, "get_live_trading_status": {"executed_lines": [], "summary": {"covered_lines": 0, "num_statements": 11, "percent_covered": 0.0, "percent_covered_display": "0", "missing_lines": 11, "excluded_lines": 0}, "missing_lines": [157, 159, 160, 162, 163, 165, 183, 184, 185, 186, 192], "excluded_lines": []}, "get_live_trading_performance": {"executed_lines": [], "summary": {"covered_lines": 0, "num_statements": 11, "percent_covered": 0.0, "percent_covered_display": "0", "missing_lines": 11, "excluded_lines": 0}, "missing_lines": [207, 209, 210, 212, 213, 215, 232, 233, 234, 235, 241], "excluded_lines": []}, "stop_live_trading": {"executed_lines": [], "summary": {"covered_lines": 0, "num_statements": 12, "percent_covered": 0.0, "percent_covered_display": "0", "missing_lines": 12, "excluded_lines": 0}, "missing_lines": [256, 258, 259, 261, 262, 264, 270, 276, 277, 278, 279, 285], "excluded_lines": []}, "emergency_stop_live_trading": {"executed_lines": [], "summary": {"covered_lines": 0, "num_statements": 12, "percent_covered": 0.0, "percent_covered_display": "0", "missing_lines": 12, "excluded_lines": 0}, "missing_lines": [301, 303, 304, 306, 307, 309, 316, 322, 323, 324, 325, 331], "excluded_lines": []}, "list_running_strategies": {"executed_lines": [], "summary": {"covered_lines": 0, "num_statements": 7, "percent_covered": 0.0, "percent_covered_display": "0", "missing_lines": 7, "excluded_lines": 0}, "missing_lines": [348, 350, 351, 353, 362, 363, 368], "excluded_lines": []}, "manual_rebalance": {"executed_lines": [], "summary": {"covered_lines": 0, "num_statements": 14, "percent_covered": 0.0, "percent_covered_display": "0", "missing_lines": 14, "excluded_lines": 0}, "missing_lines": [389, 391, 393, 395, 396, 398, 399, 408, 415, 425, 426, 427, 428, 434], "excluded_lines": []}, "": {"executed_lines": [], "summary": {"covered_lines": 0, "num_statements": 25, "percent_covered": 0.0, "percent_covered_display": "0", "missing_lines": 25, "excluded_lines": 0}, "missing_lines": [3, 4, 5, 7, 8, 16, 17, 19, 20, 23, 29, 113, 119, 145, 151, 195, 201, 244, 250, 288, 294, 337, 343, 371, 377], "excluded_lines": []}}, "classes": {"": {"executed_lines": [], "summary": {"covered_lines": 0, "num_statements": 112, "percent_covered": 0.0, "percent_covered_display": "0", "missing_lines": 112, "excluded_lines": 0}, "missing_lines": [3, 4, 5, 7, 8, 16, 17, 19, 20, 23, 29, 52, 54, 55, 63, 74, 76, 82, 95, 96, 101, 103, 104, 110, 113, 119, 124, 126, 127, 129, 135, 136, 142, 145, 151, 157, 159, 160, 162, 163, 165, 183, 184, 185, 186, 192, 195, 201, 207, 209, 210, 212, 213, 215, 232, 233, 234, 235, 241, 244, 250, 256, 258, 259, 261, 262, 264, 270, 276, 277, 278, 279, 285, 288, 294, 301, 303, 304, 306, 307, 309, 316, 322, 323, 324, 325, 331, 337, 343, 348, 350, 351, 353, 362, 363, 368, 371, 377, 389, 391, 393, 395, 396, 398, 399, 408, 415, 425, 426, 427, 428, 434], "excluded_lines": []}}}, "backend/src/basis_strategy_v1/api/routes/results.py": {"executed_lines": [], "summary": {"covered_lines": 0, "num_statements": 271, "percent_covered": 0.0, "percent_covered_display": "0", "missing_lines": 271, "excluded_lines": 0}, "missing_lines": [3, 4, 5, 6, 7, 8, 9, 10, 12, 13, 14, 15, 16, 17, 18, 20, 21, 22, 27, 34, 35, 36, 37, 38, 40, 41, 42, 43, 44, 46, 47, 48, 55, 58, 59, 60, 62, 63, 64, 65, 72, 73, 74, 75, 76, 79, 84, 89, 90, 91, 94, 95, 96, 97, 99, 102, 103, 104, 105, 106, 107, 108, 110, 111, 113, 121, 122, 123, 124, 125, 128, 133, 138, 140, 141, 144, 145, 146, 147, 149, 150, 153, 154, 157, 158, 159, 161, 162, 165, 167, 170, 179, 180, 181, 182, 183, 186, 188, 189, 190, 191, 192, 193, 194, 195, 196, 197, 198, 199, 200, 201, 203, 204, 205, 206, 207, 208, 209, 210, 211, 212, 213, 216, 220, 221, 222, 223, 224, 225, 226, 227, 230, 231, 232, 233, 234, 235, 237, 238, 239, 240, 241, 243, 244, 258, 261, 265, 266, 267, 268, 269, 270, 272, 273, 274, 275, 276, 277, 278, 279, 280, 281, 282, 283, 284, 286, 287, 288, 289, 290, 291, 292, 293, 294, 296, 297, 298, 299, 300, 301, 302, 303, 305, 316, 317, 320, 326, 338, 340, 341, 350, 353, 354, 355, 356, 364, 365, 368, 371, 372, 373, 374, 375, 376, 377, 378, 379, 382, 383, 384, 385, 386, 389, 390, 391, 393, 394, 395, 396, 398, 399, 400, 401, 402, 403, 404, 407, 409, 411, 412, 417, 420, 426, 435, 437, 438, 446, 447, 449, 452, 453, 454, 455, 460, 461, 464, 465, 466, 484, 485, 501, 506, 511, 512, 513, 514, 520, 523, 529, 536, 538, 539, 541, 542, 544, 550, 555, 556, 557, 558, 564], "excluded_lines": [], "functions": {"get_result_events": {"executed_lines": [], "summary": {"covered_lines": 0, "num_statements": 26, "percent_covered": 0.0, "percent_covered_display": "0", "missing_lines": 26, "excluded_lines": 0}, "missing_lines": [34, 35, 36, 37, 38, 40, 41, 42, 43, 44, 46, 47, 48, 55, 58, 59, 60, 62, 63, 64, 65, 72, 73, 74, 75, 76], "excluded_lines": []}, "get_export_info": {"executed_lines": [], "summary": {"covered_lines": 0, "num_statements": 23, "percent_covered": 0.0, "percent_covered_display": "0", "missing_lines": 23, "excluded_lines": 0}, "missing_lines": [89, 90, 91, 94, 95, 96, 97, 99, 102, 103, 104, 105, 106, 107, 108, 110, 111, 113, 121, 122, 123, 124, 125], "excluded_lines": []}, "download_result_assets": {"executed_lines": [], "summary": {"covered_lines": 0, "num_statements": 24, "percent_covered": 0.0, "percent_covered_display": "0", "missing_lines": 24, "excluded_lines": 0}, "missing_lines": [138, 140, 141, 144, 145, 146, 147, 149, 150, 153, 154, 157, 158, 159, 161, 162, 165, 167, 170, 179, 180, 181, 182, 183], "excluded_lines": []}, "_load_events_from_csv": {"executed_lines": [], "summary": {"covered_lines": 0, "num_statements": 25, "percent_covered": 0.0, "percent_covered_display": "0", "missing_lines": 25, "excluded_lines": 0}, "missing_lines": [188, 189, 190, 191, 192, 193, 194, 195, 196, 197, 198, 199, 200, 201, 203, 204, 205, 206, 207, 208, 209, 210, 211, 212, 213], "excluded_lines": []}, "_scan_results_filesystem": {"executed_lines": [], "summary": {"covered_lines": 0, "num_statements": 22, "percent_covered": 0.0, "percent_covered_display": "0", "missing_lines": 22, "excluded_lines": 0}, "missing_lines": [220, 221, 222, 223, 224, 225, 226, 227, 230, 231, 232, 233, 234, 235, 237, 238, 239, 240, 241, 243, 244, 258], "excluded_lines": []}, "_load_result_summary_from_filesystem": {"executed_lines": [], "summary": {"covered_lines": 0, "num_statements": 39, "percent_covered": 0.0, "percent_covered_display": "0", "missing_lines": 39, "excluded_lines": 0}, "missing_lines": [265, 266, 267, 268, 269, 270, 272, 273, 274, 275, 276, 277, 278, 279, 280, 281, 282, 283, 284, 286, 287, 288, 289, 290, 291, 292, 293, 294, 296, 297, 298, 299, 300, 301, 302, 303, 305, 316, 317], "excluded_lines": []}, "list_results": {"executed_lines": [], "summary": {"covered_lines": 0, "num_statements": 42, "percent_covered": 0.0, "percent_covered_display": "0", "missing_lines": 42, "excluded_lines": 0}, "missing_lines": [338, 340, 341, 350, 353, 354, 355, 356, 364, 365, 368, 371, 372, 373, 374, 375, 376, 377, 378, 379, 382, 383, 386, 389, 390, 391, 393, 394, 395, 396, 398, 399, 400, 401, 402, 403, 404, 407, 409, 411, 412, 417], "excluded_lines": []}, "list_results._sort_key": {"executed_lines": [], "summary": {"covered_lines": 0, "num_statements": 2, "percent_covered": 0.0, "percent_covered_display": "0", "missing_lines": 2, "excluded_lines": 0}, "missing_lines": [384, 385], "excluded_lines": []}, "get_result": {"executed_lines": [], "summary": {"covered_lines": 0, "num_statements": 24, "percent_covered": 0.0, "percent_covered_display": "0", "missing_lines": 24, "excluded_lines": 0}, "missing_lines": [435, 437, 438, 446, 447, 449, 452, 453, 454, 455, 460, 461, 464, 465, 466, 484, 485, 501, 506, 511, 512, 513, 514, 520], "excluded_lines": []}, "delete_result": {"executed_lines": [], "summary": {"covered_lines": 0, "num_statements": 12, "percent_covered": 0.0, "percent_covered_display": "0", "missing_lines": 12, "excluded_lines": 0}, "missing_lines": [536, 538, 539, 541, 542, 544, 550, 555, 556, 557, 558, 564], "excluded_lines": []}, "": {"executed_lines": [], "summary": {"covered_lines": 0, "num_statements": 32, "percent_covered": 0.0, "percent_covered_display": "0", "missing_lines": 32, "excluded_lines": 0}, "missing_lines": [3, 4, 5, 6, 7, 8, 9, 10, 12, 13, 14, 15, 16, 17, 18, 20, 21, 22, 27, 79, 84, 128, 133, 186, 216, 261, 320, 326, 420, 426, 523, 529], "excluded_lines": []}}, "classes": {"": {"executed_lines": [], "summary": {"covered_lines": 0, "num_statements": 271, "percent_covered": 0.0, "percent_covered_display": "0", "missing_lines": 271, "excluded_lines": 0}, "missing_lines": [3, 4, 5, 6, 7, 8, 9, 10, 12, 13, 14, 15, 16, 17, 18, 20, 21, 22, 27, 34, 35, 36, 37, 38, 40, 41, 42, 43, 44, 46, 47, 48, 55, 58, 59, 60, 62, 63, 64, 65, 72, 73, 74, 75, 76, 79, 84, 89, 90, 91, 94, 95, 96, 97, 99, 102, 103, 104, 105, 106, 107, 108, 110, 111, 113, 121, 122, 123, 124, 125, 128, 133, 138, 140, 141, 144, 145, 146, 147, 149, 150, 153, 154, 157, 158, 159, 161, 162, 165, 167, 170, 179, 180, 181, 182, 183, 186, 188, 189, 190, 191, 192, 193, 194, 195, 196, 197, 198, 199, 200, 201, 203, 204, 205, 206, 207, 208, 209, 210, 211, 212, 213, 216, 220, 221, 222, 223, 224, 225, 226, 227, 230, 231, 232, 233, 234, 235, 237, 238, 239, 240, 241, 243, 244, 258, 261, 265, 266, 267, 268, 269, 270, 272, 273, 274, 275, 276, 277, 278, 279, 280, 281, 282, 283, 284, 286, 287, 288, 289, 290, 291, 292, 293, 294, 296, 297, 298, 299, 300, 301, 302, 303, 305, 316, 317, 320, 326, 338, 340, 341, 350, 353, 354, 355, 356, 364, 365, 368, 371, 372, 373, 374, 375, 376, 377, 378, 379, 382, 383, 384, 385, 386, 389, 390, 391, 393, 394, 395, 396, 398, 399, 400, 401, 402, 403, 404, 407, 409, 411, 412, 417, 420, 426, 435, 437, 438, 446, 447, 449, 452, 453, 454, 455, 460, 461, 464, 465, 466, 484, 485, 501, 506, 511, 512, 513, 514, 520, 523, 529, 536, 538, 539, 541, 542, 544, 550, 555, 556, 557, 558, 564], "excluded_lines": []}}}, "backend/src/basis_strategy_v1/api/routes/strategies.py": {"executed_lines": [], "summary": {"covered_lines": 0, "num_statements": 215, "percent_covered": 0.0, "percent_covered_display": "0", "missing_lines": 215, "excluded_lines": 0}, "missing_lines": [3, 4, 5, 6, 7, 9, 14, 15, 16, 21, 23, 24, 30, 33, 36, 37, 38, 39, 42, 43, 44, 45, 47, 50, 51, 52, 53, 54, 55, 56, 57, 58, 60, 63, 64, 65, 68, 69, 72, 73, 75, 77, 78, 80, 81, 82, 84, 87, 88, 89, 90, 91, 94, 96, 117, 123, 131, 133, 134, 142, 143, 144, 145, 146, 147, 148, 149, 150, 151, 152, 153, 157, 158, 159, 161, 164, 165, 166, 168, 170, 171, 172, 173, 174, 175, 176, 177, 179, 180, 181, 182, 183, 186, 187, 188, 189, 191, 193, 201, 202, 207, 211, 217, 224, 226, 227, 234, 235, 236, 237, 240, 241, 242, 248, 287, 292, 293, 294, 295, 301, 304, 310, 317, 319, 320, 327, 328, 329, 330, 333, 334, 335, 340, 342, 347, 348, 349, 350, 356, 359, 362, 365, 373, 381, 389, 390, 391, 402, 405, 406, 407, 408, 411, 414, 415, 418, 419, 420, 421, 422, 423, 424, 425, 429, 430, 432, 441, 442, 443, 444, 450, 453, 459, 466, 468, 469, 476, 477, 478, 483, 484, 487, 502, 507, 508, 509, 510, 516, 519, 525, 532, 534, 535, 541, 542, 543, 545, 546, 547, 549, 550, 551, 554, 555, 557, 571, 573, 574, 575, 577, 582, 583, 584, 585, 590], "excluded_lines": [], "functions": {"_derive_strategy_info_from_config": {"executed_lines": [], "summary": {"covered_lines": 0, "num_statements": 41, "percent_covered": 0.0, "percent_covered_display": "0", "missing_lines": 41, "excluded_lines": 0}, "missing_lines": [33, 36, 37, 38, 39, 42, 43, 44, 45, 47, 50, 51, 52, 53, 54, 55, 56, 57, 58, 60, 63, 64, 65, 68, 69, 72, 73, 75, 77, 78, 80, 81, 82, 84, 87, 88, 89, 90, 91, 94, 96], "excluded_lines": []}, "list_strategies": {"executed_lines": [], "summary": {"covered_lines": 0, "num_statements": 45, "percent_covered": 0.0, "percent_covered_display": "0", "missing_lines": 45, "excluded_lines": 0}, "missing_lines": [131, 133, 134, 142, 143, 144, 145, 146, 147, 148, 149, 150, 151, 152, 153, 157, 158, 159, 161, 164, 165, 166, 168, 170, 171, 172, 173, 174, 175, 176, 177, 179, 180, 181, 182, 183, 186, 187, 188, 189, 191, 193, 201, 202, 207], "excluded_lines": []}, "get_strategy_parameters": {"executed_lines": [], "summary": {"covered_lines": 0, "num_statements": 17, "percent_covered": 0.0, "percent_covered_display": "0", "missing_lines": 17, "excluded_lines": 0}, "missing_lines": [224, 226, 227, 234, 235, 236, 237, 240, 241, 242, 248, 287, 292, 293, 294, 295, 301], "excluded_lines": []}, "get_strategy": {"executed_lines": [], "summary": {"covered_lines": 0, "num_statements": 17, "percent_covered": 0.0, "percent_covered_display": "0", "missing_lines": 17, "excluded_lines": 0}, "missing_lines": [317, 319, 320, 327, 328, 329, 330, 333, 334, 335, 340, 342, 347, 348, 349, 350, 356], "excluded_lines": []}, "get_merged_config": {"executed_lines": [], "summary": {"covered_lines": 0, "num_statements": 27, "percent_covered": 0.0, "percent_covered_display": "0", "missing_lines": 27, "excluded_lines": 0}, "missing_lines": [389, 390, 391, 402, 405, 406, 407, 408, 411, 414, 415, 418, 419, 420, 421, 422, 423, 424, 425, 429, 430, 432, 441, 442, 443, 444, 450], "excluded_lines": []}, "get_mode_config": {"executed_lines": [], "summary": {"covered_lines": 0, "num_statements": 15, "percent_covered": 0.0, "percent_covered_display": "0", "missing_lines": 15, "excluded_lines": 0}, "missing_lines": [466, 468, 469, 476, 477, 478, 483, 484, 487, 502, 507, 508, 509, 510, 516], "excluded_lines": []}, "list_modes": {"executed_lines": [], "summary": {"covered_lines": 0, "num_statements": 25, "percent_covered": 0.0, "percent_covered_display": "0", "missing_lines": 25, "excluded_lines": 0}, "missing_lines": [532, 534, 535, 541, 542, 543, 545, 546, 547, 549, 550, 551, 554, 555, 557, 571, 573, 574, 575, 577, 582, 583, 584, 585, 590], "excluded_lines": []}, "": {"executed_lines": [], "summary": {"covered_lines": 0, "num_statements": 28, "percent_covered": 0.0, "percent_covered_display": "0", "missing_lines": 28, "excluded_lines": 0}, "missing_lines": [3, 4, 5, 6, 7, 9, 14, 15, 16, 21, 23, 24, 30, 117, 123, 211, 217, 304, 310, 359, 362, 365, 373, 381, 453, 459, 519, 525], "excluded_lines": []}}, "classes": {"": {"executed_lines": [], "summary": {"covered_lines": 0, "num_statements": 215, "percent_covered": 0.0, "percent_covered_display": "0", "missing_lines": 215, "excluded_lines": 0}, "missing_lines": [3, 4, 5, 6, 7, 9, 14, 15, 16, 21, 23, 24, 30, 33, 36, 37, 38, 39, 42, 43, 44, 45, 47, 50, 51, 52, 53, 54, 55, 56, 57, 58, 60, 63, 64, 65, 68, 69, 72, 73, 75, 77, 78, 80, 81, 82, 84, 87, 88, 89, 90, 91, 94, 96, 117, 123, 131, 133, 134, 142, 143, 144, 145, 146, 147, 148, 149, 150, 151, 152, 153, 157, 158, 159, 161, 164, 165, 166, 168, 170, 171, 172, 173, 174, 175, 176, 177, 179, 180, 181, 182, 183, 186, 187, 188, 189, 191, 193, 201, 202, 207, 211, 217, 224, 226, 227, 234, 235, 236, 237, 240, 241, 242, 248, 287, 292, 293, 294, 295, 301, 304, 310, 317, 319, 320, 327, 328, 329, 330, 333, 334, 335, 340, 342, 347, 348, 349, 350, 356, 359, 362, 365, 373, 381, 389, 390, 391, 402, 405, 406, 407, 408, 411, 414, 415, 418, 419, 420, 421, 422, 423, 424, 425, 429, 430, 432, 441, 442, 443, 444, 450, 453, 459, 466, 468, 469, 476, 477, 478, 483, 484, 487, 502, 507, 508, 509, 510, 516, 519, 525, 532, 534, 535, 541, 542, 543, 545, 546, 547, 549, 550, 551, 554, 555, 557, 571, 573, 574, 575, 577, 582, 583, 584, 585, 590], "excluded_lines": []}}}, "backend/src/basis_strategy_v1/core/__init__.py": {"executed_lines": [1], "summary": {"covered_lines": 0, "num_statements": 0, "percent_covered": 100.0, "percent_covered_display": "100", "missing_lines": 0, "excluded_lines": 0}, "missing_lines": [], "excluded_lines": [], "functions": {"": {"executed_lines": [1], "summary": {"covered_lines": 0, "num_statements": 0, "percent_covered": 100.0, "percent_covered_display": "100", "missing_lines": 0, "excluded_lines": 0}, "missing_lines": [], "excluded_lines": []}}, "classes": {"": {"executed_lines": [1], "summary": {"covered_lines": 0, "num_statements": 0, "percent_covered": 100.0, "percent_covered_display": "100", "missing_lines": 0, "excluded_lines": 0}, "missing_lines": [], "excluded_lines": []}}}, "backend/src/basis_strategy_v1/core/components/__init__.py": {"executed_lines": [1, 10, 11, 12, 13, 15], "summary": {"covered_lines": 5, "num_statements": 5, "percent_covered": 100.0, "percent_covered_display": "100", "missing_lines": 0, "excluded_lines": 0}, "missing_lines": [], "excluded_lines": [], "functions": {"": {"executed_lines": [1, 10, 11, 12, 13, 15], "summary": {"covered_lines": 5, "num_statements": 5, "percent_covered": 100.0, "percent_covered_display": "100", "missing_lines": 0, "excluded_lines": 0}, "missing_lines": [], "excluded_lines": []}}, "classes": {"": {"executed_lines": [1, 10, 11, 12, 13, 15], "summary": {"covered_lines": 5, "num_statements": 5, "percent_covered": 100.0, "percent_covered_display": "100", "missing_lines": 0, "excluded_lines": 0}, "missing_lines": [], "excluded_lines": []}}}, "backend/src/basis_strategy_v1/core/components/exposure_monitor.py": {"executed_lines": [1, 11, 12, 13, 14, 16, 18, 19, 20, 22, 27, 52, 119, 137, 155, 173, 191, 209, 263, 302, 314, 345, 355, 370, 389], "summary": {"covered_lines": 23, "num_statements": 196, "percent_covered": 11.73469387755102, "percent_covered_display": "12", "missing_lines": 173, "excluded_lines": 0}, "missing_lines": [23, 24, 25, 36, 37, 38, 41, 42, 43, 44, 45, 48, 50, 64, 66, 67, 68, 69, 72, 78, 83, 89, 91, 106, 107, 108, 121, 122, 125, 127, 128, 129, 130, 132, 133, 134, 135, 139, 140, 143, 145, 146, 147, 148, 150, 151, 152, 153, 157, 158, 161, 163, 164, 165, 166, 168, 169, 170, 171, 175, 176, 179, 181, 182, 183, 184, 186, 187, 188, 189, 197, 198, 199, 200, 201, 202, 204, 205, 206, 207, 212, 213, 220, 221, 224, 225, 226, 227, 228, 230, 234, 235, 236, 237, 238, 241, 243, 246, 247, 248, 249, 250, 251, 252, 253, 256, 258, 259, 260, 261, 269, 270, 280, 281, 282, 283, 284, 286, 287, 289, 294, 295, 297, 298, 299, 300, 304, 306, 307, 308, 309, 310, 311, 312, 316, 317, 320, 321, 324, 325, 328, 329, 332, 333, 336, 337, 340, 341, 342, 343, 347, 348, 352, 353, 357, 358, 362, 363, 364, 372, 374, 375, 376, 377, 379, 385, 386, 387, 399, 400, 402, 404, 407], "excluded_lines": [], "functions": {"ExposureMonitor.__new__": {"executed_lines": [], "summary": {"covered_lines": 0, "num_statements": 3, "percent_covered": 0.0, "percent_covered_display": "0", "missing_lines": 3, "excluded_lines": 0}, "missing_lines": [23, 24, 25], "excluded_lines": []}, "ExposureMonitor.__init__": {"executed_lines": [], "summary": {"covered_lines": 0, "num_statements": 10, "percent_covered": 0.0, "percent_covered_display": "0", "missing_lines": 10, "excluded_lines": 0}, "missing_lines": [36, 37, 38, 41, 42, 43, 44, 45, 48, 50], "excluded_lines": []}, "ExposureMonitor.calculate_exposure": {"executed_lines": [], "summary": {"covered_lines": 0, "num_statements": 13, "percent_covered": 0.0, "percent_covered_display": "0", "missing_lines": 13, "excluded_lines": 0}, "missing_lines": [64, 66, 67, 68, 69, 72, 78, 83, 89, 91, 106, 107, 108], "excluded_lines": []}, "ExposureMonitor._get_wallet_positions": {"executed_lines": [], "summary": {"covered_lines": 0, "num_statem
[...]
, 194, 195, 196, 198, 200, 201, 204, 205, 206, 209, 210, 211, 213, 216, 228, 241, 249, 250, 261, 273, 275, 276, 277], "excluded_lines": []}, "ChartGenerator._token_parent": {"executed_lines": [], "summary": {"covered_lines": 0, "num_statements": 8, "percent_covered": 0.0, "percent_covered_display": "0", "missing_lines": 8, "excluded_lines": 0}, "missing_lines": [281, 282, 283, 284, 285, 286, 287, 288], "excluded_lines": []}, "ChartGenerator._price_for_token": {"executed_lines": [], "summary": {"covered_lines": 0, "num_statements": 9, "percent_covered": 0.0, "percent_covered_display": "0", "missing_lines": 9, "excluded_lines": 0}, "missing_lines": [294, 295, 296, 297, 298, 299, 305, 306, 307], "excluded_lines": []}, "ChartGenerator._snapshot_positions": {"executed_lines": [], "summary": {"covered_lines": 0, "num_statements": 8, "percent_covered": 0.0, "percent_covered_display": "0", "missing_lines": 8, "excluded_lines": 0}, "missing_lines": [312, 314, 315, 316, 317, 318, 319, 320], "excluded_lines": []}, "ChartGenerator._generate_exposure": {"executed_lines": [], "summary": {"covered_lines": 0, "num_statements": 49, "percent_covered": 0.0, "percent_covered_display": "0", "missing_lines": 49, "excluded_lines": 0}, "missing_lines": [332, 333, 334, 335, 337, 338, 339, 340, 341, 342, 344, 345, 346, 347, 348, 349, 350, 351, 352, 353, 354, 355, 356, 357, 358, 359, 360, 362, 363, 366, 369, 376, 377, 381, 382, 383, 385, 386, 387, 389, 390, 392, 393, 394, 400, 407, 408, 409, 410], "excluded_lines": []}, "ChartGenerator._generate_balance_token": {"executed_lines": [], "summary": {"covered_lines": 0, "num_statements": 43, "percent_covered": 0.0, "percent_covered_display": "0", "missing_lines": 43, "excluded_lines": 0}, "missing_lines": [418, 419, 420, 421, 422, 423, 424, 425, 426, 427, 428, 429, 430, 431, 432, 433, 434, 435, 436, 437, 438, 440, 442, 444, 446, 447, 448, 450, 451, 452, 453, 454, 455, 456, 457, 458, 459, 460, 466, 473, 474, 475, 476], "excluded_lines": []}, "ChartGenerator._generate_balance_venue": {"executed_lines": [], "summary": {"covered_lines": 0, "num_statements": 40, "percent_covered": 0.0, "percent_covered_display": "0", "missing_lines": 40, "excluded_lines": 0}, "missing_lines": [484, 485, 486, 487, 488, 489, 490, 491, 492, 493, 494, 495, 496, 497, 498, 499, 500, 502, 503, 504, 505, 506, 507, 509, 510, 511, 512, 513, 514, 515, 516, 517, 518, 519, 520, 526, 533, 534, 535, 536], "excluded_lines": []}, "ChartGenerator._generate_ltv_ratio": {"executed_lines": [], "summary": {"covered_lines": 0, "num_statements": 29, "percent_covered": 0.0, "percent_covered_display": "0", "missing_lines": 29, "excluded_lines": 0}, "missing_lines": [544, 545, 546, 547, 548, 549, 550, 551, 552, 553, 554, 555, 556, 557, 558, 559, 560, 561, 562, 563, 564, 565, 566, 567, 573, 581, 582, 583, 584], "excluded_lines": []}, "ChartGenerator._generate_margin_health": {"executed_lines": [], "summary": {"covered_lines": 0, "num_statements": 29, "percent_covered": 0.0, "percent_covered_display": "0", "missing_lines": 29, "excluded_lines": 0}, "missing_lines": [599, 600, 601, 602, 603, 604, 605, 606, 607, 608, 609, 610, 611, 612, 613, 614, 615, 616, 617, 619, 620, 621, 623, 624, 630, 637, 638, 639, 640], "excluded_lines": []}, "ChartGenerator._generate_pnl_attribution": {"executed_lines": [], "summary": {"covered_lines": 0, "num_statements": 27, "percent_covered": 0.0, "percent_covered_display": "0", "missing_lines": 27, "excluded_lines": 0}, "missing_lines": [648, 649, 652, 654, 655, 656, 658, 661, 662, 663, 665, 668, 669, 670, 672, 675, 677, 678, 679, 683, 684, 686, 700, 707, 709, 710, 711], "excluded_lines": []}, "ChartGenerator._generate_component_performance": {"executed_lines": [], "summary": {"covered_lines": 0, "num_statements": 31, "percent_covered": 0.0, "percent_covered_display": "0", "missing_lines": 31, "excluded_lines": 0}, "missing_lines": [719, 720, 721, 723, 724, 726, 734, 735, 736, 737, 739, 740, 743, 744, 745, 746, 747, 748, 750, 753, 762, 771, 781, 791, 801, 802, 812, 818, 820, 821, 822], "excluded_lines": []}, "ChartGenerator._generate_balance_evolution": {"executed_lines": [], "summary": {"covered_lines": 0, "num_statements": 1, "percent_covered": 0.0, "percent_covered_display": "0", "missing_lines": 1, "excluded_lines": 0}, "missing_lines": [832], "excluded_lines": []}, "ChartGenerator._generate_rates_yields": {"executed_lines": [], "summary": {"covered_lines": 0, "num_statements": 1, "percent_covered": 0.0, "percent_covered_display": "0", "missing_lines": 1, "excluded_lines": 0}, "missing_lines": [841], "excluded_lines": []}, "ChartGenerator._generate_fee_breakdown": {"executed_lines": [], "summary": {"covered_lines": 0, "num_statements": 18, "percent_covered": 0.0, "percent_covered_display": "0", "missing_lines": 18, "excluded_lines": 0}, "missing_lines": [849, 850, 852, 853, 854, 855, 857, 858, 859, 860, 862, 863, 865, 873, 878, 880, 881, 882], "excluded_lines": []}, "ChartGenerator._generate_trade_history": {"executed_lines": [], "summary": {"covered_lines": 0, "num_statements": 1, "percent_covered": 0.0, "percent_covered_display": "0", "missing_lines": 1, "excluded_lines": 0}, "missing_lines": [891], "excluded_lines": []}, "ChartGenerator._generate_metrics_summary": {"executed_lines": [], "summary": {"covered_lines": 0, "num_statements": 29, "percent_covered": 0.0, "percent_covered_display": "0", "missing_lines": 29, "excluded_lines": 0}, "missing_lines": [899, 901, 902, 903, 904, 905, 908, 909, 910, 912, 922, 923, 924, 925, 926, 929, 930, 931, 938, 942, 964, 967, 970, 971, 979, 987, 989, 990, 991], "excluded_lines": []}, "ChartGenerator._generate_metrics_summary._to_dt": {"executed_lines": [], "summary": {"covered_lines": 0, "num_statements": 8, "percent_covered": 0.0, "percent_covered_display": "0", "missing_lines": 8, "excluded_lines": 0}, "missing_lines": [913, 914, 915, 916, 917, 918, 920, 921], "excluded_lines": []}, "ChartGenerator._estimate_total_traded_volume": {"executed_lines": [], "summary": {"covered_lines": 0, "num_statements": 35, "percent_covered": 0.0, "percent_covered_display": "0", "missing_lines": 35, "excluded_lines": 0}, "missing_lines": [999, 1000, 1001, 1003, 1004, 1005, 1006, 1011, 1012, 1013, 1014, 1015, 1016, 1019, 1030, 1031, 1032, 1033, 1034, 1035, 1036, 1037, 1038, 1039, 1040, 1041, 1042, 1043, 1044, 1045, 1046, 1047, 1048, 1049, 1050], "excluded_lines": []}, "ChartGenerator._estimate_total_traded_volume.agg_tokens": {"executed_lines": [], "summary": {"covered_lines": 0, "num_statements": 8, "percent_covered": 0.0, "percent_covered_display": "0", "missing_lines": 8, "excluded_lines": 0}, "missing_lines": [1020, 1021, 1022, 1024, 1026, 1027, 1028, 1029], "excluded_lines": []}, "ChartGenerator._generate_dashboard": {"executed_lines": [], "summary": {"covered_lines": 0, "num_statements": 31, "percent_covered": 0.0, "percent_covered_display": "0", "missing_lines": 31, "excluded_lines": 0}, "missing_lines": [1058, 1060, 1076, 1077, 1078, 1080, 1082, 1083, 1086, 1087, 1089, 1099, 1100, 1101, 1102, 1105, 1111, 1112, 1119, 1125, 1126, 1127, 1128, 1129, 1131, 1132, 1138, 1145, 1147, 1148, 1149], "excluded_lines": []}, "ChartGenerator._generate_ltv_time_series": {"executed_lines": [], "summary": {"covered_lines": 0, "num_statements": 2, "percent_covered": 0.0, "percent_covered_display": "0", "missing_lines": 2, "excluded_lines": 0}, "missing_lines": [1154, 1155], "excluded_lines": []}, "ChartGenerator._generate_margin_analysis": {"executed_lines": [], "summary": {"covered_lines": 0, "num_statements": 2, "percent_covered": 0.0, "percent_covered_display": "0", "missing_lines": 2, "excluded_lines": 0}, "missing_lines": [1160, 1161], "excluded_lines": []}, "ChartGenerator._generate_eth_move_analysis": {"executed_lines": [], "summary": {"covered_lines": 0, "num_statements": 2, "percent_covered": 0.0, "percent_covered_display": "0", "missing_lines": 2, "excluded_lines": 0}, "missing_lines": [1166, 1167], "excluded_lines": []}, "ChartGenerator._save_data_csv": {"executed_lines": [], "summary": {"covered_lines": 0, "num_statements": 35, "percent_covered": 0.0, "percent_covered_display": "0", "missing_lines": 35, "excluded_lines": 0}, "missing_lines": [1176, 1178, 1179, 1180, 1181, 1183, 1184, 1187, 1188, 1189, 1191, 1193, 1194, 1197, 1200, 1202, 1203, 1204, 1205, 1207, 1209, 1210, 1212, 1213, 1216, 1217, 1220, 1240, 1241, 1242, 1244, 1245, 1247, 1248, 1249], "excluded_lines": []}, "ChartGenerator._save_data_csv.flatten_entry": {"executed_lines": [], "summary": {"covered_lines": 0, "num_statements": 9, "percent_covered": 0.0, "percent_covered_display": "0", "missing_lines": 9, "excluded_lines": 0}, "missing_lines": [1221, 1228, 1229, 1230, 1232, 1233, 1236, 1237, 1239], "excluded_lines": []}, "": {"executed_lines": [], "summary": {"covered_lines": 0, "num_statements": 34, "percent_covered": 0.0, "percent_covered_display": "0", "missing_lines": 34, "excluded_lines": 0}, "missing_lines": [7, 8, 9, 10, 11, 12, 13, 14, 16, 19, 22, 67, 177, 279, 290, 309, 322, 412, 478, 538, 586, 642, 713, 824, 834, 843, 884, 893, 993, 1052, 1151, 1157, 1163, 1169], "excluded_lines": []}}, "classes": {"ChartGenerator": {"executed_lines": [], "summary": {"covered_lines": 0, "num_statements": 549, "percent_covered": 0.0, "percent_covered_display": "0", "missing_lines": 549, "excluded_lines": 0}, "missing_lines": [25, 26, 29, 30, 32, 34, 36, 38, 40, 42, 44, 46, 48, 50, 61, 86, 87, 91, 93, 96, 99, 101, 106, 108, 110, 114, 115, 117, 119, 121, 124, 129, 130, 133, 134, 135, 137, 138, 139, 140, 141, 143, 144, 148, 149, 150, 152, 153, 154, 157, 158, 160, 162, 163, 164, 165, 166, 167, 169, 171, 173, 174, 175, 183, 185, 186, 187, 188, 189, 192, 193, 194, 195, 196, 198, 200, 201, 204, 205, 206, 209, 210, 211, 213, 216, 228, 241, 249, 250, 261, 273, 275, 276, 277, 281, 282, 283, 284, 285, 286, 287, 288, 294, 295, 296, 297, 298, 299, 305, 306, 307, 312, 314, 315, 316, 317, 318, 319, 320, 332, 333, 334, 335, 337, 338, 339, 340, 341, 342, 344, 345, 346, 347, 348, 349, 350, 351, 352, 353, 354, 355, 356, 357, 358, 359, 360, 362, 363, 366, 369, 376, 377, 381, 382, 383, 385, 386, 387, 389, 390, 392, 393, 394, 400, 407, 408, 409, 410, 418, 419, 420, 421, 422, 423, 424, 425, 426, 427, 428, 429, 430, 431, 432, 433, 434, 435, 436, 437, 438, 440, 442, 444, 446, 447, 448, 450, 451, 452, 453, 454, 455, 456, 457, 458, 459, 460, 466, 473, 474, 475, 476, 484, 485, 486, 487, 488, 489, 490, 491, 492, 493, 494, 495, 496, 497, 498, 499, 500, 502, 503, 504, 505, 506, 507, 509, 510, 511, 512, 513, 514, 515, 516, 517, 518, 519, 520, 526, 533, 534, 535, 536, 544, 545, 546, 547, 548, 549, 550, 551, 552, 553, 554, 555, 556, 557, 558, 559, 560, 561, 562, 563, 564, 565, 566, 567, 573, 581, 582, 583, 584, 599, 600, 601, 602, 603, 604, 605, 606, 607, 608, 609, 610, 611, 612, 613, 614, 615, 616, 617, 619, 620, 621, 623, 624, 630, 637, 638, 639, 640, 648, 649, 652, 654, 655, 656, 658, 661, 662, 663, 665, 668, 669, 670, 672, 675, 677, 678, 679, 683, 684, 686, 700, 707, 709, 710, 711, 719, 720, 721, 723, 724, 726, 734, 735, 736, 737, 739, 740, 743, 744, 745, 746, 747, 748, 750, 753, 762, 771, 781, 791, 801, 802, 812, 818, 820, 821, 822, 832, 841, 849, 850, 852, 853, 854, 855, 857, 858, 859, 860, 862, 863, 865, 873, 878, 880, 881, 882, 891, 899, 901, 902, 903, 904, 905, 908, 909, 910, 912, 913, 914, 915, 916, 917, 918, 920, 921, 922, 923, 924, 925, 926, 929, 930, 931, 938, 942, 964, 967, 970, 971, 979, 987, 989, 990, 991, 999, 1000, 1001, 1003, 1004, 1005, 1006, 1011, 1012, 1013, 1014, 1015, 1016, 1019, 1020, 1021, 1022, 1024, 1026, 1027, 1028, 1029, 1030, 1031, 1032, 1033, 1034, 1035, 1036, 1037, 1038, 1039, 1040, 1041, 1042, 1043, 1044, 1045, 1046, 1047, 1048, 1049, 1050, 1058, 1060, 1076, 1077, 1078, 1080, 1082, 1083, 1086, 1087, 1089, 1099, 1100, 1101, 1102, 1105, 1111, 1112, 1119, 1125, 1126, 1127, 1128, 1129, 1131, 1132, 1138, 1145, 1147, 1148, 1149, 1154, 1155, 1160, 1161, 1166, 1167, 1176, 1178, 1179, 1180, 1181, 1183, 1184, 1187, 1188, 1189, 1191, 1193, 1194, 1197, 1200, 1202, 1203, 1204, 1205, 1207, 1209, 1210, 1212, 1213, 1216, 1217, 1220, 1221, 1228, 1229, 1230, 1232, 1233, 1236, 1237, 1239, 1240, 1241, 1242, 1244, 1245, 1247, 1248, 1249], "excluded_lines": []}, "": {"executed_lines": [], "summary": {"covered_lines": 0, "num_statements": 34, "percent_covered": 0.0, "percent_covered_display": "0", "missing_lines": 34, "excluded_lines": 0}, "missing_lines": [7, 8, 9, 10, 11, 12, 13, 14, 16, 19, 22, 67, 177, 279, 290, 309, 322, 412, 478, 538, 586, 642, 713, 824, 834, 843, 884, 893, 993, 1052, 1151, 1157, 1163, 1169], "excluded_lines": []}}}, "backend/src/basis_strategy_v1/venue_adapters/__init__.py": {"executed_lines": [1, 8, 9, 11], "summary": {"covered_lines": 3, "num_statements": 3, "percent_covered": 100.0, "percent_covered_display": "100", "missing_lines": 0, "excluded_lines": 0}, "missing_lines": [], "excluded_lines": [], "functions": {"": {"executed_lines": [1, 8, 9, 11], "summary": {"covered_lines": 3, "num_statements": 3, "percent_covered": 100.0, "percent_covered_display": "100", "missing_lines": 0, "excluded_lines": 0}, "missing_lines": [], "excluded_lines": []}}, "classes": {"": {"executed_lines": [1, 8, 9, 11], "summary": {"covered_lines": 3, "num_statements": 3, "percent_covered": 100.0, "percent_covered_display": "100", "missing_lines": 0, "excluded_lines": 0}, "missing_lines": [], "excluded_lines": []}}}, "backend/src/basis_strategy_v1/venue_adapters/aave_adapter.py": {"executed_lines": [1, 6, 9, 10, 12, 17, 23, 28, 33, 38, 43, 48], "summary": {"covered_lines": 10, "num_statements": 20, "percent_covered": 50.0, "percent_covered_display": "50", "missing_lines": 10, "excluded_lines": 0}, "missing_lines": [14, 15, 20, 21, 26, 31, 36, 41, 46, 51], "excluded_lines": [], "functions": {"AaveAdapter.__init__": {"executed_lines": [], "summary": {"covered_lines": 0, "num_statements": 2, "percent_covered": 0.0, "percent_covered_display": "0", "missing_lines": 2, "excluded_lines": 0}, "missing_lines": [14, 15], "excluded_lines": []}, "AaveAdapter.initialize": {"executed_lines": [], "summary": {"covered_lines": 0, "num_statements": 2, "percent_covered": 0.0, "percent_covered_display": "0", "missing_lines": 2, "excluded_lines": 0}, "missing_lines": [20, 21], "excluded_lines": []}, "AaveAdapter.get_supply_balance": {"executed_lines": [], "summary": {"covered_lines": 0, "num_statements": 1, "percent_covered": 0.0, "percent_covered_display": "0", "missing_lines": 1, "excluded_lines": 0}, "missing_lines": [26], "excluded_lines": []}, "AaveAdapter.get_borrow_balance": {"executed_lines": [], "summary": {"covered_lines": 0, "num_statements": 1, "percent_covered": 0.0, "percent_covered_display": "0", "missing_lines": 1, "excluded_lines": 0}, "missing_lines": [31], "excluded_lines": []}, "AaveAdapter.supply": {"executed_lines": [], "summary": {"covered_lines": 0, "num_statements": 1, "percent_covered": 0.0, "percent_covered_display": "0", "missing_lines": 1, "excluded_lines": 0}, "missing_lines": [36], "excluded_lines": []}, "AaveAdapter.withdraw": {"executed_lines": [], "summary": {"covered_lines": 0, "num_statements": 1, "percent_covered": 0.0, "percent_covered_display": "0", "missing_lines": 1, "excluded_lines": 0}, "missing_lines": [41], "excluded_lines": []}, "AaveAdapter.borrow": {"executed_lines": [], "summary": {"covered_lines": 0, "num_statements": 1, "percent_covered": 0.0, "percent_covered_display": "0", "missing_lines": 1, "excluded_lines": 0}, "missing_lines": [46], "excluded_lines": []}, "AaveAdapter.repay": {"executed_lines": [], "summary": {"covered_lines": 0, "num_statements": 1, "percent_covered": 0.0, "percent_covered_display": "0", "missing_lines": 1, "excluded_lines": 0}, "missing_lines": [51], "excluded_lines": []}, "": {"executed_lines": [1, 6, 9, 10, 12, 17, 23, 28, 33, 38, 43, 48], "summary": {"covered_lines": 10, "num_statements": 10, "percent_covered": 100.0, "percent_covered_display": "100", "missing_lines": 0, "excluded_lines": 0}, "missing_lines": [], "excluded_lines": []}}, "classes": {"AaveAdapter": {"executed_lines": [], "summary": {"covered_lines": 0, "num_statements": 10, "percent_covered": 0.0, "percent_covered_display": "0", "missing_lines": 10, "excluded_lines": 0}, "missing_lines": [14, 15, 20, 21, 26, 31, 36, 41, 46, 51], "excluded_lines": []}, "": {"executed_lines": [1, 6, 9, 10, 12, 17, 23, 28, 33, 38, 43, 48], "summary": {"covered_lines": 10, "num_statements": 10, "percent_covered": 100.0, "percent_covered_display": "100", "missing_lines": 0, "excluded_lines": 0}, "missing_lines": [], "excluded_lines": []}}}, "backend/src/basis_strategy_v1/venue_adapters/morpho_adapter.py": {"executed_lines": [1, 6, 9, 10, 12, 17, 23, 28, 33, 38, 43, 48], "summary": {"covered_lines": 10, "num_statements": 20, "percent_covered": 50.0, "percent_covered_display": "50", "missing_lines": 10, "excluded_lines": 0}, "missing_lines": [14, 15, 20, 21, 26, 31, 36, 41, 46, 51], "excluded_lines": [], "functions": {"MorphoAdapter.__init__": {"executed_lines": [], "summary": {"covered_lines": 0, "num_statements": 2, "percent_covered": 0.0, "percent_covered_display": "0", "missing_lines": 2, "excluded_lines": 0}, "missing_lines": [14, 15], "excluded_lines": []}, "MorphoAdapter.initialize": {"executed_lines": [], "summary": {"covered_lines": 0, "num_statements": 2, "percent_covered": 0.0, "percent_covered_display": "0", "missing_lines": 2, "excluded_lines": 0}, "missing_lines": [20, 21], "excluded_lines": []}, "MorphoAdapter.get_supply_balance": {"executed_lines": [], "summary": {"covered_lines": 0, "num_statements": 1, "percent_covered": 0.0, "percent_covered_display": "0", "missing_lines": 1, "excluded_lines": 0}, "missing_lines": [26], "excluded_lines": []}, "MorphoAdapter.get_borrow_balance": {"executed_lines": [], "summary": {"covered_lines": 0, "num_statements": 1, "percent_covered": 0.0, "percent_covered_display": "0", "missing_lines": 1, "excluded_lines": 0}, "missing_lines": [31], "excluded_lines": []}, "MorphoAdapter.supply": {"executed_lines": [], "summary": {"covered_lines": 0, "num_statements": 1, "percent_covered": 0.0, "percent_covered_display": "0", "missing_lines": 1, "excluded_lines": 0}, "missing_lines": [36], "excluded_lines": []}, "MorphoAdapter.withdraw": {"executed_lines": [], "summary": {"covered_lines": 0, "num_statements": 1, "percent_covered": 0.0, "percent_covered_display": "0", "missing_lines": 1, "excluded_lines": 0}, "missing_lines": [41], "excluded_lines": []}, "MorphoAdapter.borrow": {"executed_lines": [], "summary": {"covered_lines": 0, "num_statements": 1, "percent_covered": 0.0, "percent_covered_display": "0", "missing_lines": 1, "excluded_lines": 0}, "missing_lines": [46], "excluded_lines": []}, "MorphoAdapter.repay": {"executed_lines": [], "summary": {"covered_lines": 0, "num_statements": 1, "percent_covered": 0.0, "percent_covered_display": "0", "missing_lines": 1, "excluded_lines": 0}, "missing_lines": [51], "excluded_lines": []}, "": {"executed_lines": [1, 6, 9, 10, 12, 17, 23, 28, 33, 38, 43, 48], "summary": {"covered_lines": 10, "num_statements": 10, "percent_covered": 100.0, "percent_covered_display": "100", "missing_lines": 0, "excluded_lines": 0}, "missing_lines": [], "excluded_lines": []}}, "classes": {"MorphoAdapter": {"executed_lines": [], "summary": {"covered_lines": 0, "num_statements": 10, "percent_covered": 0.0, "percent_covered_display": "0", "missing_lines": 10, "excluded_lines": 0}, "missing_lines": [14, 15, 20, 21, 26, 31, 36, 41, 46, 51], "excluded_lines": []}, "": {"executed_lines": [1, 6, 9, 10, 12, 17, 23, 28, 33, 38, 43, 48], "summary": {"covered_lines": 10, "num_statements": 10, "percent_covered": 100.0, "percent_covered_display": "100", "missing_lines": 0, "excluded_lines": 0}, "missing_lines": [], "excluded_lines": []}}}}, "totals": {"covered_lines": 1909, "num_statements": 13308, "percent_covered": 14.344755034565674, "percent_covered_display": "14", "missing_lines": 11399, "excluded_lines": 0}}